[0.128s] DEBUG:colcon:Command line arguments: ['/usr/bin/colcon', 'build', '--symlink-install']
[0.128s] DEBUG:colcon:Parsed command line arguments: Namespace(log_base=None, log_level=None, verb_name='build', build_base='build', install_base='install', merge_install=False, symlink_install=True, test_result_base=None, continue_on_error=False, executor='parallel', parallel_workers=8, event_handlers=None, ignore_user_meta=False, metas=['./colcon.meta'], base_paths=['.'], packages_ignore=None, packages_ignore_regex=None, paths=None, packages_up_to=None, packages_up_to_regex=None, packages_above=None, packages_above_and_dependencies=None, packages_above_depth=None, packages_select_by_dep=None, packages_skip_by_dep=None, packages_skip_up_to=None, packages_select_build_failed=False, packages_skip_build_finished=False, packages_select_test_failures=False, packages_skip_test_passed=False, packages_select=None, packages_skip=None, packages_select_regex=None, packages_skip_regex=None, packages_start=None, packages_end=None, allow_overriding=[], cmake_args=None, cmake_target=None, cmake_target_skip_unavailable=False, cmake_clean_cache=False, cmake_clean_first=False, cmake_force_configure=False, ament_cmake_args=None, catkin_cmake_args=None, catkin_skip_building_tests=False, mixin_files=None, mixin=None, verb_parser=<colcon_mixin.mixin.mixin_argument.MixinArgumentDecorator object at 0x706a95da4310>, verb_extension=<colcon_core.verb.build.BuildVerb object at 0x706a95d6fd60>, main=<bound method BuildVerb.main of <colcon_core.verb.build.BuildVerb object at 0x706a95d6fd60>>, mixin_verb=('build',))
[0.357s] Level 1:colcon.colcon_core.package_discovery:discover_packages(colcon_meta) check parameters
[0.357s] Level 1:colcon.colcon_core.package_discovery:discover_packages(recursive) check parameters
[0.357s] Level 1:colcon.colcon_core.package_discovery:discover_packages(ignore) check parameters
[0.357s] Level 1:colcon.colcon_core.package_discovery:discover_packages(path) check parameters
[0.357s] Level 1:colcon.colcon_core.package_discovery:discover_packages(colcon_meta) discover
[0.357s] Level 1:colcon.colcon_core.package_discovery:discover_packages(recursive) discover
[0.357s] INFO:colcon.colcon_core.package_discovery:Crawling recursively for packages in '/home/nero/braccio_ws_fresh'
[0.357s] Level 1:colcon.colcon_core.package_identification:_identify(.) by extensions ['ignore', 'ignore_ament_install']
[0.358s] Level 1:colcon.colcon_core.package_identification:_identify(.) by extension 'ignore'
[0.358s] Level 1:colcon.colcon_core.package_identification:_identify(.) by extension 'ignore_ament_install'
[0.358s] Level 1:colcon.colcon_core.package_identification:_identify(.) by extensions ['colcon_pkg']
[0.358s] Level 1:colcon.colcon_core.package_identification:_identify(.) by extension 'colcon_pkg'
[0.358s] Level 1:colcon.colcon_core.package_identification:_identify(.) by extensions ['colcon_meta']
[0.358s] Level 1:colcon.colcon_core.package_identification:_identify(.) by extension 'colcon_meta'
[0.358s] Level 1:colcon.colcon_core.package_identification:_identify(.) by extensions ['ros']
[0.358s] Level 1:colcon.colcon_core.package_identification:_identify(.) by extension 'ros'
[0.382s] Level 1:colcon.colcon_core.package_identification:_identify(.) by extensions ['cmake', 'python']
[0.383s] Level 1:colcon.colcon_core.package_identification:_identify(.) by extension 'cmake'
[0.383s] Level 1:colcon.colcon_core.package_identification:_identify(.) by extension 'python'
[0.383s] Level 1:colcon.colcon_core.package_identification:_identify(.) by extensions ['python_setup_py']
[0.383s] Level 1:colcon.colcon_core.package_identification:_identify(.) by extension 'python_setup_py'
[0.383s] Level 1:colcon.colcon_core.package_identification:_identify(build) by extensions ['ignore', 'ignore_ament_install']
[0.383s] Level 1:colcon.colcon_core.package_identification:_identify(build) by extension 'ignore'
[0.383s] Level 1:colcon.colcon_core.package_identification:_identify(build) ignored
[0.383s] Level 1:colcon.colcon_core.package_identification:_identify(install) by extensions ['ignore', 'ignore_ament_install']
[0.384s] Level 1:colcon.colcon_core.package_identification:_identify(install) by extension 'ignore'
[0.384s] Level 1:colcon.colcon_core.package_identification:_identify(install) ignored
[0.384s] Level 1:colcon.colcon_core.package_identification:_identify(log) by extensions ['ignore', 'ignore_ament_install']
[0.384s] Level 1:colcon.colcon_core.package_identification:_identify(log) by extension 'ignore'
[0.384s] Level 1:colcon.colcon_core.package_identification:_identify(log) ignored
[0.384s] Level 1:colcon.colcon_core.package_identification:_identify(src) by extensions ['ignore', 'ignore_ament_install']
[0.384s] Level 1:colcon.colcon_core.package_identification:_identify(src) by extension 'ignore'
[0.384s] Level 1:colcon.colcon_core.package_identification:_identify(src) by extension 'ignore_ament_install'
[0.384s] Level 1:colcon.colcon_core.package_identification:_identify(src) by extensions ['colcon_pkg']
[0.384s] Level 1:colcon.colcon_core.package_identification:_identify(src) by extension 'colcon_pkg'
[0.384s] Level 1:colcon.colcon_core.package_identification:_identify(src) by extensions ['colcon_meta']
[0.385s] Level 1:colcon.colcon_core.package_identification:_identify(src) by extension 'colcon_meta'
[0.385s] Level 1:colcon.colcon_core.package_identification:_identify(src) by extensions ['ros']
[0.385s] Level 1:colcon.colcon_core.package_identification:_identify(src) by extension 'ros'
[0.385s] Level 1:colcon.colcon_core.package_identification:_identify(src) by extensions ['cmake', 'python']
[0.385s] Level 1:colcon.colcon_core.package_identification:_identify(src) by extension 'cmake'
[0.385s] Level 1:colcon.colcon_core.package_identification:_identify(src) by extension 'python'
[0.385s] Level 1:colcon.colcon_core.package_identification:_identify(src) by extensions ['python_setup_py']
[0.385s] Level 1:colcon.colcon_core.package_identification:_identify(src) by extension 'python_setup_py'
[0.385s] Level 1:colcon.colcon_core.package_identification:_identify(src/braccio_description) by extensions ['ignore', 'ignore_ament_install']
[0.385s] Level 1:colcon.colcon_core.package_identification:_identify(src/braccio_description) by extension 'ignore'
[0.385s] Level 1:colcon.colcon_core.package_identification:_identify(src/braccio_description) by extension 'ignore_ament_install'
[0.385s] Level 1:colcon.colcon_core.package_identification:_identify(src/braccio_description) by extensions ['colcon_pkg']
[0.386s] Level 1:colcon.colcon_core.package_identification:_identify(src/braccio_description) by extension 'colcon_pkg'
[0.386s] Level 1:colcon.colcon_core.package_identification:_identify(src/braccio_description) by extensions ['colcon_meta']
[0.386s] Level 1:colcon.colcon_core.package_identification:_identify(src/braccio_description) by extension 'colcon_meta'
[0.386s] Level 1:colcon.colcon_core.package_identification:_identify(src/braccio_description) by extensions ['ros']
[0.386s] Level 1:colcon.colcon_core.package_identification:_identify(src/braccio_description) by extension 'ros'
[0.388s] DEBUG:colcon.colcon_core.package_identification:Package 'src/braccio_description' with type 'ros.ament_cmake' and name 'braccio_description'
[0.389s] Level 1:colcon.colcon_core.package_identification:_identify(src/braccio_hardware_interface) by extensions ['ignore', 'ignore_ament_install']
[0.389s] Level 1:colcon.colcon_core.package_identification:_identify(src/braccio_hardware_interface) by extension 'ignore'
[0.389s] Level 1:colcon.colcon_core.package_identification:_identify(src/braccio_hardware_interface) by extension 'ignore_ament_install'
[0.389s] Level 1:colcon.colcon_core.package_identification:_identify(src/braccio_hardware_interface) by extensions ['colcon_pkg']
[0.389s] Level 1:colcon.colcon_core.package_identification:_identify(src/braccio_hardware_interface) by extension 'colcon_pkg'
[0.389s] Level 1:colcon.colcon_core.package_identification:_identify(src/braccio_hardware_interface) by extensions ['colcon_meta']
[0.389s] Level 1:colcon.colcon_core.package_identification:_identify(src/braccio_hardware_interface) by extension 'colcon_meta'
[0.389s] Level 1:colcon.colcon_core.package_identification:_identify(src/braccio_hardware_interface) by extensions ['ros']
[0.389s] Level 1:colcon.colcon_core.package_identification:_identify(src/braccio_hardware_interface) by extension 'ros'
[0.390s] DEBUG:colcon.colcon_core.package_identification:Package 'src/braccio_hardware_interface' with type 'ros.ament_python' and name 'braccio_hardware_interface'
[0.391s] Level 1:colcon.colcon_core.package_identification:_identify(src/braccio_moveit_config_fresh) by extensions ['ignore', 'ignore_ament_install']
[0.391s] Level 1:colcon.colcon_core.package_identification:_identify(src/braccio_moveit_config_fresh) by extension 'ignore'
[0.391s] Level 1:colcon.colcon_core.package_identification:_identify(src/braccio_moveit_config_fresh) by extension 'ignore_ament_install'
[0.391s] Level 1:colcon.colcon_core.package_identification:_identify(src/braccio_moveit_config_fresh) by extensions ['colcon_pkg']
[0.391s] Level 1:colcon.colcon_core.package_identification:_identify(src/braccio_moveit_config_fresh) by extension 'colcon_pkg'
[0.391s] Level 1:colcon.colcon_core.package_identification:_identify(src/braccio_moveit_config_fresh) by extensions ['colcon_meta']
[0.391s] Level 1:colcon.colcon_core.package_identification:_identify(src/braccio_moveit_config_fresh) by extension 'colcon_meta'
[0.391s] Level 1:colcon.colcon_core.package_identification:_identify(src/braccio_moveit_config_fresh) by extensions ['ros']
[0.391s] Level 1:colcon.colcon_core.package_identification:_identify(src/braccio_moveit_config_fresh) by extension 'ros'
[0.392s] DEBUG:colcon.colcon_core.package_identification:Package 'src/braccio_moveit_config_fresh' with type 'ros.ament_cmake' and name 'braccio_moveit_config_fresh'
[0.392s] Level 1:colcon.colcon_core.package_discovery:discover_packages(recursive) using defaults
[0.393s] Level 1:colcon.colcon_core.package_discovery:discover_packages(ignore) discover
[0.393s] Level 1:colcon.colcon_core.package_discovery:discover_packages(ignore) using defaults
[0.393s] Level 1:colcon.colcon_core.package_discovery:discover_packages(path) discover
[0.393s] Level 1:colcon.colcon_core.package_discovery:discover_packages(path) using defaults
[0.415s] Level 1:colcon.colcon_core.package_discovery:discover_packages(prefix_path) check parameters
[0.415s] Level 1:colcon.colcon_core.package_discovery:discover_packages(prefix_path) discover
[0.417s] DEBUG:colcon.colcon_installed_package_information.package_discovery:Found 3 installed packages in /home/nero/braccio_ws_fresh/install
[0.418s] DEBUG:colcon.colcon_installed_package_information.package_discovery:Found 364 installed packages in /opt/ros/humble
[0.421s] Level 1:colcon.colcon_core.package_discovery:discover_packages(prefix_path) using defaults
[0.469s] Level 5:colcon.colcon_core.verb:set package 'braccio_description' build argument 'cmake_args' from command line to 'None'
[0.469s] Level 5:colcon.colcon_core.verb:set package 'braccio_description' build argument 'cmake_target' from command line to 'None'
[0.469s] Level 5:colcon.colcon_core.verb:set package 'braccio_description' build argument 'cmake_target_skip_unavailable' from command line to 'False'
[0.469s] Level 5:colcon.colcon_core.verb:set package 'braccio_description' build argument 'cmake_clean_cache' from command line to 'False'
[0.469s] Level 5:colcon.colcon_core.verb:set package 'braccio_description' build argument 'cmake_clean_first' from command line to 'False'
[0.469s] Level 5:colcon.colcon_core.verb:set package 'braccio_description' build argument 'cmake_force_configure' from command line to 'False'
[0.469s] Level 5:colcon.colcon_core.verb:set package 'braccio_description' build argument 'ament_cmake_args' from command line to 'None'
[0.469s] Level 5:colcon.colcon_core.verb:set package 'braccio_description' build argument 'catkin_cmake_args' from command line to 'None'
[0.469s] Level 5:colcon.colcon_core.verb:set package 'braccio_description' build argument 'catkin_skip_building_tests' from command line to 'False'
[0.469s] DEBUG:colcon.colcon_core.verb:Building package 'braccio_description' with the following arguments: {'ament_cmake_args': None, 'build_base': '/home/nero/braccio_ws_fresh/build/braccio_description', 'catkin_cmake_args': None, 'catkin_skip_building_tests': False, 'cmake_args': None, 'cmake_clean_cache': False, 'cmake_clean_first': False, 'cmake_force_configure': False, 'cmake_target': None, 'cmake_target_skip_unavailable': False, 'install_base': '/home/nero/braccio_ws_fresh/install/braccio_description', 'merge_install': False, 'path': '/home/nero/braccio_ws_fresh/src/braccio_description', 'symlink_install': True, 'test_result_base': None}
[0.470s] Level 5:colcon.colcon_core.verb:set package 'braccio_hardware_interface' build argument 'cmake_args' from command line to 'None'
[0.470s] Level 5:colcon.colcon_core.verb:set package 'braccio_hardware_interface' build argument 'cmake_target' from command line to 'None'
[0.470s] Level 5:colcon.colcon_core.verb:set package 'braccio_hardware_interface' build argument 'cmake_target_skip_unavailable' from command line to 'False'
[0.470s] Level 5:colcon.colcon_core.verb:set package 'braccio_hardware_interface' build argument 'cmake_clean_cache' from command line to 'False'
[0.470s] Level 5:colcon.colcon_core.verb:set package 'braccio_hardware_interface' build argument 'cmake_clean_first' from command line to 'False'
[0.470s] Level 5:colcon.colcon_core.verb:set package 'braccio_hardware_interface' build argument 'cmake_force_configure' from command line to 'False'
[0.470s] Level 5:colcon.colcon_core.verb:set package 'braccio_hardware_interface' build argument 'ament_cmake_args' from command line to 'None'
[0.470s] Level 5:colcon.colcon_core.verb:set package 'braccio_hardware_interface' build argument 'catkin_cmake_args' from command line to 'None'
[0.470s] Level 5:colcon.colcon_core.verb:set package 'braccio_hardware_interface' build argument 'catkin_skip_building_tests' from command line to 'False'
[0.470s] DEBUG:colcon.colcon_core.verb:Building package 'braccio_hardware_interface' with the following arguments: {'ament_cmake_args': None, 'build_base': '/home/nero/braccio_ws_fresh/build/braccio_hardware_interface', 'catkin_cmake_args': None, 'catkin_skip_building_tests': False, 'cmake_args': None, 'cmake_clean_cache': False, 'cmake_clean_first': False, 'cmake_force_configure': False, 'cmake_target': None, 'cmake_target_skip_unavailable': False, 'install_base': '/home/nero/braccio_ws_fresh/install/braccio_hardware_interface', 'merge_install': False, 'path': '/home/nero/braccio_ws_fresh/src/braccio_hardware_interface', 'symlink_install': True, 'test_result_base': None}
[0.471s] Level 5:colcon.colcon_core.verb:set package 'braccio_moveit_config_fresh' build argument 'cmake_args' from command line to 'None'
[0.471s] Level 5:colcon.colcon_core.verb:set package 'braccio_moveit_config_fresh' build argument 'cmake_target' from command line to 'None'
[0.471s] Level 5:colcon.colcon_core.verb:set package 'braccio_moveit_config_fresh' build argument 'cmake_target_skip_unavailable' from command line to 'False'
[0.471s] Level 5:colcon.colcon_core.verb:set package 'braccio_moveit_config_fresh' build argument 'cmake_clean_cache' from command line to 'False'
[0.471s] Level 5:colcon.colcon_core.verb:set package 'braccio_moveit_config_fresh' build argument 'cmake_clean_first' from command line to 'False'
[0.471s] Level 5:colcon.colcon_core.verb:set package 'braccio_moveit_config_fresh' build argument 'cmake_force_configure' from command line to 'False'
[0.471s] Level 5:colcon.colcon_core.verb:set package 'braccio_moveit_config_fresh' build argument 'ament_cmake_args' from command line to 'None'
[0.471s] Level 5:colcon.colcon_core.verb:set package 'braccio_moveit_config_fresh' build argument 'catkin_cmake_args' from command line to 'None'
[0.471s] Level 5:colcon.colcon_core.verb:set package 'braccio_moveit_config_fresh' build argument 'catkin_skip_building_tests' from command line to 'False'
[0.471s] DEBUG:colcon.colcon_core.verb:Building package 'braccio_moveit_config_fresh' with the following arguments: {'ament_cmake_args': None, 'build_base': '/home/nero/braccio_ws_fresh/build/braccio_moveit_config_fresh', 'catkin_cmake_args': None, 'catkin_skip_building_tests': False, 'cmake_args': None, 'cmake_clean_cache': False, 'cmake_clean_first': False, 'cmake_force_configure': False, 'cmake_target': None, 'cmake_target_skip_unavailable': False, 'install_base': '/home/nero/braccio_ws_fresh/install/braccio_moveit_config_fresh', 'merge_install': False, 'path': '/home/nero/braccio_ws_fresh/src/braccio_moveit_config_fresh', 'symlink_install': True, 'test_result_base': None}
[0.471s] INFO:colcon.colcon_core.executor:Executing jobs using 'parallel' executor
[0.472s] DEBUG:colcon.colcon_parallel_executor.executor.parallel:run_until_complete
[0.473s] INFO:colcon.colcon_ros.task.ament_cmake.build:Building ROS package in '/home/nero/braccio_ws_fresh/src/braccio_description' with build type 'ament_cmake'
[0.473s] INFO:colcon.colcon_cmake.task.cmake.build:Building CMake package in '/home/nero/braccio_ws_fresh/src/braccio_description'
[0.475s] INFO:colcon.colcon_core.plugin_system:Skipping extension 'colcon_core.shell.bat': Not used on non-Windows systems
[0.475s] INFO:colcon.colcon_core.shell:Skip shell extension 'powershell' for command environment: Not usable outside of PowerShell
[0.475s] DEBUG:colcon.colcon_core.shell:Skip shell extension 'dsv' for command environment
[0.480s] INFO:colcon.colcon_ros.task.ament_python.build:Building ROS package in '/home/nero/braccio_ws_fresh/src/braccio_hardware_interface' with build type 'ament_python'
[0.480s] Level 1:colcon.colcon_core.shell:create_environment_hook('braccio_hardware_interface', 'ament_prefix_path')
[0.480s] INFO:colcon.colcon_core.shell:Creating environment hook '/home/nero/braccio_ws_fresh/install/braccio_hardware_interface/share/braccio_hardware_interface/hook/ament_prefix_path.ps1'
[0.481s] INFO:colcon.colcon_core.shell:Creating environment descriptor '/home/nero/braccio_ws_fresh/install/braccio_hardware_interface/share/braccio_hardware_interface/hook/ament_prefix_path.dsv'
[0.482s] INFO:colcon.colcon_core.shell:Creating environment hook '/home/nero/braccio_ws_fresh/install/braccio_hardware_interface/share/braccio_hardware_interface/hook/ament_prefix_path.sh'
[0.483s] INFO:colcon.colcon_core.shell:Skip shell extension 'powershell' for command environment: Not usable outside of PowerShell
[0.483s] DEBUG:colcon.colcon_core.shell:Skip shell extension 'dsv' for command environment
[0.497s] DEBUG:colcon.colcon_core.event_handler.log_command:Invoking command in '/home/nero/braccio_ws_fresh/build/braccio_description': CMAKE_PREFIX_PATH=${CMAKE_PREFIX_PATH}:/opt/ros/humble:/home/nero/braccio_ws_fresh/install/braccio_hardware_interface VIRTUAL_ENV_PROMPT=(cor_venv) /usr/bin/cmake --build /home/nero/braccio_ws_fresh/build/braccio_description -- -j8 -l8
[0.858s] INFO:colcon.colcon_core.task.python.build:Building Python package in '/home/nero/braccio_ws_fresh/src/braccio_hardware_interface'
[0.858s] INFO:colcon.colcon_core.shell:Skip shell extension 'powershell' for command environment: Not usable outside of PowerShell
[0.858s] DEBUG:colcon.colcon_core.shell:Skip shell extension 'dsv' for command environment
[0.863s] DEBUG:colcon.colcon_core.event_handler.log_command:Invoked command in '/home/nero/braccio_ws_fresh/build/braccio_description' returned '0': CMAKE_PREFIX_PATH=${CMAKE_PREFIX_PATH}:/opt/ros/humble:/home/nero/braccio_ws_fresh/install/braccio_hardware_interface VIRTUAL_ENV_PROMPT=(cor_venv) /usr/bin/cmake --build /home/nero/braccio_ws_fresh/build/braccio_description -- -j8 -l8
[0.871s] DEBUG:colcon.colcon_core.event_handler.log_command:Invoking command in '/home/nero/braccio_ws_fresh/build/braccio_description': CMAKE_PREFIX_PATH=${CMAKE_PREFIX_PATH}:/opt/ros/humble:/home/nero/braccio_ws_fresh/install/braccio_hardware_interface VIRTUAL_ENV_PROMPT=(cor_venv) /usr/bin/cmake --install /home/nero/braccio_ws_fresh/build/braccio_description
[0.907s] Level 1:colcon.colcon_core.environment:create_environment_scripts_only(braccio_description)
[0.908s] DEBUG:colcon.colcon_core.event_handler.log_command:Invoked command in '/home/nero/braccio_ws_fresh/build/braccio_description' returned '0': CMAKE_PREFIX_PATH=${CMAKE_PREFIX_PATH}:/opt/ros/humble:/home/nero/braccio_ws_fresh/install/braccio_hardware_interface VIRTUAL_ENV_PROMPT=(cor_venv) /usr/bin/cmake --install /home/nero/braccio_ws_fresh/build/braccio_description
[0.911s] Level 1:colcon.colcon_core.environment:checking '/home/nero/braccio_ws_fresh/install/braccio_description' for CMake module files
[0.911s] Level 1:colcon.colcon_core.environment:checking '/home/nero/braccio_ws_fresh/install/braccio_description' for CMake config files
[0.911s] Level 1:colcon.colcon_core.shell:create_environment_hook('braccio_description', 'cmake_prefix_path')
[0.912s] INFO:colcon.colcon_core.shell:Creating environment hook '/home/nero/braccio_ws_fresh/install/braccio_description/share/braccio_description/hook/cmake_prefix_path.ps1'
[0.912s] INFO:colcon.colcon_core.shell:Creating environment descriptor '/home/nero/braccio_ws_fresh/install/braccio_description/share/braccio_description/hook/cmake_prefix_path.dsv'
[0.913s] INFO:colcon.colcon_core.shell:Creating environment hook '/home/nero/braccio_ws_fresh/install/braccio_description/share/braccio_description/hook/cmake_prefix_path.sh'
[0.913s] Level 1:colcon.colcon_core.environment:checking '/home/nero/braccio_ws_fresh/install/braccio_description/bin'
[0.914s] Level 1:colcon.colcon_core.environment:checking '/home/nero/braccio_ws_fresh/install/braccio_description/lib/pkgconfig/braccio_description.pc'
[0.914s] Level 1:colcon.colcon_core.environment:checking '/home/nero/braccio_ws_fresh/install/braccio_description/lib/python3.10/site-packages'
[0.914s] Level 1:colcon.colcon_core.environment:checking '/home/nero/braccio_ws_fresh/install/braccio_description/bin'
[0.914s] INFO:colcon.colcon_core.shell:Creating package script '/home/nero/braccio_ws_fresh/install/braccio_description/share/braccio_description/package.ps1'
[0.916s] INFO:colcon.colcon_core.shell:Creating package descriptor '/home/nero/braccio_ws_fresh/install/braccio_description/share/braccio_description/package.dsv'
[0.917s] INFO:colcon.colcon_core.shell:Creating package script '/home/nero/braccio_ws_fresh/install/braccio_description/share/braccio_description/package.sh'
[0.918s] INFO:colcon.colcon_core.shell:Creating package script '/home/nero/braccio_ws_fresh/install/braccio_description/share/braccio_description/package.bash'
[0.919s] INFO:colcon.colcon_core.shell:Creating package script '/home/nero/braccio_ws_fresh/install/braccio_description/share/braccio_description/package.zsh'
[0.920s] Level 1:colcon.colcon_core.environment:create_file_with_runtime_dependencies(/home/nero/braccio_ws_fresh/install/braccio_description/share/colcon-core/packages/braccio_description)
[0.921s] Level 1:colcon.colcon_core.environment:create_environment_scripts_only(braccio_description)
[0.921s] Level 1:colcon.colcon_core.environment:checking '/home/nero/braccio_ws_fresh/install/braccio_description' for CMake module files
[0.922s] Level 1:colcon.colcon_core.environment:checking '/home/nero/braccio_ws_fresh/install/braccio_description' for CMake config files
[0.922s] Level 1:colcon.colcon_core.shell:create_environment_hook('braccio_description', 'cmake_prefix_path')
[0.922s] INFO:colcon.colcon_core.shell:Creating environment hook '/home/nero/braccio_ws_fresh/install/braccio_description/share/braccio_description/hook/cmake_prefix_path.ps1'
[0.923s] INFO:colcon.colcon_core.shell:Creating environment descriptor '/home/nero/braccio_ws_fresh/install/braccio_description/share/braccio_description/hook/cmake_prefix_path.dsv'
[0.923s] INFO:colcon.colcon_core.shell:Creating environment hook '/home/nero/braccio_ws_fresh/install/braccio_description/share/braccio_description/hook/cmake_prefix_path.sh'
[0.924s] Level 1:colcon.colcon_core.environment:checking '/home/nero/braccio_ws_fresh/install/braccio_description/bin'
[0.924s] Level 1:colcon.colcon_core.environment:checking '/home/nero/braccio_ws_fresh/install/braccio_description/lib/pkgconfig/braccio_description.pc'
[0.924s] Level 1:colcon.colcon_core.environment:checking '/home/nero/braccio_ws_fresh/install/braccio_description/lib/python3.10/site-packages'
[0.925s] Level 1:colcon.colcon_core.environment:checking '/home/nero/braccio_ws_fresh/install/braccio_description/bin'
[0.925s] INFO:colcon.colcon_core.shell:Creating package script '/home/nero/braccio_ws_fresh/install/braccio_description/share/braccio_description/package.ps1'
[0.926s] INFO:colcon.colcon_core.shell:Creating package descriptor '/home/nero/braccio_ws_fresh/install/braccio_description/share/braccio_description/package.dsv'
[0.927s] INFO:colcon.colcon_core.shell:Creating package script '/home/nero/braccio_ws_fresh/install/braccio_description/share/braccio_description/package.sh'
[0.927s] INFO:colcon.colcon_core.shell:Creating package script '/home/nero/braccio_ws_fresh/install/braccio_description/share/braccio_description/package.bash'
[0.928s] INFO:colcon.colcon_core.shell:Creating package script '/home/nero/braccio_ws_fresh/install/braccio_description/share/braccio_description/package.zsh'
[0.928s] Level 1:colcon.colcon_core.environment:create_file_with_runtime_dependencies(/home/nero/braccio_ws_fresh/install/braccio_description/share/colcon-core/packages/braccio_description)
[0.929s] INFO:colcon.colcon_ros.task.ament_cmake.build:Building ROS package in '/home/nero/braccio_ws_fresh/src/braccio_moveit_config_fresh' with build type 'ament_cmake'
[0.929s] INFO:colcon.colcon_cmake.task.cmake.build:Building CMake package in '/home/nero/braccio_ws_fresh/src/braccio_moveit_config_fresh'
[0.929s] INFO:colcon.colcon_core.shell:Skip shell extension 'powershell' for command environment: Not usable outside of PowerShell
[0.930s] DEBUG:colcon.colcon_core.shell:Skip shell extension 'dsv' for command environment
[0.940s] DEBUG:colcon.colcon_core.event_handler.log_command:Invoking command in '/home/nero/braccio_ws_fresh/build/braccio_moveit_config_fresh': CMAKE_PREFIX_PATH=/home/nero/braccio_ws_fresh/install/braccio_description:/home/nero/braccio_ws_fresh/install/braccio_moveit_config_fresh:/opt/ros/humble:/home/nero/braccio_ws_fresh/install/braccio_hardware_interface VIRTUAL_ENV_PROMPT=(cor_venv) /usr/bin/cmake --build /home/nero/braccio_ws_fresh/build/braccio_moveit_config_fresh -- -j8 -l8
[0.989s] DEBUG:colcon.colcon_core.event_handler.log_command:Invoked command in '/home/nero/braccio_ws_fresh/build/braccio_moveit_config_fresh' returned '0': CMAKE_PREFIX_PATH=/home/nero/braccio_ws_fresh/install/braccio_description:/home/nero/braccio_ws_fresh/install/braccio_moveit_config_fresh:/opt/ros/humble:/home/nero/braccio_ws_fresh/install/braccio_hardware_interface VIRTUAL_ENV_PROMPT=(cor_venv) /usr/bin/cmake --build /home/nero/braccio_ws_fresh/build/braccio_moveit_config_fresh -- -j8 -l8
[0.993s] DEBUG:colcon.colcon_core.event_handler.log_command:Invoking command in '/home/nero/braccio_ws_fresh/build/braccio_moveit_config_fresh': CMAKE_PREFIX_PATH=/home/nero/braccio_ws_fresh/install/braccio_description:/home/nero/braccio_ws_fresh/install/braccio_moveit_config_fresh:/opt/ros/humble:/home/nero/braccio_ws_fresh/install/braccio_hardware_interface VIRTUAL_ENV_PROMPT=(cor_venv) /usr/bin/cmake --install /home/nero/braccio_ws_fresh/build/braccio_moveit_config_fresh
[1.022s] Level 1:colcon.colcon_core.environment:create_environment_scripts_only(braccio_moveit_config_fresh)
[1.023s] Level 1:colcon.colcon_core.environment:checking '/home/nero/braccio_ws_fresh/install/braccio_moveit_config_fresh' for CMake module files
[1.024s] DEBUG:colcon.colcon_core.event_handler.log_command:Invoked command in '/home/nero/braccio_ws_fresh/build/braccio_moveit_config_fresh' returned '0': CMAKE_PREFIX_PATH=/home/nero/braccio_ws_fresh/install/braccio_description:/home/nero/braccio_ws_fresh/install/braccio_moveit_config_fresh:/opt/ros/humble:/home/nero/braccio_ws_fresh/install/braccio_hardware_interface VIRTUAL_ENV_PROMPT=(cor_venv) /usr/bin/cmake --install /home/nero/braccio_ws_fresh/build/braccio_moveit_config_fresh
[1.024s] Level 1:colcon.colcon_core.environment:checking '/home/nero/braccio_ws_fresh/install/braccio_moveit_config_fresh' for CMake config files
[1.025s] Level 1:colcon.colcon_core.shell:create_environment_hook('braccio_moveit_config_fresh', 'cmake_prefix_path')
[1.025s] INFO:colcon.colcon_core.shell:Creating environment hook '/home/nero/braccio_ws_fresh/install/braccio_moveit_config_fresh/share/braccio_moveit_config_fresh/hook/cmake_prefix_path.ps1'
[1.026s] INFO:colcon.colcon_core.shell:Creating environment descriptor '/home/nero/braccio_ws_fresh/install/braccio_moveit_config_fresh/share/braccio_moveit_config_fresh/hook/cmake_prefix_path.dsv'
[1.026s] INFO:colcon.colcon_core.shell:Creating environment hook '/home/nero/braccio_ws_fresh/install/braccio_moveit_config_fresh/share/braccio_moveit_config_fresh/hook/cmake_prefix_path.sh'
[1.027s] Level 1:colcon.colcon_core.environment:checking '/home/nero/braccio_ws_fresh/install/braccio_moveit_config_fresh/bin'
[1.027s] Level 1:colcon.colcon_core.environment:checking '/home/nero/braccio_ws_fresh/install/braccio_moveit_config_fresh/lib/pkgconfig/braccio_moveit_config_fresh.pc'
[1.028s] Level 1:colcon.colcon_core.environment:checking '/home/nero/braccio_ws_fresh/install/braccio_moveit_config_fresh/lib/python3.10/site-packages'
[1.028s] Level 1:colcon.colcon_core.environment:checking '/home/nero/braccio_ws_fresh/install/braccio_moveit_config_fresh/bin'
[1.029s] INFO:colcon.colcon_core.shell:Creating package script '/home/nero/braccio_ws_fresh/install/braccio_moveit_config_fresh/share/braccio_moveit_config_fresh/package.ps1'
[1.029s] INFO:colcon.colcon_core.shell:Creating package descriptor '/home/nero/braccio_ws_fresh/install/braccio_moveit_config_fresh/share/braccio_moveit_config_fresh/package.dsv'
[1.030s] INFO:colcon.colcon_core.shell:Creating package script '/home/nero/braccio_ws_fresh/install/braccio_moveit_config_fresh/share/braccio_moveit_config_fresh/package.sh'
[1.031s] INFO:colcon.colcon_core.shell:Creating package script '/home/nero/braccio_ws_fresh/install/braccio_moveit_config_fresh/share/braccio_moveit_config_fresh/package.bash'
[1.031s] INFO:colcon.colcon_core.shell:Creating package script '/home/nero/braccio_ws_fresh/install/braccio_moveit_config_fresh/share/braccio_moveit_config_fresh/package.zsh'
[1.032s] Level 1:colcon.colcon_core.environment:create_file_with_runtime_dependencies(/home/nero/braccio_ws_fresh/install/braccio_moveit_config_fresh/share/colcon-core/packages/braccio_moveit_config_fresh)
[1.032s] Level 1:colcon.colcon_core.environment:create_environment_scripts_only(braccio_moveit_config_fresh)
[1.033s] Level 1:colcon.colcon_core.environment:checking '/home/nero/braccio_ws_fresh/install/braccio_moveit_config_fresh' for CMake module files
[1.034s] Level 1:colcon.colcon_core.environment:checking '/home/nero/braccio_ws_fresh/install/braccio_moveit_config_fresh' for CMake config files
[1.034s] Level 1:colcon.colcon_core.shell:create_environment_hook('braccio_moveit_config_fresh', 'cmake_prefix_path')
[1.035s] INFO:colcon.colcon_core.shell:Creating environment hook '/home/nero/braccio_ws_fresh/install/braccio_moveit_config_fresh/share/braccio_moveit_config_fresh/hook/cmake_prefix_path.ps1'
[1.035s] INFO:colcon.colcon_core.shell:Creating environment descriptor '/home/nero/braccio_ws_fresh/install/braccio_moveit_config_fresh/share/braccio_moveit_config_fresh/hook/cmake_prefix_path.dsv'
[1.036s] INFO:colcon.colcon_core.shell:Creating environment hook '/home/nero/braccio_ws_fresh/install/braccio_moveit_config_fresh/share/braccio_moveit_config_fresh/hook/cmake_prefix_path.sh'
[1.037s] Level 1:colcon.colcon_core.environment:checking '/home/nero/braccio_ws_fresh/install/braccio_moveit_config_fresh/bin'
[1.037s] Level 1:colcon.colcon_core.environment:checking '/home/nero/braccio_ws_fresh/install/braccio_moveit_config_fresh/lib/pkgconfig/braccio_moveit_config_fresh.pc'
[1.037s] Level 1:colcon.colcon_core.environment:checking '/home/nero/braccio_ws_fresh/install/braccio_moveit_config_fresh/lib/python3.10/site-packages'
[1.038s] Level 1:colcon.colcon_core.environment:checking '/home/nero/braccio_ws_fresh/install/braccio_moveit_config_fresh/bin'
[1.038s] INFO:colcon.colcon_core.shell:Creating package script '/home/nero/braccio_ws_fresh/install/braccio_moveit_config_fresh/share/braccio_moveit_config_fresh/package.ps1'
[1.039s] INFO:colcon.colcon_core.shell:Creating package descriptor '/home/nero/braccio_ws_fresh/install/braccio_moveit_config_fresh/share/braccio_moveit_config_fresh/package.dsv'
[1.040s] INFO:colcon.colcon_core.shell:Creating package script '/home/nero/braccio_ws_fresh/install/braccio_moveit_config_fresh/share/braccio_moveit_config_fresh/package.sh'
[1.041s] INFO:colcon.colcon_core.shell:Creating package script '/home/nero/braccio_ws_fresh/install/braccio_moveit_config_fresh/share/braccio_moveit_config_fresh/package.bash'
[1.042s] INFO:colcon.colcon_core.shell:Creating package script '/home/nero/braccio_ws_fresh/install/braccio_moveit_config_fresh/share/braccio_moveit_config_fresh/package.zsh'
[1.042s] Level 1:colcon.colcon_core.environment:create_file_with_runtime_dependencies(/home/nero/braccio_ws_fresh/install/braccio_moveit_config_fresh/share/colcon-core/packages/braccio_moveit_config_fresh)
[1.431s] DEBUG:colcon.colcon_core.event_handler.log_command:Invoking command in '/home/nero/braccio_ws_fresh/build/braccio_hardware_interface': PYTHONPATH=/home/nero/braccio_ws_fresh/build/braccio_hardware_interface/prefix_override:/usr/lib/python3/dist-packages/colcon_core/task/python/colcon_distutils_commands:/home/nero/braccio_ws_fresh/install/braccio_hardware_interface/lib/python3.10/site-packages:${PYTHONPATH} VIRTUAL_ENV_PROMPT=(cor_venv) /usr/bin/python3 -W ignore:setup.py install is deprecated -W ignore:easy_install command is deprecated setup.py develop --editable --build-directory /home/nero/braccio_ws_fresh/build/braccio_hardware_interface/build --no-deps symlink_data
[2.076s] Level 1:colcon.colcon_core.shell:create_environment_hook('braccio_hardware_interface', 'pythonpath_develop')
[2.077s] INFO:colcon.colcon_core.shell:Creating environment hook '/home/nero/braccio_ws_fresh/build/braccio_hardware_interface/share/braccio_hardware_interface/hook/pythonpath_develop.ps1'
[2.077s] DEBUG:colcon.colcon_core.event_handler.log_command:Invoked command in '/home/nero/braccio_ws_fresh/build/braccio_hardware_interface' returned '0': PYTHONPATH=/home/nero/braccio_ws_fresh/build/braccio_hardware_interface/prefix_override:/usr/lib/python3/dist-packages/colcon_core/task/python/colcon_distutils_commands:/home/nero/braccio_ws_fresh/install/braccio_hardware_interface/lib/python3.10/site-packages:${PYTHONPATH} VIRTUAL_ENV_PROMPT=(cor_venv) /usr/bin/python3 -W ignore:setup.py install is deprecated -W ignore:easy_install command is deprecated setup.py develop --editable --build-directory /home/nero/braccio_ws_fresh/build/braccio_hardware_interface/build --no-deps symlink_data
[2.078s] INFO:colcon.colcon_core.shell:Creating environment descriptor '/home/nero/braccio_ws_fresh/build/braccio_hardware_interface/share/braccio_hardware_interface/hook/pythonpath_develop.dsv'
[2.078s] INFO:colcon.colcon_core.shell:Creating environment hook '/home/nero/braccio_ws_fresh/build/braccio_hardware_interface/share/braccio_hardware_interface/hook/pythonpath_develop.sh'
[2.079s] Level 1:colcon.colcon_core.environment:checking '/home/nero/braccio_ws_fresh/install/braccio_hardware_interface' for CMake module files
[2.079s] Level 1:colcon.colcon_core.environment:checking '/home/nero/braccio_ws_fresh/install/braccio_hardware_interface' for CMake config files
[2.079s] Level 1:colcon.colcon_core.environment:checking '/home/nero/braccio_ws_fresh/install/braccio_hardware_interface/lib'
[2.080s] Level 1:colcon.colcon_core.environment:checking '/home/nero/braccio_ws_fresh/install/braccio_hardware_interface/bin'
[2.080s] Level 1:colcon.colcon_core.environment:checking '/home/nero/braccio_ws_fresh/install/braccio_hardware_interface/lib/pkgconfig/braccio_hardware_interface.pc'
[2.080s] Level 1:colcon.colcon_core.environment:checking '/home/nero/braccio_ws_fresh/install/braccio_hardware_interface/lib/python3.10/site-packages'
[2.080s] Level 1:colcon.colcon_core.shell:create_environment_hook('braccio_hardware_interface', 'pythonpath')
[2.080s] INFO:colcon.colcon_core.shell:Creating environment hook '/home/nero/braccio_ws_fresh/install/braccio_hardware_interface/share/braccio_hardware_interface/hook/pythonpath.ps1'
[2.081s] INFO:colcon.colcon_core.shell:Creating environment descriptor '/home/nero/braccio_ws_fresh/install/braccio_hardware_interface/share/braccio_hardware_interface/hook/pythonpath.dsv'
[2.081s] INFO:colcon.colcon_core.shell:Creating environment hook '/home/nero/braccio_ws_fresh/install/braccio_hardware_interface/share/braccio_hardware_interface/hook/pythonpath.sh'
[2.082s] Level 1:colcon.colcon_core.environment:checking '/home/nero/braccio_ws_fresh/install/braccio_hardware_interface/bin'
[2.082s] Level 1:colcon.colcon_core.environment:create_environment_scripts_only(braccio_hardware_interface)
[2.082s] INFO:colcon.colcon_core.shell:Creating package script '/home/nero/braccio_ws_fresh/install/braccio_hardware_interface/share/braccio_hardware_interface/package.ps1'
[2.083s] INFO:colcon.colcon_core.shell:Creating package descriptor '/home/nero/braccio_ws_fresh/install/braccio_hardware_interface/share/braccio_hardware_interface/package.dsv'
[2.084s] INFO:colcon.colcon_core.shell:Creating package script '/home/nero/braccio_ws_fresh/install/braccio_hardware_interface/share/braccio_hardware_interface/package.sh'
[2.085s] INFO:colcon.colcon_core.shell:Creating package script '/home/nero/braccio_ws_fresh/install/braccio_hardware_interface/share/braccio_hardware_interface/package.bash'
[2.086s] INFO:colcon.colcon_core.shell:Creating package script '/home/nero/braccio_ws_fresh/install/braccio_hardware_interface/share/braccio_hardware_interface/package.zsh'
[2.086s] Level 1:colcon.colcon_core.environment:create_file_with_runtime_dependencies(/home/nero/braccio_ws_fresh/install/braccio_hardware_interface/share/colcon-core/packages/braccio_hardware_interface)
[2.087s] DEBUG:colcon.colcon_parallel_executor.executor.parallel:closing loop
[2.087s] DEBUG:colcon.colcon_parallel_executor.executor.parallel:loop closed
[2.088s] DEBUG:colcon.colcon_parallel_executor.executor.parallel:run_until_complete finished with '0'
[2.088s] DEBUG:colcon.colcon_core.event_reactor:joining thread
[2.097s] INFO:colcon.colcon_core.plugin_system:Skipping extension 'colcon_notification.desktop_notification.terminal_notifier': Not used on non-Darwin systems
[2.097s] INFO:colcon.colcon_core.plugin_system:Skipping extension 'colcon_notification.desktop_notification.win32': Not used on non-Windows systems
[2.098s] INFO:colcon.colcon_notification.desktop_notification:Sending desktop notification using 'notify2'
[2.130s] DEBUG:colcon.colcon_core.event_reactor:joined thread
[2.131s] INFO:colcon.colcon_core.shell:Creating prefix script '/home/nero/braccio_ws_fresh/install/local_setup.ps1'
[2.133s] INFO:colcon.colcon_core.shell:Creating prefix util module '/home/nero/braccio_ws_fresh/install/_local_setup_util_ps1.py'
[2.137s] INFO:colcon.colcon_core.shell:Creating prefix chain script '/home/nero/braccio_ws_fresh/install/setup.ps1'
[2.140s] INFO:colcon.colcon_core.shell:Creating prefix script '/home/nero/braccio_ws_fresh/install/local_setup.sh'
[2.142s] INFO:colcon.colcon_core.shell:Creating prefix util module '/home/nero/braccio_ws_fresh/install/_local_setup_util_sh.py'
[2.143s] INFO:colcon.colcon_core.shell:Creating prefix chain script '/home/nero/braccio_ws_fresh/install/setup.sh'
[2.146s] INFO:colcon.colcon_core.shell:Creating prefix script '/home/nero/braccio_ws_fresh/install/local_setup.bash'
[2.149s] INFO:colcon.colcon_core.shell:Creating prefix chain script '/home/nero/braccio_ws_fresh/install/setup.bash'
[2.154s] INFO:colcon.colcon_core.shell:Creating prefix script '/home/nero/braccio_ws_fresh/install/local_setup.zsh'
[2.157s] INFO:colcon.colcon_core.shell:Creating prefix chain script '/home/nero/braccio_ws_fresh/install/setup.zsh'
