[0.131s] DEBUG:colcon:Command line arguments: ['/usr/bin/colcon', 'build']
[0.131s] DEBUG:colcon:Parsed command line arguments: Namespace(log_base=None, log_level=None, verb_name='build', build_base='build', install_base='install', merge_install=False, symlink_install=False, test_result_base=None, continue_on_error=False, executor='parallel', parallel_workers=8, event_handlers=None, ignore_user_meta=False, metas=['./colcon.meta'], base_paths=['.'], packages_ignore=None, packages_ignore_regex=None, paths=None, packages_up_to=None, packages_up_to_regex=None, packages_above=None, packages_above_and_dependencies=None, packages_above_depth=None, packages_select_by_dep=None, packages_skip_by_dep=None, packages_skip_up_to=None, packages_select_build_failed=False, packages_skip_build_finished=False, packages_select_test_failures=False, packages_skip_test_passed=False, packages_select=None, packages_skip=None, packages_select_regex=None, packages_skip_regex=None, packages_start=None, packages_end=None, allow_overriding=[], cmake_args=None, cmake_target=None, cmake_target_skip_unavailable=False, cmake_clean_cache=False, cmake_clean_first=False, cmake_force_configure=False, ament_cmake_args=None, catkin_cmake_args=None, catkin_skip_building_tests=False, mixin_files=None, mixin=None, verb_parser=<colcon_mixin.mixin.mixin_argument.MixinArgumentDecorator object at 0x7f33de6a8310>, verb_extension=<colcon_core.verb.build.BuildVerb object at 0x7f33de66fd60>, main=<bound method BuildVerb.main of <colcon_core.verb.build.BuildVerb object at 0x7f33de66fd60>>, mixin_verb=('build',))
[0.364s] Level 1:colcon.colcon_core.package_discovery:discover_packages(colcon_meta) check parameters
[0.364s] Level 1:colcon.colcon_core.package_discovery:discover_packages(recursive) check parameters
[0.364s] Level 1:colcon.colcon_core.package_discovery:discover_packages(ignore) check parameters
[0.364s] Level 1:colcon.colcon_core.package_discovery:discover_packages(path) check parameters
[0.364s] Level 1:colcon.colcon_core.package_discovery:discover_packages(colcon_meta) discover
[0.364s] Level 1:colcon.colcon_core.package_discovery:discover_packages(recursive) discover
[0.364s] INFO:colcon.colcon_core.package_discovery:Crawling recursively for packages in '/home/nero/braccio_ws_fresh'
[0.364s] Level 1:colcon.colcon_core.package_identification:_identify(.) by extensions ['ignore', 'ignore_ament_install']
[0.365s] Level 1:colcon.colcon_core.package_identification:_identify(.) by extension 'ignore'
[0.365s] Level 1:colcon.colcon_core.package_identification:_identify(.) by extension 'ignore_ament_install'
[0.365s] Level 1:colcon.colcon_core.package_identification:_identify(.) by extensions ['colcon_pkg']
[0.365s] Level 1:colcon.colcon_core.package_identification:_identify(.) by extension 'colcon_pkg'
[0.365s] Level 1:colcon.colcon_core.package_identification:_identify(.) by extensions ['colcon_meta']
[0.365s] Level 1:colcon.colcon_core.package_identification:_identify(.) by extension 'colcon_meta'
[0.365s] Level 1:colcon.colcon_core.package_identification:_identify(.) by extensions ['ros']
[0.365s] Level 1:colcon.colcon_core.package_identification:_identify(.) by extension 'ros'
[0.392s] Level 1:colcon.colcon_core.package_identification:_identify(.) by extensions ['cmake', 'python']
[0.393s] Level 1:colcon.colcon_core.package_identification:_identify(.) by extension 'cmake'
[0.393s] Level 1:colcon.colcon_core.package_identification:_identify(.) by extension 'python'
[0.393s] Level 1:colcon.colcon_core.package_identification:_identify(.) by extensions ['python_setup_py']
[0.393s] Level 1:colcon.colcon_core.package_identification:_identify(.) by extension 'python_setup_py'
[0.393s] Level 1:colcon.colcon_core.package_identification:_identify(build) by extensions ['ignore', 'ignore_ament_install']
[0.393s] Level 1:colcon.colcon_core.package_identification:_identify(build) by extension 'ignore'
[0.393s] Level 1:colcon.colcon_core.package_identification:_identify(build) ignored
[0.393s] Level 1:colcon.colcon_core.package_identification:_identify(install) by extensions ['ignore', 'ignore_ament_install']
[0.393s] Level 1:colcon.colcon_core.package_identification:_identify(install) by extension 'ignore'
[0.393s] Level 1:colcon.colcon_core.package_identification:_identify(install) ignored
[0.393s] Level 1:colcon.colcon_core.package_identification:_identify(log) by extensions ['ignore', 'ignore_ament_install']
[0.394s] Level 1:colcon.colcon_core.package_identification:_identify(log) by extension 'ignore'
[0.394s] Level 1:colcon.colcon_core.package_identification:_identify(log) ignored
[0.394s] Level 1:colcon.colcon_core.package_identification:_identify(src) by extensions ['ignore', 'ignore_ament_install']
[0.394s] Level 1:colcon.colcon_core.package_identification:_identify(src) by extension 'ignore'
[0.394s] Level 1:colcon.colcon_core.package_identification:_identify(src) by extension 'ignore_ament_install'
[0.394s] Level 1:colcon.colcon_core.package_identification:_identify(src) by extensions ['colcon_pkg']
[0.394s] Level 1:colcon.colcon_core.package_identification:_identify(src) by extension 'colcon_pkg'
[0.394s] Level 1:colcon.colcon_core.package_identification:_identify(src) by extensions ['colcon_meta']
[0.394s] Level 1:colcon.colcon_core.package_identification:_identify(src) by extension 'colcon_meta'
[0.394s] Level 1:colcon.colcon_core.package_identification:_identify(src) by extensions ['ros']
[0.394s] Level 1:colcon.colcon_core.package_identification:_identify(src) by extension 'ros'
[0.394s] Level 1:colcon.colcon_core.package_identification:_identify(src) by extensions ['cmake', 'python']
[0.394s] Level 1:colcon.colcon_core.package_identification:_identify(src) by extension 'cmake'
[0.394s] Level 1:colcon.colcon_core.package_identification:_identify(src) by extension 'python'
[0.394s] Level 1:colcon.colcon_core.package_identification:_identify(src) by extensions ['python_setup_py']
[0.394s] Level 1:colcon.colcon_core.package_identification:_identify(src) by extension 'python_setup_py'
[0.394s] Level 1:colcon.colcon_core.package_identification:_identify(src/braccio_description) by extensions ['ignore', 'ignore_ament_install']
[0.394s] Level 1:colcon.colcon_core.package_identification:_identify(src/braccio_description) by extension 'ignore'
[0.395s] Level 1:colcon.colcon_core.package_identification:_identify(src/braccio_description) by extension 'ignore_ament_install'
[0.395s] Level 1:colcon.colcon_core.package_identification:_identify(src/braccio_description) by extensions ['colcon_pkg']
[0.395s] Level 1:colcon.colcon_core.package_identification:_identify(src/braccio_description) by extension 'colcon_pkg'
[0.395s] Level 1:colcon.colcon_core.package_identification:_identify(src/braccio_description) by extensions ['colcon_meta']
[0.395s] Level 1:colcon.colcon_core.package_identification:_identify(src/braccio_description) by extension 'colcon_meta'
[0.395s] Level 1:colcon.colcon_core.package_identification:_identify(src/braccio_description) by extensions ['ros']
[0.395s] Level 1:colcon.colcon_core.package_identification:_identify(src/braccio_description) by extension 'ros'
[0.398s] DEBUG:colcon.colcon_core.package_identification:Package 'src/braccio_description' with type 'ros.ament_cmake' and name 'braccio_description'
[0.398s] Level 1:colcon.colcon_core.package_identification:_identify(src/braccio_hardware_interface) by extensions ['ignore', 'ignore_ament_install']
[0.398s] Level 1:colcon.colcon_core.package_identification:_identify(src/braccio_hardware_interface) by extension 'ignore'
[0.398s] Level 1:colcon.colcon_core.package_identification:_identify(src/braccio_hardware_interface) by extension 'ignore_ament_install'
[0.398s] Level 1:colcon.colcon_core.package_identification:_identify(src/braccio_hardware_interface) by extensions ['colcon_pkg']
[0.398s] Level 1:colcon.colcon_core.package_identification:_identify(src/braccio_hardware_interface) by extension 'colcon_pkg'
[0.398s] Level 1:colcon.colcon_core.package_identification:_identify(src/braccio_hardware_interface) by extensions ['colcon_meta']
[0.398s] Level 1:colcon.colcon_core.package_identification:_identify(src/braccio_hardware_interface) by extension 'colcon_meta'
[0.398s] Level 1:colcon.colcon_core.package_identification:_identify(src/braccio_hardware_interface) by extensions ['ros']
[0.398s] Level 1:colcon.colcon_core.package_identification:_identify(src/braccio_hardware_interface) by extension 'ros'
[0.399s] DEBUG:colcon.colcon_core.package_identification:Package 'src/braccio_hardware_interface' with type 'ros.ament_python' and name 'braccio_hardware_interface'
[0.399s] Level 1:colcon.colcon_core.package_identification:_identify(src/braccio_moveit_config_fresh) by extensions ['ignore', 'ignore_ament_install']
[0.399s] Level 1:colcon.colcon_core.package_identification:_identify(src/braccio_moveit_config_fresh) by extension 'ignore'
[0.400s] Level 1:colcon.colcon_core.package_identification:_identify(src/braccio_moveit_config_fresh) by extension 'ignore_ament_install'
[0.400s] Level 1:colcon.colcon_core.package_identification:_identify(src/braccio_moveit_config_fresh) by extensions ['colcon_pkg']
[0.400s] Level 1:colcon.colcon_core.package_identification:_identify(src/braccio_moveit_config_fresh) by extension 'colcon_pkg'
[0.400s] Level 1:colcon.colcon_core.package_identification:_identify(src/braccio_moveit_config_fresh) by extensions ['colcon_meta']
[0.400s] Level 1:colcon.colcon_core.package_identification:_identify(src/braccio_moveit_config_fresh) by extension 'colcon_meta'
[0.400s] Level 1:colcon.colcon_core.package_identification:_identify(src/braccio_moveit_config_fresh) by extensions ['ros']
[0.400s] Level 1:colcon.colcon_core.package_identification:_identify(src/braccio_moveit_config_fresh) by extension 'ros'
[0.401s] DEBUG:colcon.colcon_core.package_identification:Package 'src/braccio_moveit_config_fresh' with type 'ros.ament_cmake' and name 'braccio_moveit_config_fresh'
[0.401s] Level 1:colcon.colcon_core.package_discovery:discover_packages(recursive) using defaults
[0.401s] Level 1:colcon.colcon_core.package_discovery:discover_packages(ignore) discover
[0.401s] Level 1:colcon.colcon_core.package_discovery:discover_packages(ignore) using defaults
[0.401s] Level 1:colcon.colcon_core.package_discovery:discover_packages(path) discover
[0.401s] Level 1:colcon.colcon_core.package_discovery:discover_packages(path) using defaults
[0.423s] Level 1:colcon.colcon_core.package_discovery:discover_packages(prefix_path) check parameters
[0.423s] Level 1:colcon.colcon_core.package_discovery:discover_packages(prefix_path) discover
[0.425s] DEBUG:colcon.colcon_installed_package_information.package_discovery:Found 3 installed packages in /home/nero/braccio_ws_fresh/install
[0.427s] DEBUG:colcon.colcon_installed_package_information.package_discovery:Found 364 installed packages in /opt/ros/humble
[0.429s] Level 1:colcon.colcon_core.package_discovery:discover_packages(prefix_path) using defaults
[0.480s] Level 5:colcon.colcon_core.verb:set package 'braccio_description' build argument 'cmake_args' from command line to 'None'
[0.480s] Level 5:colcon.colcon_core.verb:set package 'braccio_description' build argument 'cmake_target' from command line to 'None'
[0.480s] Level 5:colcon.colcon_core.verb:set package 'braccio_description' build argument 'cmake_target_skip_unavailable' from command line to 'False'
[0.480s] Level 5:colcon.colcon_core.verb:set package 'braccio_description' build argument 'cmake_clean_cache' from command line to 'False'
[0.480s] Level 5:colcon.colcon_core.verb:set package 'braccio_description' build argument 'cmake_clean_first' from command line to 'False'
[0.480s] Level 5:colcon.colcon_core.verb:set package 'braccio_description' build argument 'cmake_force_configure' from command line to 'False'
[0.480s] Level 5:colcon.colcon_core.verb:set package 'braccio_description' build argument 'ament_cmake_args' from command line to 'None'
[0.480s] Level 5:colcon.colcon_core.verb:set package 'braccio_description' build argument 'catkin_cmake_args' from command line to 'None'
[0.480s] Level 5:colcon.colcon_core.verb:set package 'braccio_description' build argument 'catkin_skip_building_tests' from command line to 'False'
[0.480s] DEBUG:colcon.colcon_core.verb:Building package 'braccio_description' with the following arguments: {'ament_cmake_args': None, 'build_base': '/home/nero/braccio_ws_fresh/build/braccio_description', 'catkin_cmake_args': None, 'catkin_skip_building_tests': False, 'cmake_args': None, 'cmake_clean_cache': False, 'cmake_clean_first': False, 'cmake_force_configure': False, 'cmake_target': None, 'cmake_target_skip_unavailable': False, 'install_base': '/home/nero/braccio_ws_fresh/install/braccio_description', 'merge_install': False, 'path': '/home/nero/braccio_ws_fresh/src/braccio_description', 'symlink_install': False, 'test_result_base': None}
[0.481s] Level 5:colcon.colcon_core.verb:set package 'braccio_hardware_interface' build argument 'cmake_args' from command line to 'None'
[0.481s] Level 5:colcon.colcon_core.verb:set package 'braccio_hardware_interface' build argument 'cmake_target' from command line to 'None'
[0.481s] Level 5:colcon.colcon_core.verb:set package 'braccio_hardware_interface' build argument 'cmake_target_skip_unavailable' from command line to 'False'
[0.481s] Level 5:colcon.colcon_core.verb:set package 'braccio_hardware_interface' build argument 'cmake_clean_cache' from command line to 'False'
[0.481s] Level 5:colcon.colcon_core.verb:set package 'braccio_hardware_interface' build argument 'cmake_clean_first' from command line to 'False'
[0.481s] Level 5:colcon.colcon_core.verb:set package 'braccio_hardware_interface' build argument 'cmake_force_configure' from command line to 'False'
[0.481s] Level 5:colcon.colcon_core.verb:set package 'braccio_hardware_interface' build argument 'ament_cmake_args' from command line to 'None'
[0.481s] Level 5:colcon.colcon_core.verb:set package 'braccio_hardware_interface' build argument 'catkin_cmake_args' from command line to 'None'
[0.481s] Level 5:colcon.colcon_core.verb:set package 'braccio_hardware_interface' build argument 'catkin_skip_building_tests' from command line to 'False'
[0.481s] DEBUG:colcon.colcon_core.verb:Building package 'braccio_hardware_interface' with the following arguments: {'ament_cmake_args': None, 'build_base': '/home/nero/braccio_ws_fresh/build/braccio_hardware_interface', 'catkin_cmake_args': None, 'catkin_skip_building_tests': False, 'cmake_args': None, 'cmake_clean_cache': False, 'cmake_clean_first': False, 'cmake_force_configure': False, 'cmake_target': None, 'cmake_target_skip_unavailable': False, 'install_base': '/home/nero/braccio_ws_fresh/install/braccio_hardware_interface', 'merge_install': False, 'path': '/home/nero/braccio_ws_fresh/src/braccio_hardware_interface', 'symlink_install': False, 'test_result_base': None}
[0.482s] Level 5:colcon.colcon_core.verb:set package 'braccio_moveit_config_fresh' build argument 'cmake_args' from command line to 'None'
[0.482s] Level 5:colcon.colcon_core.verb:set package 'braccio_moveit_config_fresh' build argument 'cmake_target' from command line to 'None'
[0.482s] Level 5:colcon.colcon_core.verb:set package 'braccio_moveit_config_fresh' build argument 'cmake_target_skip_unavailable' from command line to 'False'
[0.482s] Level 5:colcon.colcon_core.verb:set package 'braccio_moveit_config_fresh' build argument 'cmake_clean_cache' from command line to 'False'
[0.482s] Level 5:colcon.colcon_core.verb:set package 'braccio_moveit_config_fresh' build argument 'cmake_clean_first' from command line to 'False'
[0.482s] Level 5:colcon.colcon_core.verb:set package 'braccio_moveit_config_fresh' build argument 'cmake_force_configure' from command line to 'False'
[0.482s] Level 5:colcon.colcon_core.verb:set package 'braccio_moveit_config_fresh' build argument 'ament_cmake_args' from command line to 'None'
[0.482s] Level 5:colcon.colcon_core.verb:set package 'braccio_moveit_config_fresh' build argument 'catkin_cmake_args' from command line to 'None'
[0.482s] Level 5:colcon.colcon_core.verb:set package 'braccio_moveit_config_fresh' build argument 'catkin_skip_building_tests' from command line to 'False'
[0.482s] DEBUG:colcon.colcon_core.verb:Building package 'braccio_moveit_config_fresh' with the following arguments: {'ament_cmake_args': None, 'build_base': '/home/nero/braccio_ws_fresh/build/braccio_moveit_config_fresh', 'catkin_cmake_args': None, 'catkin_skip_building_tests': False, 'cmake_args': None, 'cmake_clean_cache': False, 'cmake_clean_first': False, 'cmake_force_configure': False, 'cmake_target': None, 'cmake_target_skip_unavailable': False, 'install_base': '/home/nero/braccio_ws_fresh/install/braccio_moveit_config_fresh', 'merge_install': False, 'path': '/home/nero/braccio_ws_fresh/src/braccio_moveit_config_fresh', 'symlink_install': False, 'test_result_base': None}
[0.482s] INFO:colcon.colcon_core.executor:Executing jobs using 'parallel' executor
[0.483s] DEBUG:colcon.colcon_parallel_executor.executor.parallel:run_until_complete
[0.483s] INFO:colcon.colcon_ros.task.ament_cmake.build:Building ROS package in '/home/nero/braccio_ws_fresh/src/braccio_description' with build type 'ament_cmake'
[0.484s] INFO:colcon.colcon_cmake.task.cmake.build:Building CMake package in '/home/nero/braccio_ws_fresh/src/braccio_description'
[0.486s] INFO:colcon.colcon_core.plugin_system:Skipping extension 'colcon_core.shell.bat': Not used on non-Windows systems
[0.486s] INFO:colcon.colcon_core.shell:Skip shell extension 'powershell' for command environment: Not usable outside of PowerShell
[0.486s] DEBUG:colcon.colcon_core.shell:Skip shell extension 'dsv' for command environment
[0.490s] INFO:colcon.colcon_ros.task.ament_python.build:Building ROS package in '/home/nero/braccio_ws_fresh/src/braccio_hardware_interface' with build type 'ament_python'
[0.491s] Level 1:colcon.colcon_core.shell:create_environment_hook('braccio_hardware_interface', 'ament_prefix_path')
[0.491s] INFO:colcon.colcon_core.shell:Creating environment hook '/home/nero/braccio_ws_fresh/install/braccio_hardware_interface/share/braccio_hardware_interface/hook/ament_prefix_path.ps1'
[0.492s] INFO:colcon.colcon_core.shell:Creating environment descriptor '/home/nero/braccio_ws_fresh/install/braccio_hardware_interface/share/braccio_hardware_interface/hook/ament_prefix_path.dsv'
[0.493s] INFO:colcon.colcon_core.shell:Creating environment hook '/home/nero/braccio_ws_fresh/install/braccio_hardware_interface/share/braccio_hardware_interface/hook/ament_prefix_path.sh'
[0.494s] INFO:colcon.colcon_core.shell:Skip shell extension 'powershell' for command environment: Not usable outside of PowerShell
[0.494s] DEBUG:colcon.colcon_core.shell:Skip shell extension 'dsv' for command environment
[0.515s] DEBUG:colcon.colcon_core.event_handler.log_command:Invoking command in '/home/nero/braccio_ws_fresh/build/braccio_description': CMAKE_PREFIX_PATH=${CMAKE_PREFIX_PATH}:/opt/ros/humble:/home/nero/braccio_ws_fresh/install/braccio_hardware_interface VIRTUAL_ENV_PROMPT=(cor_venv) /usr/bin/cmake --build /home/nero/braccio_ws_fresh/build/braccio_description -- -j8 -l8
[0.986s] INFO:colcon.colcon_core.task.python.build:Building Python package in '/home/nero/braccio_ws_fresh/src/braccio_hardware_interface'
[0.987s] INFO:colcon.colcon_core.shell:Skip shell extension 'powershell' for command environment: Not usable outside of PowerShell
[0.987s] DEBUG:colcon.colcon_core.shell:Skip shell extension 'dsv' for command environment
[0.992s] DEBUG:colcon.colcon_core.event_handler.log_command:Invoked command in '/home/nero/braccio_ws_fresh/build/braccio_description' returned '0': CMAKE_PREFIX_PATH=${CMAKE_PREFIX_PATH}:/opt/ros/humble:/home/nero/braccio_ws_fresh/install/braccio_hardware_interface VIRTUAL_ENV_PROMPT=(cor_venv) /usr/bin/cmake --build /home/nero/braccio_ws_fresh/build/braccio_description -- -j8 -l8
[1.006s] DEBUG:colcon.colcon_core.event_handler.log_command:Invoking command in '/home/nero/braccio_ws_fresh/build/braccio_description': CMAKE_PREFIX_PATH=${CMAKE_PREFIX_PATH}:/opt/ros/humble:/home/nero/braccio_ws_fresh/install/braccio_hardware_interface VIRTUAL_ENV_PROMPT=(cor_venv) /usr/bin/cmake --install /home/nero/braccio_ws_fresh/build/braccio_description
[1.032s] Level 1:colcon.colcon_core.environment:create_environment_scripts_only(braccio_description)
[1.033s] DEBUG:colcon.colcon_core.event_handler.log_command:Invoked command in '/home/nero/braccio_ws_fresh/build/braccio_description' returned '0': CMAKE_PREFIX_PATH=${CMAKE_PREFIX_PATH}:/opt/ros/humble:/home/nero/braccio_ws_fresh/install/braccio_hardware_interface VIRTUAL_ENV_PROMPT=(cor_venv) /usr/bin/cmake --install /home/nero/braccio_ws_fresh/build/braccio_description
[1.036s] Level 1:colcon.colcon_core.environment:checking '/home/nero/braccio_ws_fresh/install/braccio_description' for CMake module files
[1.036s] Level 1:colcon.colcon_core.environment:checking '/home/nero/braccio_ws_fresh/install/braccio_description' for CMake config files
[1.037s] Level 1:colcon.colcon_core.shell:create_environment_hook('braccio_description', 'cmake_prefix_path')
[1.037s] INFO:colcon.colcon_core.shell:Creating environment hook '/home/nero/braccio_ws_fresh/install/braccio_description/share/braccio_description/hook/cmake_prefix_path.ps1'
[1.038s] INFO:colcon.colcon_core.shell:Creating environment descriptor '/home/nero/braccio_ws_fresh/install/braccio_description/share/braccio_description/hook/cmake_prefix_path.dsv'
[1.038s] INFO:colcon.colcon_core.shell:Creating environment hook '/home/nero/braccio_ws_fresh/install/braccio_description/share/braccio_description/hook/cmake_prefix_path.sh'
[1.039s] Level 1:colcon.colcon_core.environment:checking '/home/nero/braccio_ws_fresh/install/braccio_description/bin'
[1.039s] Level 1:colcon.colcon_core.environment:checking '/home/nero/braccio_ws_fresh/install/braccio_description/lib/pkgconfig/braccio_description.pc'
[1.040s] Level 1:colcon.colcon_core.environment:checking '/home/nero/braccio_ws_fresh/install/braccio_description/lib/python3.10/site-packages'
[1.040s] Level 1:colcon.colcon_core.environment:checking '/home/nero/braccio_ws_fresh/install/braccio_description/bin'
[1.040s] INFO:colcon.colcon_core.shell:Creating package script '/home/nero/braccio_ws_fresh/install/braccio_description/share/braccio_description/package.ps1'
[1.041s] INFO:colcon.colcon_core.shell:Creating package descriptor '/home/nero/braccio_ws_fresh/install/braccio_description/share/braccio_description/package.dsv'
[1.042s] INFO:colcon.colcon_core.shell:Creating package script '/home/nero/braccio_ws_fresh/install/braccio_description/share/braccio_description/package.sh'
[1.043s] INFO:colcon.colcon_core.shell:Creating package script '/home/nero/braccio_ws_fresh/install/braccio_description/share/braccio_description/package.bash'
[1.043s] INFO:colcon.colcon_core.shell:Creating package script '/home/nero/braccio_ws_fresh/install/braccio_description/share/braccio_description/package.zsh'
[1.044s] Level 1:colcon.colcon_core.environment:create_file_with_runtime_dependencies(/home/nero/braccio_ws_fresh/install/braccio_description/share/colcon-core/packages/braccio_description)
[1.045s] Level 1:colcon.colcon_core.environment:create_environment_scripts_only(braccio_description)
[1.046s] Level 1:colcon.colcon_core.environment:checking '/home/nero/braccio_ws_fresh/install/braccio_description' for CMake module files
[1.046s] Level 1:colcon.colcon_core.environment:checking '/home/nero/braccio_ws_fresh/install/braccio_description' for CMake config files
[1.046s] Level 1:colcon.colcon_core.shell:create_environment_hook('braccio_description', 'cmake_prefix_path')
[1.047s] INFO:colcon.colcon_core.shell:Creating environment hook '/home/nero/braccio_ws_fresh/install/braccio_description/share/braccio_description/hook/cmake_prefix_path.ps1'
[1.047s] INFO:colcon.colcon_core.shell:Creating environment descriptor '/home/nero/braccio_ws_fresh/install/braccio_description/share/braccio_description/hook/cmake_prefix_path.dsv'
[1.047s] INFO:colcon.colcon_core.shell:Creating environment hook '/home/nero/braccio_ws_fresh/install/braccio_description/share/braccio_description/hook/cmake_prefix_path.sh'
[1.048s] Level 1:colcon.colcon_core.environment:checking '/home/nero/braccio_ws_fresh/install/braccio_description/bin'
[1.048s] Level 1:colcon.colcon_core.environment:checking '/home/nero/braccio_ws_fresh/install/braccio_description/lib/pkgconfig/braccio_description.pc'
[1.049s] Level 1:colcon.colcon_core.environment:checking '/home/nero/braccio_ws_fresh/install/braccio_description/lib/python3.10/site-packages'
[1.049s] Level 1:colcon.colcon_core.environment:checking '/home/nero/braccio_ws_fresh/install/braccio_description/bin'
[1.049s] INFO:colcon.colcon_core.shell:Creating package script '/home/nero/braccio_ws_fresh/install/braccio_description/share/braccio_description/package.ps1'
[1.050s] INFO:colcon.colcon_core.shell:Creating package descriptor '/home/nero/braccio_ws_fresh/install/braccio_description/share/braccio_description/package.dsv'
[1.050s] INFO:colcon.colcon_core.shell:Creating package script '/home/nero/braccio_ws_fresh/install/braccio_description/share/braccio_description/package.sh'
[1.051s] INFO:colcon.colcon_core.shell:Creating package script '/home/nero/braccio_ws_fresh/install/braccio_description/share/braccio_description/package.bash'
[1.051s] INFO:colcon.colcon_core.shell:Creating package script '/home/nero/braccio_ws_fresh/install/braccio_description/share/braccio_description/package.zsh'
[1.052s] Level 1:colcon.colcon_core.environment:create_file_with_runtime_dependencies(/home/nero/braccio_ws_fresh/install/braccio_description/share/colcon-core/packages/braccio_description)
[1.052s] INFO:colcon.colcon_ros.task.ament_cmake.build:Building ROS package in '/home/nero/braccio_ws_fresh/src/braccio_moveit_config_fresh' with build type 'ament_cmake'
[1.052s] INFO:colcon.colcon_cmake.task.cmake.build:Building CMake package in '/home/nero/braccio_ws_fresh/src/braccio_moveit_config_fresh'
[1.053s] INFO:colcon.colcon_core.shell:Skip shell extension 'powershell' for command environment: Not usable outside of PowerShell
[1.053s] DEBUG:colcon.colcon_core.shell:Skip shell extension 'dsv' for command environment
[1.064s] DEBUG:colcon.colcon_core.event_handler.log_command:Invoking command in '/home/nero/braccio_ws_fresh/build/braccio_moveit_config_fresh': CMAKE_PREFIX_PATH=/home/nero/braccio_ws_fresh/install/braccio_description:/home/nero/braccio_ws_fresh/install/braccio_moveit_config_fresh:/opt/ros/humble:/home/nero/braccio_ws_fresh/install/braccio_hardware_interface VIRTUAL_ENV_PROMPT=(cor_venv) /usr/bin/cmake --build /home/nero/braccio_ws_fresh/build/braccio_moveit_config_fresh -- -j8 -l8
[1.112s] DEBUG:colcon.colcon_core.event_handler.log_command:Invoked command in '/home/nero/braccio_ws_fresh/build/braccio_moveit_config_fresh' returned '0': CMAKE_PREFIX_PATH=/home/nero/braccio_ws_fresh/install/braccio_description:/home/nero/braccio_ws_fresh/install/braccio_moveit_config_fresh:/opt/ros/humble:/home/nero/braccio_ws_fresh/install/braccio_hardware_interface VIRTUAL_ENV_PROMPT=(cor_venv) /usr/bin/cmake --build /home/nero/braccio_ws_fresh/build/braccio_moveit_config_fresh -- -j8 -l8
[1.115s] DEBUG:colcon.colcon_core.event_handler.log_command:Invoking command in '/home/nero/braccio_ws_fresh/build/braccio_moveit_config_fresh': CMAKE_PREFIX_PATH=/home/nero/braccio_ws_fresh/install/braccio_description:/home/nero/braccio_ws_fresh/install/braccio_moveit_config_fresh:/opt/ros/humble:/home/nero/braccio_ws_fresh/install/braccio_hardware_interface VIRTUAL_ENV_PROMPT=(cor_venv) /usr/bin/cmake --install /home/nero/braccio_ws_fresh/build/braccio_moveit_config_fresh
[1.145s] Level 1:colcon.colcon_core.environment:create_environment_scripts_only(braccio_moveit_config_fresh)
[1.145s] Level 1:colcon.colcon_core.environment:checking '/home/nero/braccio_ws_fresh/install/braccio_moveit_config_fresh' for CMake module files
[1.146s] DEBUG:colcon.colcon_core.event_handler.log_command:Invoked command in '/home/nero/braccio_ws_fresh/build/braccio_moveit_config_fresh' returned '0': CMAKE_PREFIX_PATH=/home/nero/braccio_ws_fresh/install/braccio_description:/home/nero/braccio_ws_fresh/install/braccio_moveit_config_fresh:/opt/ros/humble:/home/nero/braccio_ws_fresh/install/braccio_hardware_interface VIRTUAL_ENV_PROMPT=(cor_venv) /usr/bin/cmake --install /home/nero/braccio_ws_fresh/build/braccio_moveit_config_fresh
[1.146s] Level 1:colcon.colcon_core.environment:checking '/home/nero/braccio_ws_fresh/install/braccio_moveit_config_fresh' for CMake config files
[1.147s] Level 1:colcon.colcon_core.shell:create_environment_hook('braccio_moveit_config_fresh', 'cmake_prefix_path')
[1.147s] INFO:colcon.colcon_core.shell:Creating environment hook '/home/nero/braccio_ws_fresh/install/braccio_moveit_config_fresh/share/braccio_moveit_config_fresh/hook/cmake_prefix_path.ps1'
[1.148s] INFO:colcon.colcon_core.shell:Creating environment descriptor '/home/nero/braccio_ws_fresh/install/braccio_moveit_config_fresh/share/braccio_moveit_config_fresh/hook/cmake_prefix_path.dsv'
[1.148s] INFO:colcon.colcon_core.shell:Creating environment hook '/home/nero/braccio_ws_fresh/install/braccio_moveit_config_fresh/share/braccio_moveit_config_fresh/hook/cmake_prefix_path.sh'
[1.149s] Level 1:colcon.colcon_core.environment:checking '/home/nero/braccio_ws_fresh/install/braccio_moveit_config_fresh/bin'
[1.149s] Level 1:colcon.colcon_core.environment:checking '/home/nero/braccio_ws_fresh/install/braccio_moveit_config_fresh/lib/pkgconfig/braccio_moveit_config_fresh.pc'
[1.149s] Level 1:colcon.colcon_core.environment:checking '/home/nero/braccio_ws_fresh/install/braccio_moveit_config_fresh/lib/python3.10/site-packages'
[1.149s] Level 1:colcon.colcon_core.environment:checking '/home/nero/braccio_ws_fresh/install/braccio_moveit_config_fresh/bin'
[1.150s] INFO:colcon.colcon_core.shell:Creating package script '/home/nero/braccio_ws_fresh/install/braccio_moveit_config_fresh/share/braccio_moveit_config_fresh/package.ps1'
[1.150s] INFO:colcon.colcon_core.shell:Creating package descriptor '/home/nero/braccio_ws_fresh/install/braccio_moveit_config_fresh/share/braccio_moveit_config_fresh/package.dsv'
[1.151s] INFO:colcon.colcon_core.shell:Creating package script '/home/nero/braccio_ws_fresh/install/braccio_moveit_config_fresh/share/braccio_moveit_config_fresh/package.sh'
[1.151s] INFO:colcon.colcon_core.shell:Creating package script '/home/nero/braccio_ws_fresh/install/braccio_moveit_config_fresh/share/braccio_moveit_config_fresh/package.bash'
[1.152s] INFO:colcon.colcon_core.shell:Creating package script '/home/nero/braccio_ws_fresh/install/braccio_moveit_config_fresh/share/braccio_moveit_config_fresh/package.zsh'
[1.152s] Level 1:colcon.colcon_core.environment:create_file_with_runtime_dependencies(/home/nero/braccio_ws_fresh/install/braccio_moveit_config_fresh/share/colcon-core/packages/braccio_moveit_config_fresh)
[1.153s] Level 1:colcon.colcon_core.environment:create_environment_scripts_only(braccio_moveit_config_fresh)
[1.153s] Level 1:colcon.colcon_core.environment:checking '/home/nero/braccio_ws_fresh/install/braccio_moveit_config_fresh' for CMake module files
[1.154s] Level 1:colcon.colcon_core.environment:checking '/home/nero/braccio_ws_fresh/install/braccio_moveit_config_fresh' for CMake config files
[1.154s] Level 1:colcon.colcon_core.shell:create_environment_hook('braccio_moveit_config_fresh', 'cmake_prefix_path')
[1.154s] INFO:colcon.colcon_core.shell:Creating environment hook '/home/nero/braccio_ws_fresh/install/braccio_moveit_config_fresh/share/braccio_moveit_config_fresh/hook/cmake_prefix_path.ps1'
[1.155s] INFO:colcon.colcon_core.shell:Creating environment descriptor '/home/nero/braccio_ws_fresh/install/braccio_moveit_config_fresh/share/braccio_moveit_config_fresh/hook/cmake_prefix_path.dsv'
[1.155s] INFO:colcon.colcon_core.shell:Creating environment hook '/home/nero/braccio_ws_fresh/install/braccio_moveit_config_fresh/share/braccio_moveit_config_fresh/hook/cmake_prefix_path.sh'
[1.156s] Level 1:colcon.colcon_core.environment:checking '/home/nero/braccio_ws_fresh/install/braccio_moveit_config_fresh/bin'
[1.156s] Level 1:colcon.colcon_core.environment:checking '/home/nero/braccio_ws_fresh/install/braccio_moveit_config_fresh/lib/pkgconfig/braccio_moveit_config_fresh.pc'
[1.156s] Level 1:colcon.colcon_core.environment:checking '/home/nero/braccio_ws_fresh/install/braccio_moveit_config_fresh/lib/python3.10/site-packages'
[1.156s] Level 1:colcon.colcon_core.environment:checking '/home/nero/braccio_ws_fresh/install/braccio_moveit_config_fresh/bin'
[1.157s] INFO:colcon.colcon_core.shell:Creating package script '/home/nero/braccio_ws_fresh/install/braccio_moveit_config_fresh/share/braccio_moveit_config_fresh/package.ps1'
[1.157s] INFO:colcon.colcon_core.shell:Creating package descriptor '/home/nero/braccio_ws_fresh/install/braccio_moveit_config_fresh/share/braccio_moveit_config_fresh/package.dsv'
[1.158s] INFO:colcon.colcon_core.shell:Creating package script '/home/nero/braccio_ws_fresh/install/braccio_moveit_config_fresh/share/braccio_moveit_config_fresh/package.sh'
[1.159s] INFO:colcon.colcon_core.shell:Creating package script '/home/nero/braccio_ws_fresh/install/braccio_moveit_config_fresh/share/braccio_moveit_config_fresh/package.bash'
[1.159s] INFO:colcon.colcon_core.shell:Creating package script '/home/nero/braccio_ws_fresh/install/braccio_moveit_config_fresh/share/braccio_moveit_config_fresh/package.zsh'
[1.160s] Level 1:colcon.colcon_core.environment:create_file_with_runtime_dependencies(/home/nero/braccio_ws_fresh/install/braccio_moveit_config_fresh/share/colcon-core/packages/braccio_moveit_config_fresh)
[1.558s] DEBUG:colcon.colcon_core.event_handler.log_command:Invoking command in '/home/nero/braccio_ws_fresh/src/braccio_hardware_interface': PYTHONPATH=/home/nero/braccio_ws_fresh/build/braccio_hardware_interface/prefix_override:/usr/lib/python3/dist-packages/colcon_core/task/python/colcon_distutils_commands:/home/nero/braccio_ws_fresh/install/braccio_hardware_interface/lib/python3.10/site-packages:${PYTHONPATH} VIRTUAL_ENV_PROMPT=(cor_venv) /usr/bin/python3 -W ignore:setup.py install is deprecated -W ignore:easy_install command is deprecated setup.py egg_info --egg-base ../../build/braccio_hardware_interface build --build-base /home/nero/braccio_ws_fresh/build/braccio_hardware_interface/build install --record /home/nero/braccio_ws_fresh/build/braccio_hardware_interface/install.log --single-version-externally-managed install_data
[1.960s] Level 1:colcon.colcon_core.environment:checking '/home/nero/braccio_ws_fresh/install/braccio_hardware_interface' for CMake module files
[1.961s] DEBUG:colcon.colcon_core.event_handler.log_command:Invoked command in '/home/nero/braccio_ws_fresh/src/braccio_hardware_interface' returned '0': PYTHONPATH=/home/nero/braccio_ws_fresh/build/braccio_hardware_interface/prefix_override:/usr/lib/python3/dist-packages/colcon_core/task/python/colcon_distutils_commands:/home/nero/braccio_ws_fresh/install/braccio_hardware_interface/lib/python3.10/site-packages:${PYTHONPATH} VIRTUAL_ENV_PROMPT=(cor_venv) /usr/bin/python3 -W ignore:setup.py install is deprecated -W ignore:easy_install command is deprecated setup.py egg_info --egg-base ../../build/braccio_hardware_interface build --build-base /home/nero/braccio_ws_fresh/build/braccio_hardware_interface/build install --record /home/nero/braccio_ws_fresh/build/braccio_hardware_interface/install.log --single-version-externally-managed install_data
[1.961s] Level 1:colcon.colcon_core.environment:checking '/home/nero/braccio_ws_fresh/install/braccio_hardware_interface' for CMake config files
[1.962s] Level 1:colcon.colcon_core.environment:checking '/home/nero/braccio_ws_fresh/install/braccio_hardware_interface/lib'
[1.962s] Level 1:colcon.colcon_core.environment:checking '/home/nero/braccio_ws_fresh/install/braccio_hardware_interface/bin'
[1.962s] Level 1:colcon.colcon_core.environment:checking '/home/nero/braccio_ws_fresh/install/braccio_hardware_interface/lib/pkgconfig/braccio_hardware_interface.pc'
[1.962s] Level 1:colcon.colcon_core.environment:checking '/home/nero/braccio_ws_fresh/install/braccio_hardware_interface/lib/python3.10/site-packages'
[1.962s] Level 1:colcon.colcon_core.shell:create_environment_hook('braccio_hardware_interface', 'pythonpath')
[1.963s] INFO:colcon.colcon_core.shell:Creating environment hook '/home/nero/braccio_ws_fresh/install/braccio_hardware_interface/share/braccio_hardware_interface/hook/pythonpath.ps1'
[1.963s] INFO:colcon.colcon_core.shell:Creating environment descriptor '/home/nero/braccio_ws_fresh/install/braccio_hardware_interface/share/braccio_hardware_interface/hook/pythonpath.dsv'
[1.963s] INFO:colcon.colcon_core.shell:Creating environment hook '/home/nero/braccio_ws_fresh/install/braccio_hardware_interface/share/braccio_hardware_interface/hook/pythonpath.sh'
[1.964s] Level 1:colcon.colcon_core.environment:checking '/home/nero/braccio_ws_fresh/install/braccio_hardware_interface/bin'
[1.964s] Level 1:colcon.colcon_core.environment:create_environment_scripts_only(braccio_hardware_interface)
[1.964s] INFO:colcon.colcon_core.shell:Creating package script '/home/nero/braccio_ws_fresh/install/braccio_hardware_interface/share/braccio_hardware_interface/package.ps1'
[1.965s] INFO:colcon.colcon_core.shell:Creating package descriptor '/home/nero/braccio_ws_fresh/install/braccio_hardware_interface/share/braccio_hardware_interface/package.dsv'
[1.965s] INFO:colcon.colcon_core.shell:Creating package script '/home/nero/braccio_ws_fresh/install/braccio_hardware_interface/share/braccio_hardware_interface/package.sh'
[1.965s] INFO:colcon.colcon_core.shell:Creating package script '/home/nero/braccio_ws_fresh/install/braccio_hardware_interface/share/braccio_hardware_interface/package.bash'
[1.966s] INFO:colcon.colcon_core.shell:Creating package script '/home/nero/braccio_ws_fresh/install/braccio_hardware_interface/share/braccio_hardware_interface/package.zsh'
[1.966s] Level 1:colcon.colcon_core.environment:create_file_with_runtime_dependencies(/home/nero/braccio_ws_fresh/install/braccio_hardware_interface/share/colcon-core/packages/braccio_hardware_interface)
[1.966s] DEBUG:colcon.colcon_parallel_executor.executor.parallel:closing loop
[1.967s] DEBUG:colcon.colcon_parallel_executor.executor.parallel:loop closed
[1.967s] DEBUG:colcon.colcon_parallel_executor.executor.parallel:run_until_complete finished with '0'
[1.967s] DEBUG:colcon.colcon_core.event_reactor:joining thread
[1.972s] INFO:colcon.colcon_core.plugin_system:Skipping extension 'colcon_notification.desktop_notification.terminal_notifier': Not used on non-Darwin systems
[1.972s] INFO:colcon.colcon_core.plugin_system:Skipping extension 'colcon_notification.desktop_notification.win32': Not used on non-Windows systems
[1.972s] INFO:colcon.colcon_notification.desktop_notification:Sending desktop notification using 'notify2'
[1.989s] DEBUG:colcon.colcon_core.event_reactor:joined thread
[1.989s] INFO:colcon.colcon_core.shell:Creating prefix script '/home/nero/braccio_ws_fresh/install/local_setup.ps1'
[1.991s] INFO:colcon.colcon_core.shell:Creating prefix util module '/home/nero/braccio_ws_fresh/install/_local_setup_util_ps1.py'
[1.993s] INFO:colcon.colcon_core.shell:Creating prefix chain script '/home/nero/braccio_ws_fresh/install/setup.ps1'
[1.996s] INFO:colcon.colcon_core.shell:Creating prefix script '/home/nero/braccio_ws_fresh/install/local_setup.sh'
[1.997s] INFO:colcon.colcon_core.shell:Creating prefix util module '/home/nero/braccio_ws_fresh/install/_local_setup_util_sh.py'
[1.997s] INFO:colcon.colcon_core.shell:Creating prefix chain script '/home/nero/braccio_ws_fresh/install/setup.sh'
[1.999s] INFO:colcon.colcon_core.shell:Creating prefix script '/home/nero/braccio_ws_fresh/install/local_setup.bash'
[1.999s] INFO:colcon.colcon_core.shell:Creating prefix chain script '/home/nero/braccio_ws_fresh/install/setup.bash'
[2.001s] INFO:colcon.colcon_core.shell:Creating prefix script '/home/nero/braccio_ws_fresh/install/local_setup.zsh'
[2.002s] INFO:colcon.colcon_core.shell:Creating prefix chain script '/home/nero/braccio_ws_fresh/install/setup.zsh'
