[0.876s] Invoking command in '/home/nero/braccio_ws_fresh/src/braccio_hardware_interface': PYTHONPATH=/home/nero/braccio_ws_fresh/build/braccio_hardware_interface/prefix_override:/usr/lib/python3/dist-packages/colcon_core/task/python/colcon_distutils_commands:/home/nero/braccio_ws_fresh/install/braccio_hardware_interface/lib/python3.10/site-packages:${PYTHONPATH} VIRTUAL_ENV_PROMPT=(cor_venv) /usr/bin/python3 -W ignore:setup.py install is deprecated -W ignore:easy_install command is deprecated setup.py egg_info --egg-base ../../build/braccio_hardware_interface build --build-base /home/nero/braccio_ws_fresh/build/braccio_hardware_interface/build install --record /home/nero/braccio_ws_fresh/build/braccio_hardware_interface/install.log --single-version-externally-managed install_data
[1.150s] running egg_info
[1.151s] writing ../../build/braccio_hardware_interface/braccio_hardware_interface.egg-info/PKG-INFO
[1.151s] writing dependency_links to ../../build/braccio_hardware_interface/braccio_hardware_interface.egg-info/dependency_links.txt
[1.151s] writing entry points to ../../build/braccio_hardware_interface/braccio_hardware_interface.egg-info/entry_points.txt
[1.151s] writing requirements to ../../build/braccio_hardware_interface/braccio_hardware_interface.egg-info/requires.txt
[1.151s] writing top-level names to ../../build/braccio_hardware_interface/braccio_hardware_interface.egg-info/top_level.txt
[1.153s] reading manifest file '../../build/braccio_hardware_interface/braccio_hardware_interface.egg-info/SOURCES.txt'
[1.154s] writing manifest file '../../build/braccio_hardware_interface/braccio_hardware_interface.egg-info/SOURCES.txt'
[1.154s] running build
[1.154s] running build_py
[1.154s] running install
[1.155s] running install_lib
[1.156s] running install_data
[1.156s] running install_egg_info
[1.158s] removing '/home/nero/braccio_ws_fresh/install/braccio_hardware_interface/lib/python3.10/site-packages/braccio_hardware_interface-0.0.1-py3.10.egg-info' (and everything under it)
[1.158s] Copying ../../build/braccio_hardware_interface/braccio_hardware_interface.egg-info to /home/nero/braccio_ws_fresh/install/braccio_hardware_interface/lib/python3.10/site-packages/braccio_hardware_interface-0.0.1-py3.10.egg-info
[1.159s] running install_scripts
[1.178s] Installing braccio_interface_node script to /home/nero/braccio_ws_fresh/install/braccio_hardware_interface/lib/braccio_hardware_interface
[1.178s] writing list of installed files to '/home/nero/braccio_ws_fresh/build/braccio_hardware_interface/install.log'
[1.201s] Invoked command in '/home/nero/braccio_ws_fresh/src/braccio_hardware_interface' returned '0': PYTHONPATH=/home/nero/braccio_ws_fresh/build/braccio_hardware_interface/prefix_override:/usr/lib/python3/dist-packages/colcon_core/task/python/colcon_distutils_commands:/home/nero/braccio_ws_fresh/install/braccio_hardware_interface/lib/python3.10/site-packages:${PYTHONPATH} VIRTUAL_ENV_PROMPT=(cor_venv) /usr/bin/python3 -W ignore:setup.py install is deprecated -W ignore:easy_install command is deprecated setup.py egg_info --egg-base ../../build/braccio_hardware_interface build --build-base /home/nero/braccio_ws_fresh/build/braccio_hardware_interface/build install --record /home/nero/braccio_ws_fresh/build/braccio_hardware_interface/install.log --single-version-externally-managed install_data
