[1.360s] Invoking command in '/home/nero/braccio_ws_fresh/build/braccio_hardware_interface': PYTHONPATH=/home/nero/braccio_ws_fresh/build/braccio_hardware_interface/prefix_override:/usr/lib/python3/dist-packages/colcon_core/task/python/colcon_distutils_commands:/home/nero/braccio_ws_fresh/install/braccio_hardware_interface/lib/python3.10/site-packages:${PYTHONPATH} VIRTUAL_ENV_PROMPT=(cor_venv) /usr/bin/python3 -W ignore:setup.py install is deprecated -W ignore:easy_install command is deprecated setup.py develop --editable --build-directory /home/nero/braccio_ws_fresh/build/braccio_hardware_interface/build --no-deps symlink_data
[1.889s] running develop
[2.298s] running egg_info
[2.298s] creating braccio_hardware_interface.egg-info
[2.298s] writing braccio_hardware_interface.egg-info/PKG-INFO
[2.298s] writing dependency_links to braccio_hardware_interface.egg-info/dependency_links.txt
[2.299s] writing entry points to braccio_hardware_interface.egg-info/entry_points.txt
[2.299s] writing requirements to braccio_hardware_interface.egg-info/requires.txt
[2.299s] writing top-level names to braccio_hardware_interface.egg-info/top_level.txt
[2.299s] writing manifest file 'braccio_hardware_interface.egg-info/SOURCES.txt'
[2.302s] reading manifest file 'braccio_hardware_interface.egg-info/SOURCES.txt'
[2.303s] writing manifest file 'braccio_hardware_interface.egg-info/SOURCES.txt'
[2.306s] running build_ext
[2.306s] Creating /home/nero/braccio_ws_fresh/install/braccio_hardware_interface/lib/python3.10/site-packages/braccio-hardware-interface.egg-link (link to .)
[2.308s] Installing braccio_interface_node script to /home/nero/braccio_ws_fresh/install/braccio_hardware_interface/lib/braccio_hardware_interface
[2.309s] 
[2.309s] Installed /home/nero/braccio_ws_fresh/build/braccio_hardware_interface
[2.309s] running symlink_data
[2.310s] creating /home/nero/braccio_ws_fresh/install/braccio_hardware_interface/share/ament_index
[2.310s] creating /home/nero/braccio_ws_fresh/install/braccio_hardware_interface/share/ament_index/resource_index
[2.310s] creating /home/nero/braccio_ws_fresh/install/braccio_hardware_interface/share/ament_index/resource_index/packages
[2.310s] symbolically linking /home/nero/braccio_ws_fresh/build/braccio_hardware_interface/resource/braccio_hardware_interface -> /home/nero/braccio_ws_fresh/install/braccio_hardware_interface/share/ament_index/resource_index/packages
[2.310s] symbolically linking /home/nero/braccio_ws_fresh/build/braccio_hardware_interface/package.xml -> /home/nero/braccio_ws_fresh/install/braccio_hardware_interface/share/braccio_hardware_interface
[2.310s] creating /home/nero/braccio_ws_fresh/install/braccio_hardware_interface/share/braccio_hardware_interface/launch
[2.311s] symbolically linking /home/nero/braccio_ws_fresh/build/braccio_hardware_interface/launch/braccio_control.launch.py -> /home/nero/braccio_ws_fresh/install/braccio_hardware_interface/share/braccio_hardware_interface/launch
[2.370s] Invoked command in '/home/nero/braccio_ws_fresh/build/braccio_hardware_interface' returned '0': PYTHONPATH=/home/nero/braccio_ws_fresh/build/braccio_hardware_interface/prefix_override:/usr/lib/python3/dist-packages/colcon_core/task/python/colcon_distutils_commands:/home/nero/braccio_ws_fresh/install/braccio_hardware_interface/lib/python3.10/site-packages:${PYTHONPATH} VIRTUAL_ENV_PROMPT=(cor_venv) /usr/bin/python3 -W ignore:setup.py install is deprecated -W ignore:easy_install command is deprecated setup.py develop --editable --build-directory /home/nero/braccio_ws_fresh/build/braccio_hardware_interface/build --no-deps symlink_data
