[0.987s] Invoking command in '/home/nero/braccio_ws_fresh/build/braccio_hardware_interface': PYTHONPATH=/home/nero/braccio_ws_fresh/build/braccio_hardware_interface/prefix_override:/usr/lib/python3/dist-packages/colcon_core/task/python/colcon_distutils_commands:/home/nero/braccio_ws_fresh/install/braccio_hardware_interface/lib/python3.10/site-packages:${PYTHONPATH} VIRTUAL_ENV_PROMPT=(cor_venv) /usr/bin/python3 -W ignore:setup.py install is deprecated -W ignore:easy_install command is deprecated setup.py develop --editable --build-directory /home/nero/braccio_ws_fresh/build/braccio_hardware_interface/build --no-deps symlink_data --force
[1.301s] running develop
[1.577s] running egg_info
[1.577s] writing braccio_hardware_interface.egg-info/PKG-INFO
[1.577s] writing dependency_links to braccio_hardware_interface.egg-info/dependency_links.txt
[1.577s] writing entry points to braccio_hardware_interface.egg-info/entry_points.txt
[1.578s] writing requirements to braccio_hardware_interface.egg-info/requires.txt
[1.578s] writing top-level names to braccio_hardware_interface.egg-info/top_level.txt
[1.580s] reading manifest file 'braccio_hardware_interface.egg-info/SOURCES.txt'
[1.581s] writing manifest file 'braccio_hardware_interface.egg-info/SOURCES.txt'
[1.583s] running build_ext
[1.583s] Creating /home/nero/braccio_ws_fresh/install/braccio_hardware_interface/lib/python3.10/site-packages/braccio-hardware-interface.egg-link (link to .)
[1.584s] Installing braccio_interface_node script to /home/nero/braccio_ws_fresh/install/braccio_hardware_interface/lib/braccio_hardware_interface
[1.584s] 
[1.584s] Installed /home/nero/braccio_ws_fresh/build/braccio_hardware_interface
[1.584s] running symlink_data
[1.585s] symbolically linking /home/nero/braccio_ws_fresh/build/braccio_hardware_interface/resource/braccio_hardware_interface -> /home/nero/braccio_ws_fresh/install/braccio_hardware_interface/share/ament_index/resource_index/packages
[1.585s] symbolically linking /home/nero/braccio_ws_fresh/build/braccio_hardware_interface/package.xml -> /home/nero/braccio_ws_fresh/install/braccio_hardware_interface/share/braccio_hardware_interface
[1.585s] symbolically linking /home/nero/braccio_ws_fresh/build/braccio_hardware_interface/launch/braccio_control.launch.py -> /home/nero/braccio_ws_fresh/install/braccio_hardware_interface/share/braccio_hardware_interface/launch
[1.632s] Invoked command in '/home/nero/braccio_ws_fresh/build/braccio_hardware_interface' returned '0': PYTHONPATH=/home/nero/braccio_ws_fresh/build/braccio_hardware_interface/prefix_override:/usr/lib/python3/dist-packages/colcon_core/task/python/colcon_distutils_commands:/home/nero/braccio_ws_fresh/install/braccio_hardware_interface/lib/python3.10/site-packages:${PYTHONPATH} VIRTUAL_ENV_PROMPT=(cor_venv) /usr/bin/python3 -W ignore:setup.py install is deprecated -W ignore:easy_install command is deprecated setup.py develop --editable --build-directory /home/nero/braccio_ws_fresh/build/braccio_hardware_interface/build --no-deps symlink_data --force
