[0.904s] Invoking command in '/home/nero/braccio_ws_fresh/build/braccio_hardware_interface': PYTHONPATH=/home/nero/braccio_ws_fresh/build/braccio_hardware_interface/prefix_override:/usr/lib/python3/dist-packages/colcon_core/task/python/colcon_distutils_commands:/home/nero/braccio_ws_fresh/install/braccio_hardware_interface/lib/python3.10/site-packages:${PYTHONPATH} VIRTUAL_ENV_PROMPT=(cor_venv) /usr/bin/python3 -W ignore:setup.py install is deprecated -W ignore:easy_install command is deprecated setup.py develop --uninstall --editable --build-directory /home/nero/braccio_ws_fresh/build/braccio_hardware_interface/build
[1.193s] running develop
[1.443s] Removing /home/nero/braccio_ws_fresh/install/braccio_hardware_interface/lib/python3.10/site-packages/braccio-hardware-interface.egg-link (link to .)
[1.471s] Invoked command in '/home/nero/braccio_ws_fresh/build/braccio_hardware_interface' returned '0': PYTHONPATH=/home/nero/braccio_ws_fresh/build/braccio_hardware_interface/prefix_override:/usr/lib/python3/dist-packages/colcon_core/task/python/colcon_distutils_commands:/home/nero/braccio_ws_fresh/install/braccio_hardware_interface/lib/python3.10/site-packages:${PYTHONPATH} VIRTUAL_ENV_PROMPT=(cor_venv) /usr/bin/python3 -W ignore:setup.py install is deprecated -W ignore:easy_install command is deprecated setup.py develop --uninstall --editable --build-directory /home/nero/braccio_ws_fresh/build/braccio_hardware_interface/build
[1.474s] Invoking command in '/home/nero/braccio_ws_fresh/src/braccio_hardware_interface': PYTHONPATH=/home/nero/braccio_ws_fresh/build/braccio_hardware_interface/prefix_override:/usr/lib/python3/dist-packages/colcon_core/task/python/colcon_distutils_commands:/home/nero/braccio_ws_fresh/install/braccio_hardware_interface/lib/python3.10/site-packages:${PYTHONPATH} VIRTUAL_ENV_PROMPT=(cor_venv) /usr/bin/python3 -W ignore:setup.py install is deprecated -W ignore:easy_install command is deprecated setup.py egg_info --egg-base ../../build/braccio_hardware_interface build --build-base /home/nero/braccio_ws_fresh/build/braccio_hardware_interface/build install --record /home/nero/braccio_ws_fresh/build/braccio_hardware_interface/install.log --single-version-externally-managed install_data --force
[1.751s] running egg_info
[1.752s] writing ../../build/braccio_hardware_interface/braccio_hardware_interface.egg-info/PKG-INFO
[1.752s] writing dependency_links to ../../build/braccio_hardware_interface/braccio_hardware_interface.egg-info/dependency_links.txt
[1.752s] writing entry points to ../../build/braccio_hardware_interface/braccio_hardware_interface.egg-info/entry_points.txt
[1.752s] writing requirements to ../../build/braccio_hardware_interface/braccio_hardware_interface.egg-info/requires.txt
[1.752s] writing top-level names to ../../build/braccio_hardware_interface/braccio_hardware_interface.egg-info/top_level.txt
[1.755s] reading manifest file '../../build/braccio_hardware_interface/braccio_hardware_interface.egg-info/SOURCES.txt'
[1.756s] writing manifest file '../../build/braccio_hardware_interface/braccio_hardware_interface.egg-info/SOURCES.txt'
[1.756s] running build
[1.756s] running build_py
[1.756s] creating /home/nero/braccio_ws_fresh/build/braccio_hardware_interface/build
[1.756s] creating /home/nero/braccio_ws_fresh/build/braccio_hardware_interface/build/lib
[1.756s] creating /home/nero/braccio_ws_fresh/build/braccio_hardware_interface/build/lib/braccio_hardware_interface
[1.756s] copying braccio_hardware_interface/braccio_interface.py -> /home/nero/braccio_ws_fresh/build/braccio_hardware_interface/build/lib/braccio_hardware_interface
[1.756s] copying braccio_hardware_interface/__init__.py -> /home/nero/braccio_ws_fresh/build/braccio_hardware_interface/build/lib/braccio_hardware_interface
[1.757s] running install
[1.757s] running install_lib
[1.757s] creating /home/nero/braccio_ws_fresh/install/braccio_hardware_interface/lib/python3.10/site-packages/braccio_hardware_interface
[1.758s] copying /home/nero/braccio_ws_fresh/build/braccio_hardware_interface/build/lib/braccio_hardware_interface/braccio_interface.py -> /home/nero/braccio_ws_fresh/install/braccio_hardware_interface/lib/python3.10/site-packages/braccio_hardware_interface
[1.758s] copying /home/nero/braccio_ws_fresh/build/braccio_hardware_interface/build/lib/braccio_hardware_interface/__init__.py -> /home/nero/braccio_ws_fresh/install/braccio_hardware_interface/lib/python3.10/site-packages/braccio_hardware_interface
[1.758s] byte-compiling /home/nero/braccio_ws_fresh/install/braccio_hardware_interface/lib/python3.10/site-packages/braccio_hardware_interface/braccio_interface.py to braccio_interface.cpython-310.pyc
[1.760s] byte-compiling /home/nero/braccio_ws_fresh/install/braccio_hardware_interface/lib/python3.10/site-packages/braccio_hardware_interface/__init__.py to __init__.cpython-310.pyc
[1.761s] running install_data
[1.761s] copying resource/braccio_hardware_interface -> /home/nero/braccio_ws_fresh/install/braccio_hardware_interface/share/ament_index/resource_index/packages
[1.761s] copying package.xml -> /home/nero/braccio_ws_fresh/install/braccio_hardware_interface/share/braccio_hardware_interface
[1.761s] copying launch/braccio_control.launch.py -> /home/nero/braccio_ws_fresh/install/braccio_hardware_interface/share/braccio_hardware_interface/launch
[1.761s] running install_egg_info
[1.763s] Copying ../../build/braccio_hardware_interface/braccio_hardware_interface.egg-info to /home/nero/braccio_ws_fresh/install/braccio_hardware_interface/lib/python3.10/site-packages/braccio_hardware_interface-0.0.1-py3.10.egg-info
[1.763s] running install_scripts
[1.782s] Installing braccio_interface_node script to /home/nero/braccio_ws_fresh/install/braccio_hardware_interface/lib/braccio_hardware_interface
[1.782s] writing list of installed files to '/home/nero/braccio_ws_fresh/build/braccio_hardware_interface/install.log'
[1.807s] Invoked command in '/home/nero/braccio_ws_fresh/src/braccio_hardware_interface' returned '0': PYTHONPATH=/home/nero/braccio_ws_fresh/build/braccio_hardware_interface/prefix_override:/usr/lib/python3/dist-packages/colcon_core/task/python/colcon_distutils_commands:/home/nero/braccio_ws_fresh/install/braccio_hardware_interface/lib/python3.10/site-packages:${PYTHONPATH} VIRTUAL_ENV_PROMPT=(cor_venv) /usr/bin/python3 -W ignore:setup.py install is deprecated -W ignore:easy_install command is deprecated setup.py egg_info --egg-base ../../build/braccio_hardware_interface build --build-base /home/nero/braccio_ws_fresh/build/braccio_hardware_interface/build install --record /home/nero/braccio_ws_fresh/build/braccio_hardware_interface/install.log --single-version-externally-managed install_data --force
