[0.149s] DEBUG:colcon:Command line arguments: ['/usr/bin/colcon', 'build']
[0.149s] DEBUG:colcon:Parsed command line arguments: Namespace(log_base=None, log_level=None, verb_name='build', build_base='build', install_base='install', merge_install=False, symlink_install=False, test_result_base=None, continue_on_error=False, executor='parallel', parallel_workers=8, event_handlers=None, ignore_user_meta=False, metas=['./colcon.meta'], base_paths=['.'], packages_ignore=None, packages_ignore_regex=None, paths=None, packages_up_to=None, packages_up_to_regex=None, packages_above=None, packages_above_and_dependencies=None, packages_above_depth=None, packages_select_by_dep=None, packages_skip_by_dep=None, packages_skip_up_to=None, packages_select_build_failed=False, packages_skip_build_finished=False, packages_select_test_failures=False, packages_skip_test_passed=False, packages_select=None, packages_skip=None, packages_select_regex=None, packages_skip_regex=None, packages_start=None, packages_end=None, allow_overriding=[], cmake_args=None, cmake_target=None, cmake_target_skip_unavailable=False, cmake_clean_cache=False, cmake_clean_first=False, cmake_force_configure=False, ament_cmake_args=None, catkin_cmake_args=None, catkin_skip_building_tests=False, mixin_files=None, mixin=None, verb_parser=<colcon_mixin.mixin.mixin_argument.MixinArgumentDecorator object at 0x757a550b4220>, verb_extension=<colcon_core.verb.build.BuildVerb object at 0x757a5507fc70>, main=<bound method BuildVerb.main of <colcon_core.verb.build.BuildVerb object at 0x757a5507fc70>>, mixin_verb=('build',))
[0.380s] Level 1:colcon.colcon_core.package_discovery:discover_packages(colcon_meta) check parameters
[0.380s] Level 1:colcon.colcon_core.package_discovery:discover_packages(recursive) check parameters
[0.380s] Level 1:colcon.colcon_core.package_discovery:discover_packages(ignore) check parameters
[0.380s] Level 1:colcon.colcon_core.package_discovery:discover_packages(path) check parameters
[0.380s] Level 1:colcon.colcon_core.package_discovery:discover_packages(colcon_meta) discover
[0.380s] Level 1:colcon.colcon_core.package_discovery:discover_packages(recursive) discover
[0.380s] INFO:colcon.colcon_core.package_discovery:Crawling recursively for packages in '/home/nero/braccio_ws_fresh'
[0.380s] Level 1:colcon.colcon_core.package_identification:_identify(.) by extensions ['ignore', 'ignore_ament_install']
[0.380s] Level 1:colcon.colcon_core.package_identification:_identify(.) by extension 'ignore'
[0.380s] Level 1:colcon.colcon_core.package_identification:_identify(.) by extension 'ignore_ament_install'
[0.380s] Level 1:colcon.colcon_core.package_identification:_identify(.) by extensions ['colcon_pkg']
[0.380s] Level 1:colcon.colcon_core.package_identification:_identify(.) by extension 'colcon_pkg'
[0.380s] Level 1:colcon.colcon_core.package_identification:_identify(.) by extensions ['colcon_meta']
[0.380s] Level 1:colcon.colcon_core.package_identification:_identify(.) by extension 'colcon_meta'
[0.380s] Level 1:colcon.colcon_core.package_identification:_identify(.) by extensions ['ros']
[0.380s] Level 1:colcon.colcon_core.package_identification:_identify(.) by extension 'ros'
[0.409s] Level 1:colcon.colcon_core.package_identification:_identify(.) by extensions ['cmake', 'python']
[0.410s] Level 1:colcon.colcon_core.package_identification:_identify(.) by extension 'cmake'
[0.410s] Level 1:colcon.colcon_core.package_identification:_identify(.) by extension 'python'
[0.410s] Level 1:colcon.colcon_core.package_identification:_identify(.) by extensions ['python_setup_py']
[0.410s] Level 1:colcon.colcon_core.package_identification:_identify(.) by extension 'python_setup_py'
[0.410s] Level 1:colcon.colcon_core.package_identification:_identify(build) by extensions ['ignore', 'ignore_ament_install']
[0.410s] Level 1:colcon.colcon_core.package_identification:_identify(build) by extension 'ignore'
[0.410s] Level 1:colcon.colcon_core.package_identification:_identify(build) ignored
[0.410s] Level 1:colcon.colcon_core.package_identification:_identify(install) by extensions ['ignore', 'ignore_ament_install']
[0.410s] Level 1:colcon.colcon_core.package_identification:_identify(install) by extension 'ignore'
[0.410s] Level 1:colcon.colcon_core.package_identification:_identify(install) ignored
[0.410s] Level 1:colcon.colcon_core.package_identification:_identify(log) by extensions ['ignore', 'ignore_ament_install']
[0.410s] Level 1:colcon.colcon_core.package_identification:_identify(log) by extension 'ignore'
[0.411s] Level 1:colcon.colcon_core.package_identification:_identify(log) ignored
[0.411s] Level 1:colcon.colcon_core.package_identification:_identify(src) by extensions ['ignore', 'ignore_ament_install']
[0.411s] Level 1:colcon.colcon_core.package_identification:_identify(src) by extension 'ignore'
[0.411s] Level 1:colcon.colcon_core.package_identification:_identify(src) by extension 'ignore_ament_install'
[0.411s] Level 1:colcon.colcon_core.package_identification:_identify(src) by extensions ['colcon_pkg']
[0.411s] Level 1:colcon.colcon_core.package_identification:_identify(src) by extension 'colcon_pkg'
[0.411s] Level 1:colcon.colcon_core.package_identification:_identify(src) by extensions ['colcon_meta']
[0.411s] Level 1:colcon.colcon_core.package_identification:_identify(src) by extension 'colcon_meta'
[0.411s] Level 1:colcon.colcon_core.package_identification:_identify(src) by extensions ['ros']
[0.411s] Level 1:colcon.colcon_core.package_identification:_identify(src) by extension 'ros'
[0.411s] Level 1:colcon.colcon_core.package_identification:_identify(src) by extensions ['cmake', 'python']
[0.411s] Level 1:colcon.colcon_core.package_identification:_identify(src) by extension 'cmake'
[0.411s] Level 1:colcon.colcon_core.package_identification:_identify(src) by extension 'python'
[0.411s] Level 1:colcon.colcon_core.package_identification:_identify(src) by extensions ['python_setup_py']
[0.411s] Level 1:colcon.colcon_core.package_identification:_identify(src) by extension 'python_setup_py'
[0.411s] Level 1:colcon.colcon_core.package_identification:_identify(src/braccio_description) by extensions ['ignore', 'ignore_ament_install']
[0.411s] Level 1:colcon.colcon_core.package_identification:_identify(src/braccio_description) by extension 'ignore'
[0.412s] Level 1:colcon.colcon_core.package_identification:_identify(src/braccio_description) by extension 'ignore_ament_install'
[0.412s] Level 1:colcon.colcon_core.package_identification:_identify(src/braccio_description) by extensions ['colcon_pkg']
[0.412s] Level 1:colcon.colcon_core.package_identification:_identify(src/braccio_description) by extension 'colcon_pkg'
[0.412s] Level 1:colcon.colcon_core.package_identification:_identify(src/braccio_description) by extensions ['colcon_meta']
[0.412s] Level 1:colcon.colcon_core.package_identification:_identify(src/braccio_description) by extension 'colcon_meta'
[0.412s] Level 1:colcon.colcon_core.package_identification:_identify(src/braccio_description) by extensions ['ros']
[0.412s] Level 1:colcon.colcon_core.package_identification:_identify(src/braccio_description) by extension 'ros'
[0.415s] DEBUG:colcon.colcon_core.package_identification:Package 'src/braccio_description' with type 'ros.ament_cmake' and name 'braccio_description'
[0.415s] Level 1:colcon.colcon_core.package_identification:_identify(src/braccio_hardware_interface) by extensions ['ignore', 'ignore_ament_install']
[0.415s] Level 1:colcon.colcon_core.package_identification:_identify(src/braccio_hardware_interface) by extension 'ignore'
[0.415s] Level 1:colcon.colcon_core.package_identification:_identify(src/braccio_hardware_interface) by extension 'ignore_ament_install'
[0.415s] Level 1:colcon.colcon_core.package_identification:_identify(src/braccio_hardware_interface) by extensions ['colcon_pkg']
[0.415s] Level 1:colcon.colcon_core.package_identification:_identify(src/braccio_hardware_interface) by extension 'colcon_pkg'
[0.415s] Level 1:colcon.colcon_core.package_identification:_identify(src/braccio_hardware_interface) by extensions ['colcon_meta']
[0.415s] Level 1:colcon.colcon_core.package_identification:_identify(src/braccio_hardware_interface) by extension 'colcon_meta'
[0.415s] Level 1:colcon.colcon_core.package_identification:_identify(src/braccio_hardware_interface) by extensions ['ros']
[0.415s] Level 1:colcon.colcon_core.package_identification:_identify(src/braccio_hardware_interface) by extension 'ros'
[0.416s] DEBUG:colcon.colcon_core.package_identification:Package 'src/braccio_hardware_interface' with type 'ros.ament_python' and name 'braccio_hardware_interface'
[0.416s] Level 1:colcon.colcon_core.package_identification:_identify(src/braccio_moveit_config_fresh) by extensions ['ignore', 'ignore_ament_install']
[0.416s] Level 1:colcon.colcon_core.package_identification:_identify(src/braccio_moveit_config_fresh) by extension 'ignore'
[0.417s] Level 1:colcon.colcon_core.package_identification:_identify(src/braccio_moveit_config_fresh) by extension 'ignore_ament_install'
[0.417s] Level 1:colcon.colcon_core.package_identification:_identify(src/braccio_moveit_config_fresh) by extensions ['colcon_pkg']
[0.417s] Level 1:colcon.colcon_core.package_identification:_identify(src/braccio_moveit_config_fresh) by extension 'colcon_pkg'
[0.417s] Level 1:colcon.colcon_core.package_identification:_identify(src/braccio_moveit_config_fresh) by extensions ['colcon_meta']
[0.417s] Level 1:colcon.colcon_core.package_identification:_identify(src/braccio_moveit_config_fresh) by extension 'colcon_meta'
[0.417s] Level 1:colcon.colcon_core.package_identification:_identify(src/braccio_moveit_config_fresh) by extensions ['ros']
[0.417s] Level 1:colcon.colcon_core.package_identification:_identify(src/braccio_moveit_config_fresh) by extension 'ros'
[0.419s] DEBUG:colcon.colcon_core.package_identification:Package 'src/braccio_moveit_config_fresh' with type 'ros.ament_cmake' and name 'braccio_moveit_config_fresh'
[0.419s] Level 1:colcon.colcon_core.package_discovery:discover_packages(recursive) using defaults
[0.419s] Level 1:colcon.colcon_core.package_discovery:discover_packages(ignore) discover
[0.419s] Level 1:colcon.colcon_core.package_discovery:discover_packages(ignore) using defaults
[0.419s] Level 1:colcon.colcon_core.package_discovery:discover_packages(path) discover
[0.419s] Level 1:colcon.colcon_core.package_discovery:discover_packages(path) using defaults
[0.445s] Level 1:colcon.colcon_core.package_discovery:discover_packages(prefix_path) check parameters
[0.445s] Level 1:colcon.colcon_core.package_discovery:discover_packages(prefix_path) discover
[0.447s] DEBUG:colcon.colcon_installed_package_information.package_discovery:Found 3 installed packages in /home/nero/braccio_ws_fresh/install
[0.448s] DEBUG:colcon.colcon_installed_package_information.package_discovery:Found 364 installed packages in /opt/ros/humble
[0.450s] Level 1:colcon.colcon_core.package_discovery:discover_packages(prefix_path) using defaults
[0.504s] Level 5:colcon.colcon_core.verb:set package 'braccio_description' build argument 'cmake_args' from command line to 'None'
[0.504s] Level 5:colcon.colcon_core.verb:set package 'braccio_description' build argument 'cmake_target' from command line to 'None'
[0.504s] Level 5:colcon.colcon_core.verb:set package 'braccio_description' build argument 'cmake_target_skip_unavailable' from command line to 'False'
[0.504s] Level 5:colcon.colcon_core.verb:set package 'braccio_description' build argument 'cmake_clean_cache' from command line to 'False'
[0.504s] Level 5:colcon.colcon_core.verb:set package 'braccio_description' build argument 'cmake_clean_first' from command line to 'False'
[0.504s] Level 5:colcon.colcon_core.verb:set package 'braccio_description' build argument 'cmake_force_configure' from command line to 'False'
[0.504s] Level 5:colcon.colcon_core.verb:set package 'braccio_description' build argument 'ament_cmake_args' from command line to 'None'
[0.504s] Level 5:colcon.colcon_core.verb:set package 'braccio_description' build argument 'catkin_cmake_args' from command line to 'None'
[0.504s] Level 5:colcon.colcon_core.verb:set package 'braccio_description' build argument 'catkin_skip_building_tests' from command line to 'False'
[0.505s] DEBUG:colcon.colcon_core.verb:Building package 'braccio_description' with the following arguments: {'ament_cmake_args': None, 'build_base': '/home/nero/braccio_ws_fresh/build/braccio_description', 'catkin_cmake_args': None, 'catkin_skip_building_tests': False, 'cmake_args': None, 'cmake_clean_cache': False, 'cmake_clean_first': False, 'cmake_force_configure': False, 'cmake_target': None, 'cmake_target_skip_unavailable': False, 'install_base': '/home/nero/braccio_ws_fresh/install/braccio_description', 'merge_install': False, 'path': '/home/nero/braccio_ws_fresh/src/braccio_description', 'symlink_install': False, 'test_result_base': None}
[0.505s] Level 5:colcon.colcon_core.verb:set package 'braccio_hardware_interface' build argument 'cmake_args' from command line to 'None'
[0.505s] Level 5:colcon.colcon_core.verb:set package 'braccio_hardware_interface' build argument 'cmake_target' from command line to 'None'
[0.505s] Level 5:colcon.colcon_core.verb:set package 'braccio_hardware_interface' build argument 'cmake_target_skip_unavailable' from command line to 'False'
[0.505s] Level 5:colcon.colcon_core.verb:set package 'braccio_hardware_interface' build argument 'cmake_clean_cache' from command line to 'False'
[0.505s] Level 5:colcon.colcon_core.verb:set package 'braccio_hardware_interface' build argument 'cmake_clean_first' from command line to 'False'
[0.505s] Level 5:colcon.colcon_core.verb:set package 'braccio_hardware_interface' build argument 'cmake_force_configure' from command line to 'False'
[0.505s] Level 5:colcon.colcon_core.verb:set package 'braccio_hardware_interface' build argument 'ament_cmake_args' from command line to 'None'
[0.505s] Level 5:colcon.colcon_core.verb:set package 'braccio_hardware_interface' build argument 'catkin_cmake_args' from command line to 'None'
[0.505s] Level 5:colcon.colcon_core.verb:set package 'braccio_hardware_interface' build argument 'catkin_skip_building_tests' from command line to 'False'
[0.505s] DEBUG:colcon.colcon_core.verb:Building package 'braccio_hardware_interface' with the following arguments: {'ament_cmake_args': None, 'build_base': '/home/nero/braccio_ws_fresh/build/braccio_hardware_interface', 'catkin_cmake_args': None, 'catkin_skip_building_tests': False, 'cmake_args': None, 'cmake_clean_cache': False, 'cmake_clean_first': False, 'cmake_force_configure': False, 'cmake_target': None, 'cmake_target_skip_unavailable': False, 'install_base': '/home/nero/braccio_ws_fresh/install/braccio_hardware_interface', 'merge_install': False, 'path': '/home/nero/braccio_ws_fresh/src/braccio_hardware_interface', 'symlink_install': False, 'test_result_base': None}
[0.506s] Level 5:colcon.colcon_core.verb:set package 'braccio_moveit_config_fresh' build argument 'cmake_args' from command line to 'None'
[0.506s] Level 5:colcon.colcon_core.verb:set package 'braccio_moveit_config_fresh' build argument 'cmake_target' from command line to 'None'
[0.506s] Level 5:colcon.colcon_core.verb:set package 'braccio_moveit_config_fresh' build argument 'cmake_target_skip_unavailable' from command line to 'False'
[0.506s] Level 5:colcon.colcon_core.verb:set package 'braccio_moveit_config_fresh' build argument 'cmake_clean_cache' from command line to 'False'
[0.506s] Level 5:colcon.colcon_core.verb:set package 'braccio_moveit_config_fresh' build argument 'cmake_clean_first' from command line to 'False'
[0.506s] Level 5:colcon.colcon_core.verb:set package 'braccio_moveit_config_fresh' build argument 'cmake_force_configure' from command line to 'False'
[0.506s] Level 5:colcon.colcon_core.verb:set package 'braccio_moveit_config_fresh' build argument 'ament_cmake_args' from command line to 'None'
[0.506s] Level 5:colcon.colcon_core.verb:set package 'braccio_moveit_config_fresh' build argument 'catkin_cmake_args' from command line to 'None'
[0.506s] Level 5:colcon.colcon_core.verb:set package 'braccio_moveit_config_fresh' build argument 'catkin_skip_building_tests' from command line to 'False'
[0.506s] DEBUG:colcon.colcon_core.verb:Building package 'braccio_moveit_config_fresh' with the following arguments: {'ament_cmake_args': None, 'build_base': '/home/nero/braccio_ws_fresh/build/braccio_moveit_config_fresh', 'catkin_cmake_args': None, 'catkin_skip_building_tests': False, 'cmake_args': None, 'cmake_clean_cache': False, 'cmake_clean_first': False, 'cmake_force_configure': False, 'cmake_target': None, 'cmake_target_skip_unavailable': False, 'install_base': '/home/nero/braccio_ws_fresh/install/braccio_moveit_config_fresh', 'merge_install': False, 'path': '/home/nero/braccio_ws_fresh/src/braccio_moveit_config_fresh', 'symlink_install': False, 'test_result_base': None}
[0.506s] INFO:colcon.colcon_core.executor:Executing jobs using 'parallel' executor
[0.509s] DEBUG:colcon.colcon_parallel_executor.executor.parallel:run_until_complete
[0.509s] INFO:colcon.colcon_ros.task.ament_cmake.build:Building ROS package in '/home/nero/braccio_ws_fresh/src/braccio_description' with build type 'ament_cmake'
[0.510s] INFO:colcon.colcon_cmake.task.cmake.build:Building CMake package in '/home/nero/braccio_ws_fresh/src/braccio_description'
[0.512s] INFO:colcon.colcon_core.plugin_system:Skipping extension 'colcon_core.shell.bat': Not used on non-Windows systems
[0.513s] INFO:colcon.colcon_core.shell:Skip shell extension 'powershell' for command environment: Not usable outside of PowerShell
[0.513s] DEBUG:colcon.colcon_core.shell:Skip shell extension 'dsv' for command environment
[0.518s] INFO:colcon.colcon_ros.task.ament_python.build:Building ROS package in '/home/nero/braccio_ws_fresh/src/braccio_hardware_interface' with build type 'ament_python'
[0.518s] Level 1:colcon.colcon_core.shell:create_environment_hook('braccio_hardware_interface', 'ament_prefix_path')
[0.518s] INFO:colcon.colcon_core.shell:Creating environment hook '/home/nero/braccio_ws_fresh/install/braccio_hardware_interface/share/braccio_hardware_interface/hook/ament_prefix_path.ps1'
[0.519s] INFO:colcon.colcon_core.shell:Creating environment descriptor '/home/nero/braccio_ws_fresh/install/braccio_hardware_interface/share/braccio_hardware_interface/hook/ament_prefix_path.dsv'
[0.519s] INFO:colcon.colcon_core.shell:Creating environment hook '/home/nero/braccio_ws_fresh/install/braccio_hardware_interface/share/braccio_hardware_interface/hook/ament_prefix_path.sh'
[0.520s] INFO:colcon.colcon_core.shell:Skip shell extension 'powershell' for command environment: Not usable outside of PowerShell
[0.521s] DEBUG:colcon.colcon_core.shell:Skip shell extension 'dsv' for command environment
[0.533s] DEBUG:colcon.colcon_core.event_handler.log_command:Invoking command in '/home/nero/braccio_ws_fresh/build/braccio_description': CMAKE_PREFIX_PATH=${CMAKE_PREFIX_PATH}:/home/nero/braccio_ws_fresh/install/braccio_hardware_interface:/opt/ros/humble /usr/bin/cmake /home/nero/braccio_ws_fresh/src/braccio_description -DCMAKE_INSTALL_PREFIX=/home/nero/braccio_ws_fresh/install/braccio_description
[1.011s] INFO:colcon.colcon_core.task.python.build:Building Python package in '/home/nero/braccio_ws_fresh/src/braccio_hardware_interface'
[1.011s] INFO:colcon.colcon_core.shell:Skip shell extension 'powershell' for command environment: Not usable outside of PowerShell
[1.011s] DEBUG:colcon.colcon_core.shell:Skip shell extension 'dsv' for command environment
[1.017s] DEBUG:colcon.colcon_core.event_handler.log_command:Invoked command in '/home/nero/braccio_ws_fresh/build/braccio_description' returned '0': CMAKE_PREFIX_PATH=${CMAKE_PREFIX_PATH}:/home/nero/braccio_ws_fresh/install/braccio_hardware_interface:/opt/ros/humble /usr/bin/cmake /home/nero/braccio_ws_fresh/src/braccio_description -DCMAKE_INSTALL_PREFIX=/home/nero/braccio_ws_fresh/install/braccio_description
[1.020s] DEBUG:colcon.colcon_core.event_handler.log_command:Invoking command in '/home/nero/braccio_ws_fresh/build/braccio_description': CMAKE_PREFIX_PATH=${CMAKE_PREFIX_PATH}:/home/nero/braccio_ws_fresh/install/braccio_hardware_interface:/opt/ros/humble /usr/bin/cmake --build /home/nero/braccio_ws_fresh/build/braccio_description -- -j8 -l8
[1.076s] DEBUG:colcon.colcon_core.event_handler.log_command:Invoked command in '/home/nero/braccio_ws_fresh/build/braccio_description' returned '0': CMAKE_PREFIX_PATH=${CMAKE_PREFIX_PATH}:/home/nero/braccio_ws_fresh/install/braccio_hardware_interface:/opt/ros/humble /usr/bin/cmake --build /home/nero/braccio_ws_fresh/build/braccio_description -- -j8 -l8
[1.091s] DEBUG:colcon.colcon_core.event_handler.log_command:Invoking command in '/home/nero/braccio_ws_fresh/build/braccio_description': CMAKE_PREFIX_PATH=${CMAKE_PREFIX_PATH}:/home/nero/braccio_ws_fresh/install/braccio_hardware_interface:/opt/ros/humble /usr/bin/cmake --install /home/nero/braccio_ws_fresh/build/braccio_description
[1.122s] Level 1:colcon.colcon_core.environment:create_environment_scripts_only(braccio_description)
[1.123s] DEBUG:colcon.colcon_core.event_handler.log_command:Invoked command in '/home/nero/braccio_ws_fresh/build/braccio_description' returned '0': CMAKE_PREFIX_PATH=${CMAKE_PREFIX_PATH}:/home/nero/braccio_ws_fresh/install/braccio_hardware_interface:/opt/ros/humble /usr/bin/cmake --install /home/nero/braccio_ws_fresh/build/braccio_description
[1.126s] Level 1:colcon.colcon_core.environment:checking '/home/nero/braccio_ws_fresh/install/braccio_description' for CMake module files
[1.127s] Level 1:colcon.colcon_core.environment:checking '/home/nero/braccio_ws_fresh/install/braccio_description' for CMake config files
[1.127s] Level 1:colcon.colcon_core.shell:create_environment_hook('braccio_description', 'cmake_prefix_path')
[1.127s] INFO:colcon.colcon_core.shell:Creating environment hook '/home/nero/braccio_ws_fresh/install/braccio_description/share/braccio_description/hook/cmake_prefix_path.ps1'
[1.128s] INFO:colcon.colcon_core.shell:Creating environment descriptor '/home/nero/braccio_ws_fresh/install/braccio_description/share/braccio_description/hook/cmake_prefix_path.dsv'
[1.128s] INFO:colcon.colcon_core.shell:Creating environment hook '/home/nero/braccio_ws_fresh/install/braccio_description/share/braccio_description/hook/cmake_prefix_path.sh'
[1.129s] Level 1:colcon.colcon_core.environment:checking '/home/nero/braccio_ws_fresh/install/braccio_description/bin'
[1.129s] Level 1:colcon.colcon_core.environment:checking '/home/nero/braccio_ws_fresh/install/braccio_description/lib/pkgconfig/braccio_description.pc'
[1.130s] Level 1:colcon.colcon_core.environment:checking '/home/nero/braccio_ws_fresh/install/braccio_description/lib/python3.10/site-packages'
[1.130s] Level 1:colcon.colcon_core.environment:checking '/home/nero/braccio_ws_fresh/install/braccio_description/bin'
[1.131s] INFO:colcon.colcon_core.shell:Creating package script '/home/nero/braccio_ws_fresh/install/braccio_description/share/braccio_description/package.ps1'
[1.132s] INFO:colcon.colcon_core.shell:Creating package descriptor '/home/nero/braccio_ws_fresh/install/braccio_description/share/braccio_description/package.dsv'
[1.133s] INFO:colcon.colcon_core.shell:Creating package script '/home/nero/braccio_ws_fresh/install/braccio_description/share/braccio_description/package.sh'
[1.135s] INFO:colcon.colcon_core.shell:Creating package script '/home/nero/braccio_ws_fresh/install/braccio_description/share/braccio_description/package.bash'
[1.136s] INFO:colcon.colcon_core.shell:Creating package script '/home/nero/braccio_ws_fresh/install/braccio_description/share/braccio_description/package.zsh'
[1.137s] Level 1:colcon.colcon_core.environment:create_file_with_runtime_dependencies(/home/nero/braccio_ws_fresh/install/braccio_description/share/colcon-core/packages/braccio_description)
[1.138s] Level 1:colcon.colcon_core.environment:create_environment_scripts_only(braccio_description)
[1.138s] Level 1:colcon.colcon_core.environment:checking '/home/nero/braccio_ws_fresh/install/braccio_description' for CMake module files
[1.139s] Level 1:colcon.colcon_core.environment:checking '/home/nero/braccio_ws_fresh/install/braccio_description' for CMake config files
[1.139s] Level 1:colcon.colcon_core.shell:create_environment_hook('braccio_description', 'cmake_prefix_path')
[1.140s] INFO:colcon.colcon_core.shell:Creating environment hook '/home/nero/braccio_ws_fresh/install/braccio_description/share/braccio_description/hook/cmake_prefix_path.ps1'
[1.141s] INFO:colcon.colcon_core.shell:Creating environment descriptor '/home/nero/braccio_ws_fresh/install/braccio_description/share/braccio_description/hook/cmake_prefix_path.dsv'
[1.142s] INFO:colcon.colcon_core.shell:Creating environment hook '/home/nero/braccio_ws_fresh/install/braccio_description/share/braccio_description/hook/cmake_prefix_path.sh'
[1.142s] Level 1:colcon.colcon_core.environment:checking '/home/nero/braccio_ws_fresh/install/braccio_description/bin'
[1.142s] Level 1:colcon.colcon_core.environment:checking '/home/nero/braccio_ws_fresh/install/braccio_description/lib/pkgconfig/braccio_description.pc'
[1.143s] Level 1:colcon.colcon_core.environment:checking '/home/nero/braccio_ws_fresh/install/braccio_description/lib/python3.10/site-packages'
[1.143s] Level 1:colcon.colcon_core.environment:checking '/home/nero/braccio_ws_fresh/install/braccio_description/bin'
[1.143s] INFO:colcon.colcon_core.shell:Creating package script '/home/nero/braccio_ws_fresh/install/braccio_description/share/braccio_description/package.ps1'
[1.144s] INFO:colcon.colcon_core.shell:Creating package descriptor '/home/nero/braccio_ws_fresh/install/braccio_description/share/braccio_description/package.dsv'
[1.144s] INFO:colcon.colcon_core.shell:Creating package script '/home/nero/braccio_ws_fresh/install/braccio_description/share/braccio_description/package.sh'
[1.145s] INFO:colcon.colcon_core.shell:Creating package script '/home/nero/braccio_ws_fresh/install/braccio_description/share/braccio_description/package.bash'
[1.145s] INFO:colcon.colcon_core.shell:Creating package script '/home/nero/braccio_ws_fresh/install/braccio_description/share/braccio_description/package.zsh'
[1.145s] Level 1:colcon.colcon_core.environment:create_file_with_runtime_dependencies(/home/nero/braccio_ws_fresh/install/braccio_description/share/colcon-core/packages/braccio_description)
[1.146s] INFO:colcon.colcon_ros.task.ament_cmake.build:Building ROS package in '/home/nero/braccio_ws_fresh/src/braccio_moveit_config_fresh' with build type 'ament_cmake'
[1.146s] INFO:colcon.colcon_cmake.task.cmake.build:Building CMake package in '/home/nero/braccio_ws_fresh/src/braccio_moveit_config_fresh'
[1.146s] INFO:colcon.colcon_core.shell:Skip shell extension 'powershell' for command environment: Not usable outside of PowerShell
[1.146s] DEBUG:colcon.colcon_core.shell:Skip shell extension 'dsv' for command environment
[1.160s] DEBUG:colcon.colcon_core.event_handler.log_command:Invoking command in '/home/nero/braccio_ws_fresh/build/braccio_moveit_config_fresh': CMAKE_PREFIX_PATH=/home/nero/braccio_ws_fresh/install/braccio_description:/home/nero/braccio_ws_fresh/install/braccio_moveit_config_fresh:/home/nero/braccio_ws_fresh/install/braccio_hardware_interface:/opt/ros/humble /usr/bin/cmake /home/nero/braccio_ws_fresh/src/braccio_moveit_config_fresh -DCMAKE_INSTALL_PREFIX=/home/nero/braccio_ws_fresh/install/braccio_moveit_config_fresh
[1.481s] DEBUG:colcon.colcon_core.event_handler.log_command:Invoked command in '/home/nero/braccio_ws_fresh/build/braccio_moveit_config_fresh' returned '0': CMAKE_PREFIX_PATH=/home/nero/braccio_ws_fresh/install/braccio_description:/home/nero/braccio_ws_fresh/install/braccio_moveit_config_fresh:/home/nero/braccio_ws_fresh/install/braccio_hardware_interface:/opt/ros/humble /usr/bin/cmake /home/nero/braccio_ws_fresh/src/braccio_moveit_config_fresh -DCMAKE_INSTALL_PREFIX=/home/nero/braccio_ws_fresh/install/braccio_moveit_config_fresh
[1.484s] DEBUG:colcon.colcon_core.event_handler.log_command:Invoking command in '/home/nero/braccio_ws_fresh/build/braccio_moveit_config_fresh': CMAKE_PREFIX_PATH=/home/nero/braccio_ws_fresh/install/braccio_description:/home/nero/braccio_ws_fresh/install/braccio_moveit_config_fresh:/home/nero/braccio_ws_fresh/install/braccio_hardware_interface:/opt/ros/humble /usr/bin/cmake --build /home/nero/braccio_ws_fresh/build/braccio_moveit_config_fresh -- -j8 -l8
[1.527s] DEBUG:colcon.colcon_core.event_handler.log_command:Invoked command in '/home/nero/braccio_ws_fresh/build/braccio_moveit_config_fresh' returned '0': CMAKE_PREFIX_PATH=/home/nero/braccio_ws_fresh/install/braccio_description:/home/nero/braccio_ws_fresh/install/braccio_moveit_config_fresh:/home/nero/braccio_ws_fresh/install/braccio_hardware_interface:/opt/ros/humble /usr/bin/cmake --build /home/nero/braccio_ws_fresh/build/braccio_moveit_config_fresh -- -j8 -l8
[1.529s] DEBUG:colcon.colcon_core.event_handler.log_command:Invoking command in '/home/nero/braccio_ws_fresh/build/braccio_moveit_config_fresh': CMAKE_PREFIX_PATH=/home/nero/braccio_ws_fresh/install/braccio_description:/home/nero/braccio_ws_fresh/install/braccio_moveit_config_fresh:/home/nero/braccio_ws_fresh/install/braccio_hardware_interface:/opt/ros/humble /usr/bin/cmake --install /home/nero/braccio_ws_fresh/build/braccio_moveit_config_fresh
[1.561s] Level 1:colcon.colcon_core.environment:create_environment_scripts_only(braccio_moveit_config_fresh)
[1.561s] Level 1:colcon.colcon_core.environment:checking '/home/nero/braccio_ws_fresh/install/braccio_moveit_config_fresh' for CMake module files
[1.562s] DEBUG:colcon.colcon_core.event_handler.log_command:Invoked command in '/home/nero/braccio_ws_fresh/build/braccio_moveit_config_fresh' returned '0': CMAKE_PREFIX_PATH=/home/nero/braccio_ws_fresh/install/braccio_description:/home/nero/braccio_ws_fresh/install/braccio_moveit_config_fresh:/home/nero/braccio_ws_fresh/install/braccio_hardware_interface:/opt/ros/humble /usr/bin/cmake --install /home/nero/braccio_ws_fresh/build/braccio_moveit_config_fresh
[1.563s] Level 1:colcon.colcon_core.environment:checking '/home/nero/braccio_ws_fresh/install/braccio_moveit_config_fresh' for CMake config files
[1.564s] Level 1:colcon.colcon_core.shell:create_environment_hook('braccio_moveit_config_fresh', 'cmake_prefix_path')
[1.564s] INFO:colcon.colcon_core.shell:Creating environment hook '/home/nero/braccio_ws_fresh/install/braccio_moveit_config_fresh/share/braccio_moveit_config_fresh/hook/cmake_prefix_path.ps1'
[1.565s] INFO:colcon.colcon_core.shell:Creating environment descriptor '/home/nero/braccio_ws_fresh/install/braccio_moveit_config_fresh/share/braccio_moveit_config_fresh/hook/cmake_prefix_path.dsv'
[1.566s] INFO:colcon.colcon_core.shell:Creating environment hook '/home/nero/braccio_ws_fresh/install/braccio_moveit_config_fresh/share/braccio_moveit_config_fresh/hook/cmake_prefix_path.sh'
[1.566s] Level 1:colcon.colcon_core.environment:checking '/home/nero/braccio_ws_fresh/install/braccio_moveit_config_fresh/bin'
[1.567s] Level 1:colcon.colcon_core.environment:checking '/home/nero/braccio_ws_fresh/install/braccio_moveit_config_fresh/lib/pkgconfig/braccio_moveit_config_fresh.pc'
[1.567s] Level 1:colcon.colcon_core.environment:checking '/home/nero/braccio_ws_fresh/install/braccio_moveit_config_fresh/lib/python3.10/site-packages'
[1.568s] Level 1:colcon.colcon_core.environment:checking '/home/nero/braccio_ws_fresh/install/braccio_moveit_config_fresh/bin'
[1.568s] INFO:colcon.colcon_core.shell:Creating package script '/home/nero/braccio_ws_fresh/install/braccio_moveit_config_fresh/share/braccio_moveit_config_fresh/package.ps1'
[1.569s] INFO:colcon.colcon_core.shell:Creating package descriptor '/home/nero/braccio_ws_fresh/install/braccio_moveit_config_fresh/share/braccio_moveit_config_fresh/package.dsv'
[1.570s] INFO:colcon.colcon_core.shell:Creating package script '/home/nero/braccio_ws_fresh/install/braccio_moveit_config_fresh/share/braccio_moveit_config_fresh/package.sh'
[1.570s] INFO:colcon.colcon_core.shell:Creating package script '/home/nero/braccio_ws_fresh/install/braccio_moveit_config_fresh/share/braccio_moveit_config_fresh/package.bash'
[1.571s] INFO:colcon.colcon_core.shell:Creating package script '/home/nero/braccio_ws_fresh/install/braccio_moveit_config_fresh/share/braccio_moveit_config_fresh/package.zsh'
[1.571s] Level 1:colcon.colcon_core.environment:create_file_with_runtime_dependencies(/home/nero/braccio_ws_fresh/install/braccio_moveit_config_fresh/share/colcon-core/packages/braccio_moveit_config_fresh)
[1.572s] Level 1:colcon.colcon_core.environment:create_environment_scripts_only(braccio_moveit_config_fresh)
[1.572s] Level 1:colcon.colcon_core.environment:checking '/home/nero/braccio_ws_fresh/install/braccio_moveit_config_fresh' for CMake module files
[1.573s] Level 1:colcon.colcon_core.environment:checking '/home/nero/braccio_ws_fresh/install/braccio_moveit_config_fresh' for CMake config files
[1.573s] Level 1:colcon.colcon_core.shell:create_environment_hook('braccio_moveit_config_fresh', 'cmake_prefix_path')
[1.573s] INFO:colcon.colcon_core.shell:Creating environment hook '/home/nero/braccio_ws_fresh/install/braccio_moveit_config_fresh/share/braccio_moveit_config_fresh/hook/cmake_prefix_path.ps1'
[1.574s] INFO:colcon.colcon_core.shell:Creating environment descriptor '/home/nero/braccio_ws_fresh/install/braccio_moveit_config_fresh/share/braccio_moveit_config_fresh/hook/cmake_prefix_path.dsv'
[1.574s] INFO:colcon.colcon_core.shell:Creating environment hook '/home/nero/braccio_ws_fresh/install/braccio_moveit_config_fresh/share/braccio_moveit_config_fresh/hook/cmake_prefix_path.sh'
[1.575s] Level 1:colcon.colcon_core.environment:checking '/home/nero/braccio_ws_fresh/install/braccio_moveit_config_fresh/bin'
[1.575s] Level 1:colcon.colcon_core.environment:checking '/home/nero/braccio_ws_fresh/install/braccio_moveit_config_fresh/lib/pkgconfig/braccio_moveit_config_fresh.pc'
[1.575s] Level 1:colcon.colcon_core.environment:checking '/home/nero/braccio_ws_fresh/install/braccio_moveit_config_fresh/lib/python3.10/site-packages'
[1.575s] Level 1:colcon.colcon_core.environment:checking '/home/nero/braccio_ws_fresh/install/braccio_moveit_config_fresh/bin'
[1.576s] INFO:colcon.colcon_core.shell:Creating package script '/home/nero/braccio_ws_fresh/install/braccio_moveit_config_fresh/share/braccio_moveit_config_fresh/package.ps1'
[1.576s] INFO:colcon.colcon_core.shell:Creating package descriptor '/home/nero/braccio_ws_fresh/install/braccio_moveit_config_fresh/share/braccio_moveit_config_fresh/package.dsv'
[1.577s] INFO:colcon.colcon_core.shell:Creating package script '/home/nero/braccio_ws_fresh/install/braccio_moveit_config_fresh/share/braccio_moveit_config_fresh/package.sh'
[1.577s] INFO:colcon.colcon_core.shell:Creating package script '/home/nero/braccio_ws_fresh/install/braccio_moveit_config_fresh/share/braccio_moveit_config_fresh/package.bash'
[1.577s] INFO:colcon.colcon_core.shell:Creating package script '/home/nero/braccio_ws_fresh/install/braccio_moveit_config_fresh/share/braccio_moveit_config_fresh/package.zsh'
[1.578s] Level 1:colcon.colcon_core.environment:create_file_with_runtime_dependencies(/home/nero/braccio_ws_fresh/install/braccio_moveit_config_fresh/share/colcon-core/packages/braccio_moveit_config_fresh)
[1.657s] DEBUG:colcon.colcon_core.event_handler.log_command:Invoking command in '/home/nero/braccio_ws_fresh/build/braccio_hardware_interface': PYTHONPATH=/home/nero/braccio_ws_fresh/build/braccio_hardware_interface/prefix_override:/usr/lib/python3/dist-packages/colcon_core/task/python/colcon_distutils_commands:/home/nero/braccio_ws_fresh/install/braccio_hardware_interface/lib/python3.10/site-packages:${PYTHONPATH} /usr/bin/python3 -W ignore:setup.py install is deprecated -W ignore:easy_install command is deprecated setup.py develop --uninstall --editable --build-directory /home/nero/braccio_ws_fresh/build/braccio_hardware_interface/build
[2.314s] DEBUG:colcon.colcon_core.event_handler.log_command:Invoked command in '/home/nero/braccio_ws_fresh/build/braccio_hardware_interface' returned '0': PYTHONPATH=/home/nero/braccio_ws_fresh/build/braccio_hardware_interface/prefix_override:/usr/lib/python3/dist-packages/colcon_core/task/python/colcon_distutils_commands:/home/nero/braccio_ws_fresh/install/braccio_hardware_interface/lib/python3.10/site-packages:${PYTHONPATH} /usr/bin/python3 -W ignore:setup.py install is deprecated -W ignore:easy_install command is deprecated setup.py develop --uninstall --editable --build-directory /home/nero/braccio_ws_fresh/build/braccio_hardware_interface/build
[2.316s] DEBUG:colcon.colcon_core.event_handler.log_command:Invoking command in '/home/nero/braccio_ws_fresh/src/braccio_hardware_interface': PYTHONPATH=/home/nero/braccio_ws_fresh/build/braccio_hardware_interface/prefix_override:/usr/lib/python3/dist-packages/colcon_core/task/python/colcon_distutils_commands:/home/nero/braccio_ws_fresh/install/braccio_hardware_interface/lib/python3.10/site-packages:${PYTHONPATH} /usr/bin/python3 -W ignore:setup.py install is deprecated -W ignore:easy_install command is deprecated setup.py egg_info --egg-base ../../build/braccio_hardware_interface build --build-base /home/nero/braccio_ws_fresh/build/braccio_hardware_interface/build install --record /home/nero/braccio_ws_fresh/build/braccio_hardware_interface/install.log --single-version-externally-managed install_data --force
[2.767s] Level 1:colcon.colcon_core.environment:checking '/home/nero/braccio_ws_fresh/install/braccio_hardware_interface' for CMake module files
[2.767s] DEBUG:colcon.colcon_core.event_handler.log_command:Invoked command in '/home/nero/braccio_ws_fresh/src/braccio_hardware_interface' returned '0': PYTHONPATH=/home/nero/braccio_ws_fresh/build/braccio_hardware_interface/prefix_override:/usr/lib/python3/dist-packages/colcon_core/task/python/colcon_distutils_commands:/home/nero/braccio_ws_fresh/install/braccio_hardware_interface/lib/python3.10/site-packages:${PYTHONPATH} /usr/bin/python3 -W ignore:setup.py install is deprecated -W ignore:easy_install command is deprecated setup.py egg_info --egg-base ../../build/braccio_hardware_interface build --build-base /home/nero/braccio_ws_fresh/build/braccio_hardware_interface/build install --record /home/nero/braccio_ws_fresh/build/braccio_hardware_interface/install.log --single-version-externally-managed install_data --force
[2.768s] Level 1:colcon.colcon_core.environment:checking '/home/nero/braccio_ws_fresh/install/braccio_hardware_interface' for CMake config files
[2.769s] Level 1:colcon.colcon_core.environment:checking '/home/nero/braccio_ws_fresh/install/braccio_hardware_interface/lib'
[2.769s] Level 1:colcon.colcon_core.environment:checking '/home/nero/braccio_ws_fresh/install/braccio_hardware_interface/bin'
[2.769s] Level 1:colcon.colcon_core.environment:checking '/home/nero/braccio_ws_fresh/install/braccio_hardware_interface/lib/pkgconfig/braccio_hardware_interface.pc'
[2.769s] Level 1:colcon.colcon_core.environment:checking '/home/nero/braccio_ws_fresh/install/braccio_hardware_interface/lib/python3.10/site-packages'
[2.769s] Level 1:colcon.colcon_core.shell:create_environment_hook('braccio_hardware_interface', 'pythonpath')
[2.770s] INFO:colcon.colcon_core.shell:Creating environment hook '/home/nero/braccio_ws_fresh/install/braccio_hardware_interface/share/braccio_hardware_interface/hook/pythonpath.ps1'
[2.771s] INFO:colcon.colcon_core.shell:Creating environment descriptor '/home/nero/braccio_ws_fresh/install/braccio_hardware_interface/share/braccio_hardware_interface/hook/pythonpath.dsv'
[2.772s] INFO:colcon.colcon_core.shell:Creating environment hook '/home/nero/braccio_ws_fresh/install/braccio_hardware_interface/share/braccio_hardware_interface/hook/pythonpath.sh'
[2.773s] Level 1:colcon.colcon_core.environment:checking '/home/nero/braccio_ws_fresh/install/braccio_hardware_interface/bin'
[2.773s] Level 1:colcon.colcon_core.environment:create_environment_scripts_only(braccio_hardware_interface)
[2.774s] INFO:colcon.colcon_core.shell:Creating package script '/home/nero/braccio_ws_fresh/install/braccio_hardware_interface/share/braccio_hardware_interface/package.ps1'
[2.774s] INFO:colcon.colcon_core.shell:Creating package descriptor '/home/nero/braccio_ws_fresh/install/braccio_hardware_interface/share/braccio_hardware_interface/package.dsv'
[2.775s] INFO:colcon.colcon_core.shell:Creating package script '/home/nero/braccio_ws_fresh/install/braccio_hardware_interface/share/braccio_hardware_interface/package.sh'
[2.776s] INFO:colcon.colcon_core.shell:Creating package script '/home/nero/braccio_ws_fresh/install/braccio_hardware_interface/share/braccio_hardware_interface/package.bash'
[2.776s] INFO:colcon.colcon_core.shell:Creating package script '/home/nero/braccio_ws_fresh/install/braccio_hardware_interface/share/braccio_hardware_interface/package.zsh'
[2.776s] Level 1:colcon.colcon_core.environment:create_file_with_runtime_dependencies(/home/nero/braccio_ws_fresh/install/braccio_hardware_interface/share/colcon-core/packages/braccio_hardware_interface)
[2.777s] DEBUG:colcon.colcon_parallel_executor.executor.parallel:closing loop
[2.777s] DEBUG:colcon.colcon_parallel_executor.executor.parallel:loop closed
[2.777s] DEBUG:colcon.colcon_parallel_executor.executor.parallel:run_until_complete finished with '0'
[2.778s] DEBUG:colcon.colcon_core.event_reactor:joining thread
[2.783s] INFO:colcon.colcon_core.plugin_system:Skipping extension 'colcon_notification.desktop_notification.terminal_notifier': Not used on non-Darwin systems
[2.784s] INFO:colcon.colcon_core.plugin_system:Skipping extension 'colcon_notification.desktop_notification.win32': Not used on non-Windows systems
[2.784s] INFO:colcon.colcon_notification.desktop_notification:Sending desktop notification using 'notify2'
[2.802s] DEBUG:colcon.colcon_core.event_reactor:joined thread
[2.802s] INFO:colcon.colcon_core.shell:Creating prefix script '/home/nero/braccio_ws_fresh/install/local_setup.ps1'
[2.804s] INFO:colcon.colcon_core.shell:Creating prefix util module '/home/nero/braccio_ws_fresh/install/_local_setup_util_ps1.py'
[2.808s] INFO:colcon.colcon_core.shell:Creating prefix chain script '/home/nero/braccio_ws_fresh/install/setup.ps1'
[2.809s] INFO:colcon.colcon_core.shell:Creating prefix script '/home/nero/braccio_ws_fresh/install/local_setup.sh'
[2.810s] INFO:colcon.colcon_core.shell:Creating prefix util module '/home/nero/braccio_ws_fresh/install/_local_setup_util_sh.py'
[2.811s] INFO:colcon.colcon_core.shell:Creating prefix chain script '/home/nero/braccio_ws_fresh/install/setup.sh'
[2.812s] INFO:colcon.colcon_core.shell:Creating prefix script '/home/nero/braccio_ws_fresh/install/local_setup.bash'
[2.813s] INFO:colcon.colcon_core.shell:Creating prefix chain script '/home/nero/braccio_ws_fresh/install/setup.bash'
[2.814s] INFO:colcon.colcon_core.shell:Creating prefix script '/home/nero/braccio_ws_fresh/install/local_setup.zsh'
[2.814s] INFO:colcon.colcon_core.shell:Creating prefix chain script '/home/nero/braccio_ws_fresh/install/setup.zsh'
