[0.010s] Invoking command in '/home/nero/braccio_ws_fresh/build/braccio_moveit_config_fresh': CMAKE_PREFIX_PATH=/home/nero/braccio_ws_fresh/install/braccio_description:/home/nero/braccio_ws_fresh/install/braccio_moveit_config_fresh:/opt/ros/humble:/home/nero/braccio_ws_fresh/install/braccio_hardware_interface VIRTUAL_ENV_PROMPT=(cor_venv) /usr/bin/cmake /home/nero/braccio_ws_fresh/src/braccio_moveit_config_fresh -DAMENT_CMAKE_SYMLINK_INSTALL=1 -DCMAKE_INSTALL_PREFIX=/home/nero/braccio_ws_fresh/install/braccio_moveit_config_fresh
[0.098s] -- The C compiler identification is GNU 11.4.0
[0.199s] -- The CXX compiler identification is GNU 11.4.0
[0.209s] -- Detecting C compiler ABI info
[0.340s] -- Detecting C compiler ABI info - done
[0.356s] -- Check for working C compiler: /usr/bin/cc - skipped
[0.356s] -- Detecting C compile features
[0.357s] -- Detecting C compile features - done
[0.362s] -- Detecting CXX compiler ABI info
[0.467s] -- Detecting CXX compiler ABI info - done
[0.477s] -- Check for working CXX compiler: /usr/bin/c++ - skipped
[0.477s] -- Detecting CXX compile features
[0.478s] -- Detecting CXX compile features - done
[0.483s] -- Found ament_cmake: 1.3.11 (/opt/ros/humble/share/ament_cmake/cmake)
[0.713s] -- Found Python3: /home/nero/cognitive_robotics_manipulation/cor_venv/bin/python3 (found version "3.10.12") found components: Interpreter 
[0.844s] -- Override CMake install command with custom implementation using symlinks instead of copying resources
[1.088s] -- Configuring done
[1.093s] -- Generating done
[1.099s] -- Build files have been written to: /home/nero/braccio_ws_fresh/build/braccio_moveit_config_fresh
[1.106s] Invoked command in '/home/nero/braccio_ws_fresh/build/braccio_moveit_config_fresh' returned '0': CMAKE_PREFIX_PATH=/home/nero/braccio_ws_fresh/install/braccio_description:/home/nero/braccio_ws_fresh/install/braccio_moveit_config_fresh:/opt/ros/humble:/home/nero/braccio_ws_fresh/install/braccio_hardware_interface VIRTUAL_ENV_PROMPT=(cor_venv) /usr/bin/cmake /home/nero/braccio_ws_fresh/src/braccio_moveit_config_fresh -DAMENT_CMAKE_SYMLINK_INSTALL=1 -DCMAKE_INSTALL_PREFIX=/home/nero/braccio_ws_fresh/install/braccio_moveit_config_fresh
[1.109s] Invoking command in '/home/nero/braccio_ws_fresh/build/braccio_moveit_config_fresh': CMAKE_PREFIX_PATH=/home/nero/braccio_ws_fresh/install/braccio_description:/home/nero/braccio_ws_fresh/install/braccio_moveit_config_fresh:/opt/ros/humble:/home/nero/braccio_ws_fresh/install/braccio_hardware_interface VIRTUAL_ENV_PROMPT=(cor_venv) /usr/bin/cmake --build /home/nero/braccio_ws_fresh/build/braccio_moveit_config_fresh -- -j8 -l8
[1.170s] Invoked command in '/home/nero/braccio_ws_fresh/build/braccio_moveit_config_fresh' returned '0': CMAKE_PREFIX_PATH=/home/nero/braccio_ws_fresh/install/braccio_description:/home/nero/braccio_ws_fresh/install/braccio_moveit_config_fresh:/opt/ros/humble:/home/nero/braccio_ws_fresh/install/braccio_hardware_interface VIRTUAL_ENV_PROMPT=(cor_venv) /usr/bin/cmake --build /home/nero/braccio_ws_fresh/build/braccio_moveit_config_fresh -- -j8 -l8
[1.173s] Invoking command in '/home/nero/braccio_ws_fresh/build/braccio_moveit_config_fresh': CMAKE_PREFIX_PATH=/home/nero/braccio_ws_fresh/install/braccio_description:/home/nero/braccio_ws_fresh/install/braccio_moveit_config_fresh:/opt/ros/humble:/home/nero/braccio_ws_fresh/install/braccio_hardware_interface VIRTUAL_ENV_PROMPT=(cor_venv) /usr/bin/cmake --install /home/nero/braccio_ws_fresh/build/braccio_moveit_config_fresh
[1.183s] -- Install configuration: ""
[1.184s] -- Execute custom install script
[1.185s] -- Symlinking: /home/nero/braccio_ws_fresh/install/braccio_moveit_config_fresh/share/ament_index/resource_index/package_run_dependencies/braccio_moveit_config_fresh
[1.198s] -- Symlinking: /home/nero/braccio_ws_fresh/install/braccio_moveit_config_fresh/share/ament_index/resource_index/parent_prefix_path/braccio_moveit_config_fresh
[1.212s] -- Symlinking: /home/nero/braccio_ws_fresh/install/braccio_moveit_config_fresh/share/braccio_moveit_config_fresh/environment/ament_prefix_path.sh
[1.228s] -- Symlinking: /home/nero/braccio_ws_fresh/install/braccio_moveit_config_fresh/share/braccio_moveit_config_fresh/environment/ament_prefix_path.dsv
[1.251s] -- Symlinking: /home/nero/braccio_ws_fresh/install/braccio_moveit_config_fresh/share/braccio_moveit_config_fresh/environment/path.sh
[1.267s] -- Symlinking: /home/nero/braccio_ws_fresh/install/braccio_moveit_config_fresh/share/braccio_moveit_config_fresh/environment/path.dsv
[1.282s] -- Symlinking: /home/nero/braccio_ws_fresh/install/braccio_moveit_config_fresh/share/braccio_moveit_config_fresh/local_setup.bash
[1.299s] -- Symlinking: /home/nero/braccio_ws_fresh/install/braccio_moveit_config_fresh/share/braccio_moveit_config_fresh/local_setup.sh
[1.317s] -- Symlinking: /home/nero/braccio_ws_fresh/install/braccio_moveit_config_fresh/share/braccio_moveit_config_fresh/local_setup.zsh
[1.333s] -- Symlinking: /home/nero/braccio_ws_fresh/install/braccio_moveit_config_fresh/share/braccio_moveit_config_fresh/local_setup.dsv
[1.353s] -- Symlinking: /home/nero/braccio_ws_fresh/install/braccio_moveit_config_fresh/share/braccio_moveit_config_fresh/package.dsv
[1.368s] -- Symlinking: /home/nero/braccio_ws_fresh/install/braccio_moveit_config_fresh/share/ament_index/resource_index/packages/braccio_moveit_config_fresh
[1.380s] -- Symlinking: /home/nero/braccio_ws_fresh/install/braccio_moveit_config_fresh/share/braccio_moveit_config_fresh/cmake/braccio_moveit_config_freshConfig.cmake
[1.390s] -- Symlinking: /home/nero/braccio_ws_fresh/install/braccio_moveit_config_fresh/share/braccio_moveit_config_fresh/cmake/braccio_moveit_config_freshConfig-version.cmake
[1.400s] -- Symlinking: /home/nero/braccio_ws_fresh/install/braccio_moveit_config_fresh/share/braccio_moveit_config_fresh/package.xml
[1.411s] -- Symlinking: /home/nero/braccio_ws_fresh/install/braccio_moveit_config_fresh/share/braccio_moveit_config_fresh/launch/demo.launch.py
[1.421s] -- Symlinking: /home/nero/braccio_ws_fresh/install/braccio_moveit_config_fresh/share/braccio_moveit_config_fresh/launch/move_group.launch.py
[1.435s] -- Symlinking: /home/nero/braccio_ws_fresh/install/braccio_moveit_config_fresh/share/braccio_moveit_config_fresh/launch/moveit_rviz.launch.py
[1.450s] -- Symlinking: /home/nero/braccio_ws_fresh/install/braccio_moveit_config_fresh/share/braccio_moveit_config_fresh/launch/rsp.launch.py
[1.460s] -- Symlinking: /home/nero/braccio_ws_fresh/install/braccio_moveit_config_fresh/share/braccio_moveit_config_fresh/launch/setup_assistant.launch.py
[1.471s] -- Symlinking: /home/nero/braccio_ws_fresh/install/braccio_moveit_config_fresh/share/braccio_moveit_config_fresh/launch/spawn_controllers.launch.py
[1.482s] -- Symlinking: /home/nero/braccio_ws_fresh/install/braccio_moveit_config_fresh/share/braccio_moveit_config_fresh/launch/static_virtual_joint_tfs.launch.py
[1.492s] -- Symlinking: /home/nero/braccio_ws_fresh/install/braccio_moveit_config_fresh/share/braccio_moveit_config_fresh/launch/warehouse_db.launch.py
[1.503s] -- Symlinking: /home/nero/braccio_ws_fresh/install/braccio_moveit_config_fresh/share/braccio_moveit_config_fresh/config/braccio.ros2_control.xacro
[1.514s] -- Symlinking: /home/nero/braccio_ws_fresh/install/braccio_moveit_config_fresh/share/braccio_moveit_config_fresh/config/braccio.srdf
[1.523s] -- Symlinking: /home/nero/braccio_ws_fresh/install/braccio_moveit_config_fresh/share/braccio_moveit_config_fresh/config/braccio.urdf.xacro
[1.540s] -- Symlinking: /home/nero/braccio_ws_fresh/install/braccio_moveit_config_fresh/share/braccio_moveit_config_fresh/config/initial_positions.yaml
[1.554s] -- Symlinking: /home/nero/braccio_ws_fresh/install/braccio_moveit_config_fresh/share/braccio_moveit_config_fresh/config/joint_limits.yaml
[1.564s] -- Symlinking: /home/nero/braccio_ws_fresh/install/braccio_moveit_config_fresh/share/braccio_moveit_config_fresh/config/kinematics.yaml
[1.574s] -- Symlinking: /home/nero/braccio_ws_fresh/install/braccio_moveit_config_fresh/share/braccio_moveit_config_fresh/config/moveit.rviz
[1.585s] -- Symlinking: /home/nero/braccio_ws_fresh/install/braccio_moveit_config_fresh/share/braccio_moveit_config_fresh/config/moveit_controllers.yaml
[1.597s] -- Symlinking: /home/nero/braccio_ws_fresh/install/braccio_moveit_config_fresh/share/braccio_moveit_config_fresh/config/pilz_cartesian_limits.yaml
[1.607s] -- Symlinking: /home/nero/braccio_ws_fresh/install/braccio_moveit_config_fresh/share/braccio_moveit_config_fresh/config/ros2_controllers.yaml
[1.618s] -- Symlinking: /home/nero/braccio_ws_fresh/install/braccio_moveit_config_fresh/share/braccio_moveit_config_fresh/config/sensors_3d.yaml
[1.631s] -- Symlinking: /home/nero/braccio_ws_fresh/install/braccio_moveit_config_fresh/share/braccio_moveit_config_fresh/.setup_assistant
[1.650s] Invoked command in '/home/nero/braccio_ws_fresh/build/braccio_moveit_config_fresh' returned '0': CMAKE_PREFIX_PATH=/home/nero/braccio_ws_fresh/install/braccio_description:/home/nero/braccio_ws_fresh/install/braccio_moveit_config_fresh:/opt/ros/humble:/home/nero/braccio_ws_fresh/install/braccio_hardware_interface VIRTUAL_ENV_PROMPT=(cor_venv) /usr/bin/cmake --install /home/nero/braccio_ws_fresh/build/braccio_moveit_config_fresh
