[0.121s] DEBUG:colcon:Command line arguments: ['/usr/bin/colcon', 'build']
[0.121s] DEBUG:colcon:Parsed command line arguments: Namespace(log_base=None, log_level=None, verb_name='build', build_base='build', install_base='install', merge_install=False, symlink_install=False, test_result_base=None, continue_on_error=False, executor='parallel', parallel_workers=8, event_handlers=None, ignore_user_meta=False, metas=['./colcon.meta'], base_paths=['.'], packages_ignore=None, packages_ignore_regex=None, paths=None, packages_up_to=None, packages_up_to_regex=None, packages_above=None, packages_above_and_dependencies=None, packages_above_depth=None, packages_select_by_dep=None, packages_skip_by_dep=None, packages_skip_up_to=None, packages_select_build_failed=False, packages_skip_build_finished=False, packages_select_test_failures=False, packages_skip_test_passed=False, packages_select=None, packages_skip=None, packages_select_regex=None, packages_skip_regex=None, packages_start=None, packages_end=None, allow_overriding=[], cmake_args=None, cmake_target=None, cmake_target_skip_unavailable=False, cmake_clean_cache=False, cmake_clean_first=False, cmake_force_configure=False, ament_cmake_args=None, catkin_cmake_args=None, catkin_skip_building_tests=False, mixin_files=None, mixin=None, verb_parser=<colcon_mixin.mixin.mixin_argument.MixinArgumentDecorator object at 0x7e5737ea8310>, verb_extension=<colcon_core.verb.build.BuildVerb object at 0x7e5737e6fd60>, main=<bound method BuildVerb.main of <colcon_core.verb.build.BuildVerb object at 0x7e5737e6fd60>>, mixin_verb=('build',))
[0.310s] Level 1:colcon.colcon_core.package_discovery:discover_packages(colcon_meta) check parameters
[0.310s] Level 1:colcon.colcon_core.package_discovery:discover_packages(recursive) check parameters
[0.310s] Level 1:colcon.colcon_core.package_discovery:discover_packages(ignore) check parameters
[0.310s] Level 1:colcon.colcon_core.package_discovery:discover_packages(path) check parameters
[0.310s] Level 1:colcon.colcon_core.package_discovery:discover_packages(colcon_meta) discover
[0.310s] Level 1:colcon.colcon_core.package_discovery:discover_packages(recursive) discover
[0.310s] INFO:colcon.colcon_core.package_discovery:Crawling recursively for packages in '/home/nero/braccio_ws_fresh'
[0.310s] Level 1:colcon.colcon_core.package_identification:_identify(.) by extensions ['ignore', 'ignore_ament_install']
[0.310s] Level 1:colcon.colcon_core.package_identification:_identify(.) by extension 'ignore'
[0.310s] Level 1:colcon.colcon_core.package_identification:_identify(.) by extension 'ignore_ament_install'
[0.310s] Level 1:colcon.colcon_core.package_identification:_identify(.) by extensions ['colcon_pkg']
[0.310s] Level 1:colcon.colcon_core.package_identification:_identify(.) by extension 'colcon_pkg'
[0.310s] Level 1:colcon.colcon_core.package_identification:_identify(.) by extensions ['colcon_meta']
[0.310s] Level 1:colcon.colcon_core.package_identification:_identify(.) by extension 'colcon_meta'
[0.310s] Level 1:colcon.colcon_core.package_identification:_identify(.) by extensions ['ros']
[0.310s] Level 1:colcon.colcon_core.package_identification:_identify(.) by extension 'ros'
[0.332s] Level 1:colcon.colcon_core.package_identification:_identify(.) by extensions ['cmake', 'python']
[0.332s] Level 1:colcon.colcon_core.package_identification:_identify(.) by extension 'cmake'
[0.332s] Level 1:colcon.colcon_core.package_identification:_identify(.) by extension 'python'
[0.332s] Level 1:colcon.colcon_core.package_identification:_identify(.) by extensions ['python_setup_py']
[0.332s] Level 1:colcon.colcon_core.package_identification:_identify(.) by extension 'python_setup_py'
[0.332s] Level 1:colcon.colcon_core.package_identification:_identify(build) by extensions ['ignore', 'ignore_ament_install']
[0.332s] Level 1:colcon.colcon_core.package_identification:_identify(build) by extension 'ignore'
[0.332s] Level 1:colcon.colcon_core.package_identification:_identify(build) ignored
[0.333s] Level 1:colcon.colcon_core.package_identification:_identify(install) by extensions ['ignore', 'ignore_ament_install']
[0.333s] Level 1:colcon.colcon_core.package_identification:_identify(install) by extension 'ignore'
[0.333s] Level 1:colcon.colcon_core.package_identification:_identify(install) ignored
[0.333s] Level 1:colcon.colcon_core.package_identification:_identify(log) by extensions ['ignore', 'ignore_ament_install']
[0.333s] Level 1:colcon.colcon_core.package_identification:_identify(log) by extension 'ignore'
[0.333s] Level 1:colcon.colcon_core.package_identification:_identify(log) ignored
[0.333s] Level 1:colcon.colcon_core.package_identification:_identify(src) by extensions ['ignore', 'ignore_ament_install']
[0.333s] Level 1:colcon.colcon_core.package_identification:_identify(src) by extension 'ignore'
[0.333s] Level 1:colcon.colcon_core.package_identification:_identify(src) by extension 'ignore_ament_install'
[0.333s] Level 1:colcon.colcon_core.package_identification:_identify(src) by extensions ['colcon_pkg']
[0.333s] Level 1:colcon.colcon_core.package_identification:_identify(src) by extension 'colcon_pkg'
[0.333s] Level 1:colcon.colcon_core.package_identification:_identify(src) by extensions ['colcon_meta']
[0.333s] Level 1:colcon.colcon_core.package_identification:_identify(src) by extension 'colcon_meta'
[0.333s] Level 1:colcon.colcon_core.package_identification:_identify(src) by extensions ['ros']
[0.333s] Level 1:colcon.colcon_core.package_identification:_identify(src) by extension 'ros'
[0.334s] Level 1:colcon.colcon_core.package_identification:_identify(src) by extensions ['cmake', 'python']
[0.334s] Level 1:colcon.colcon_core.package_identification:_identify(src) by extension 'cmake'
[0.334s] Level 1:colcon.colcon_core.package_identification:_identify(src) by extension 'python'
[0.334s] Level 1:colcon.colcon_core.package_identification:_identify(src) by extensions ['python_setup_py']
[0.334s] Level 1:colcon.colcon_core.package_identification:_identify(src) by extension 'python_setup_py'
[0.334s] Level 1:colcon.colcon_core.package_identification:_identify(src/braccio_description) by extensions ['ignore', 'ignore_ament_install']
[0.334s] Level 1:colcon.colcon_core.package_identification:_identify(src/braccio_description) by extension 'ignore'
[0.334s] Level 1:colcon.colcon_core.package_identification:_identify(src/braccio_description) by extension 'ignore_ament_install'
[0.334s] Level 1:colcon.colcon_core.package_identification:_identify(src/braccio_description) by extensions ['colcon_pkg']
[0.334s] Level 1:colcon.colcon_core.package_identification:_identify(src/braccio_description) by extension 'colcon_pkg'
[0.334s] Level 1:colcon.colcon_core.package_identification:_identify(src/braccio_description) by extensions ['colcon_meta']
[0.334s] Level 1:colcon.colcon_core.package_identification:_identify(src/braccio_description) by extension 'colcon_meta'
[0.334s] Level 1:colcon.colcon_core.package_identification:_identify(src/braccio_description) by extensions ['ros']
[0.334s] Level 1:colcon.colcon_core.package_identification:_identify(src/braccio_description) by extension 'ros'
[0.336s] DEBUG:colcon.colcon_core.package_identification:Package 'src/braccio_description' with type 'ros.ament_cmake' and name 'braccio_description'
[0.337s] Level 1:colcon.colcon_core.package_identification:_identify(src/braccio_hardware_interface) by extensions ['ignore', 'ignore_ament_install']
[0.337s] Level 1:colcon.colcon_core.package_identification:_identify(src/braccio_hardware_interface) by extension 'ignore'
[0.337s] Level 1:colcon.colcon_core.package_identification:_identify(src/braccio_hardware_interface) by extension 'ignore_ament_install'
[0.337s] Level 1:colcon.colcon_core.package_identification:_identify(src/braccio_hardware_interface) by extensions ['colcon_pkg']
[0.337s] Level 1:colcon.colcon_core.package_identification:_identify(src/braccio_hardware_interface) by extension 'colcon_pkg'
[0.337s] Level 1:colcon.colcon_core.package_identification:_identify(src/braccio_hardware_interface) by extensions ['colcon_meta']
[0.337s] Level 1:colcon.colcon_core.package_identification:_identify(src/braccio_hardware_interface) by extension 'colcon_meta'
[0.337s] Level 1:colcon.colcon_core.package_identification:_identify(src/braccio_hardware_interface) by extensions ['ros']
[0.337s] Level 1:colcon.colcon_core.package_identification:_identify(src/braccio_hardware_interface) by extension 'ros'
[0.338s] DEBUG:colcon.colcon_core.package_identification:Package 'src/braccio_hardware_interface' with type 'ros.ament_python' and name 'braccio_hardware_interface'
[0.338s] Level 1:colcon.colcon_core.package_identification:_identify(src/braccio_moveit_config_fresh) by extensions ['ignore', 'ignore_ament_install']
[0.338s] Level 1:colcon.colcon_core.package_identification:_identify(src/braccio_moveit_config_fresh) by extension 'ignore'
[0.338s] Level 1:colcon.colcon_core.package_identification:_identify(src/braccio_moveit_config_fresh) by extension 'ignore_ament_install'
[0.338s] Level 1:colcon.colcon_core.package_identification:_identify(src/braccio_moveit_config_fresh) by extensions ['colcon_pkg']
[0.338s] Level 1:colcon.colcon_core.package_identification:_identify(src/braccio_moveit_config_fresh) by extension 'colcon_pkg'
[0.338s] Level 1:colcon.colcon_core.package_identification:_identify(src/braccio_moveit_config_fresh) by extensions ['colcon_meta']
[0.338s] Level 1:colcon.colcon_core.package_identification:_identify(src/braccio_moveit_config_fresh) by extension 'colcon_meta'
[0.338s] Level 1:colcon.colcon_core.package_identification:_identify(src/braccio_moveit_config_fresh) by extensions ['ros']
[0.338s] Level 1:colcon.colcon_core.package_identification:_identify(src/braccio_moveit_config_fresh) by extension 'ros'
[0.339s] DEBUG:colcon.colcon_core.package_identification:Package 'src/braccio_moveit_config_fresh' with type 'ros.ament_cmake' and name 'braccio_moveit_config_fresh'
[0.339s] Level 1:colcon.colcon_core.package_discovery:discover_packages(recursive) using defaults
[0.339s] Level 1:colcon.colcon_core.package_discovery:discover_packages(ignore) discover
[0.339s] Level 1:colcon.colcon_core.package_discovery:discover_packages(ignore) using defaults
[0.339s] Level 1:colcon.colcon_core.package_discovery:discover_packages(path) discover
[0.339s] Level 1:colcon.colcon_core.package_discovery:discover_packages(path) using defaults
[0.357s] Level 1:colcon.colcon_core.package_discovery:discover_packages(prefix_path) check parameters
[0.357s] Level 1:colcon.colcon_core.package_discovery:discover_packages(prefix_path) discover
[0.358s] DEBUG:colcon.colcon_installed_package_information.package_discovery:Found 3 installed packages in /home/nero/braccio_ws_fresh/install
[0.359s] DEBUG:colcon.colcon_installed_package_information.package_discovery:Found 364 installed packages in /opt/ros/humble
[0.361s] Level 1:colcon.colcon_core.package_discovery:discover_packages(prefix_path) using defaults
[0.399s] Level 5:colcon.colcon_core.verb:set package 'braccio_description' build argument 'cmake_args' from command line to 'None'
[0.399s] Level 5:colcon.colcon_core.verb:set package 'braccio_description' build argument 'cmake_target' from command line to 'None'
[0.399s] Level 5:colcon.colcon_core.verb:set package 'braccio_description' build argument 'cmake_target_skip_unavailable' from command line to 'False'
[0.399s] Level 5:colcon.colcon_core.verb:set package 'braccio_description' build argument 'cmake_clean_cache' from command line to 'False'
[0.399s] Level 5:colcon.colcon_core.verb:set package 'braccio_description' build argument 'cmake_clean_first' from command line to 'False'
[0.399s] Level 5:colcon.colcon_core.verb:set package 'braccio_description' build argument 'cmake_force_configure' from command line to 'False'
[0.399s] Level 5:colcon.colcon_core.verb:set package 'braccio_description' build argument 'ament_cmake_args' from command line to 'None'
[0.399s] Level 5:colcon.colcon_core.verb:set package 'braccio_description' build argument 'catkin_cmake_args' from command line to 'None'
[0.399s] Level 5:colcon.colcon_core.verb:set package 'braccio_description' build argument 'catkin_skip_building_tests' from command line to 'False'
[0.399s] DEBUG:colcon.colcon_core.verb:Building package 'braccio_description' with the following arguments: {'ament_cmake_args': None, 'build_base': '/home/nero/braccio_ws_fresh/build/braccio_description', 'catkin_cmake_args': None, 'catkin_skip_building_tests': False, 'cmake_args': None, 'cmake_clean_cache': False, 'cmake_clean_first': False, 'cmake_force_configure': False, 'cmake_target': None, 'cmake_target_skip_unavailable': False, 'install_base': '/home/nero/braccio_ws_fresh/install/braccio_description', 'merge_install': False, 'path': '/home/nero/braccio_ws_fresh/src/braccio_description', 'symlink_install': False, 'test_result_base': None}
[0.400s] Level 5:colcon.colcon_core.verb:set package 'braccio_hardware_interface' build argument 'cmake_args' from command line to 'None'
[0.400s] Level 5:colcon.colcon_core.verb:set package 'braccio_hardware_interface' build argument 'cmake_target' from command line to 'None'
[0.400s] Level 5:colcon.colcon_core.verb:set package 'braccio_hardware_interface' build argument 'cmake_target_skip_unavailable' from command line to 'False'
[0.400s] Level 5:colcon.colcon_core.verb:set package 'braccio_hardware_interface' build argument 'cmake_clean_cache' from command line to 'False'
[0.400s] Level 5:colcon.colcon_core.verb:set package 'braccio_hardware_interface' build argument 'cmake_clean_first' from command line to 'False'
[0.400s] Level 5:colcon.colcon_core.verb:set package 'braccio_hardware_interface' build argument 'cmake_force_configure' from command line to 'False'
[0.400s] Level 5:colcon.colcon_core.verb:set package 'braccio_hardware_interface' build argument 'ament_cmake_args' from command line to 'None'
[0.400s] Level 5:colcon.colcon_core.verb:set package 'braccio_hardware_interface' build argument 'catkin_cmake_args' from command line to 'None'
[0.400s] Level 5:colcon.colcon_core.verb:set package 'braccio_hardware_interface' build argument 'catkin_skip_building_tests' from command line to 'False'
[0.400s] DEBUG:colcon.colcon_core.verb:Building package 'braccio_hardware_interface' with the following arguments: {'ament_cmake_args': None, 'build_base': '/home/nero/braccio_ws_fresh/build/braccio_hardware_interface', 'catkin_cmake_args': None, 'catkin_skip_building_tests': False, 'cmake_args': None, 'cmake_clean_cache': False, 'cmake_clean_first': False, 'cmake_force_configure': False, 'cmake_target': None, 'cmake_target_skip_unavailable': False, 'install_base': '/home/nero/braccio_ws_fresh/install/braccio_hardware_interface', 'merge_install': False, 'path': '/home/nero/braccio_ws_fresh/src/braccio_hardware_interface', 'symlink_install': False, 'test_result_base': None}
[0.400s] Level 5:colcon.colcon_core.verb:set package 'braccio_moveit_config_fresh' build argument 'cmake_args' from command line to 'None'
[0.400s] Level 5:colcon.colcon_core.verb:set package 'braccio_moveit_config_fresh' build argument 'cmake_target' from command line to 'None'
[0.400s] Level 5:colcon.colcon_core.verb:set package 'braccio_moveit_config_fresh' build argument 'cmake_target_skip_unavailable' from command line to 'False'
[0.400s] Level 5:colcon.colcon_core.verb:set package 'braccio_moveit_config_fresh' build argument 'cmake_clean_cache' from command line to 'False'
[0.401s] Level 5:colcon.colcon_core.verb:set package 'braccio_moveit_config_fresh' build argument 'cmake_clean_first' from command line to 'False'
[0.401s] Level 5:colcon.colcon_core.verb:set package 'braccio_moveit_config_fresh' build argument 'cmake_force_configure' from command line to 'False'
[0.401s] Level 5:colcon.colcon_core.verb:set package 'braccio_moveit_config_fresh' build argument 'ament_cmake_args' from command line to 'None'
[0.401s] Level 5:colcon.colcon_core.verb:set package 'braccio_moveit_config_fresh' build argument 'catkin_cmake_args' from command line to 'None'
[0.401s] Level 5:colcon.colcon_core.verb:set package 'braccio_moveit_config_fresh' build argument 'catkin_skip_building_tests' from command line to 'False'
[0.401s] DEBUG:colcon.colcon_core.verb:Building package 'braccio_moveit_config_fresh' with the following arguments: {'ament_cmake_args': None, 'build_base': '/home/nero/braccio_ws_fresh/build/braccio_moveit_config_fresh', 'catkin_cmake_args': None, 'catkin_skip_building_tests': False, 'cmake_args': None, 'cmake_clean_cache': False, 'cmake_clean_first': False, 'cmake_force_configure': False, 'cmake_target': None, 'cmake_target_skip_unavailable': False, 'install_base': '/home/nero/braccio_ws_fresh/install/braccio_moveit_config_fresh', 'merge_install': False, 'path': '/home/nero/braccio_ws_fresh/src/braccio_moveit_config_fresh', 'symlink_install': False, 'test_result_base': None}
[0.401s] INFO:colcon.colcon_core.executor:Executing jobs using 'parallel' executor
[0.402s] DEBUG:colcon.colcon_parallel_executor.executor.parallel:run_until_complete
[0.402s] INFO:colcon.colcon_ros.task.ament_cmake.build:Building ROS package in '/home/nero/braccio_ws_fresh/src/braccio_description' with build type 'ament_cmake'
[0.402s] INFO:colcon.colcon_cmake.task.cmake.build:Building CMake package in '/home/nero/braccio_ws_fresh/src/braccio_description'
[0.405s] INFO:colcon.colcon_core.plugin_system:Skipping extension 'colcon_core.shell.bat': Not used on non-Windows systems
[0.405s] INFO:colcon.colcon_core.shell:Skip shell extension 'powershell' for command environment: Not usable outside of PowerShell
[0.405s] DEBUG:colcon.colcon_core.shell:Skip shell extension 'dsv' for command environment
[0.409s] INFO:colcon.colcon_ros.task.ament_python.build:Building ROS package in '/home/nero/braccio_ws_fresh/src/braccio_hardware_interface' with build type 'ament_python'
[0.409s] Level 1:colcon.colcon_core.shell:create_environment_hook('braccio_hardware_interface', 'ament_prefix_path')
[0.409s] INFO:colcon.colcon_core.shell:Creating environment hook '/home/nero/braccio_ws_fresh/install/braccio_hardware_interface/share/braccio_hardware_interface/hook/ament_prefix_path.ps1'
[0.410s] INFO:colcon.colcon_core.shell:Creating environment descriptor '/home/nero/braccio_ws_fresh/install/braccio_hardware_interface/share/braccio_hardware_interface/hook/ament_prefix_path.dsv'
[0.411s] INFO:colcon.colcon_core.shell:Creating environment hook '/home/nero/braccio_ws_fresh/install/braccio_hardware_interface/share/braccio_hardware_interface/hook/ament_prefix_path.sh'
[0.412s] INFO:colcon.colcon_core.shell:Skip shell extension 'powershell' for command environment: Not usable outside of PowerShell
[0.412s] DEBUG:colcon.colcon_core.shell:Skip shell extension 'dsv' for command environment
[0.425s] DEBUG:colcon.colcon_core.event_handler.log_command:Invoking command in '/home/nero/braccio_ws_fresh/build/braccio_description': CMAKE_PREFIX_PATH=${CMAKE_PREFIX_PATH}:/opt/ros/humble:/home/nero/braccio_ws_fresh/install/braccio_hardware_interface VIRTUAL_ENV_PROMPT=(cor_venv) /usr/bin/cmake --build /home/nero/braccio_ws_fresh/build/braccio_description -- -j8 -l8
[0.756s] INFO:colcon.colcon_core.task.python.build:Building Python package in '/home/nero/braccio_ws_fresh/src/braccio_hardware_interface'
[0.757s] INFO:colcon.colcon_core.shell:Skip shell extension 'powershell' for command environment: Not usable outside of PowerShell
[0.757s] DEBUG:colcon.colcon_core.shell:Skip shell extension 'dsv' for command environment
[0.762s] DEBUG:colcon.colcon_core.event_handler.log_command:Invoked command in '/home/nero/braccio_ws_fresh/build/braccio_description' returned '0': CMAKE_PREFIX_PATH=${CMAKE_PREFIX_PATH}:/opt/ros/humble:/home/nero/braccio_ws_fresh/install/braccio_hardware_interface VIRTUAL_ENV_PROMPT=(cor_venv) /usr/bin/cmake --build /home/nero/braccio_ws_fresh/build/braccio_description -- -j8 -l8
[0.771s] DEBUG:colcon.colcon_core.event_handler.log_command:Invoking command in '/home/nero/braccio_ws_fresh/build/braccio_description': CMAKE_PREFIX_PATH=${CMAKE_PREFIX_PATH}:/opt/ros/humble:/home/nero/braccio_ws_fresh/install/braccio_hardware_interface VIRTUAL_ENV_PROMPT=(cor_venv) /usr/bin/cmake --install /home/nero/braccio_ws_fresh/build/braccio_description
[0.795s] Level 1:colcon.colcon_core.environment:create_environment_scripts_only(braccio_description)
[0.795s] DEBUG:colcon.colcon_core.event_handler.log_command:Invoked command in '/home/nero/braccio_ws_fresh/build/braccio_description' returned '0': CMAKE_PREFIX_PATH=${CMAKE_PREFIX_PATH}:/opt/ros/humble:/home/nero/braccio_ws_fresh/install/braccio_hardware_interface VIRTUAL_ENV_PROMPT=(cor_venv) /usr/bin/cmake --install /home/nero/braccio_ws_fresh/build/braccio_description
[0.798s] Level 1:colcon.colcon_core.environment:checking '/home/nero/braccio_ws_fresh/install/braccio_description' for CMake module files
[0.799s] Level 1:colcon.colcon_core.environment:checking '/home/nero/braccio_ws_fresh/install/braccio_description' for CMake config files
[0.799s] Level 1:colcon.colcon_core.shell:create_environment_hook('braccio_description', 'cmake_prefix_path')
[0.799s] INFO:colcon.colcon_core.shell:Creating environment hook '/home/nero/braccio_ws_fresh/install/braccio_description/share/braccio_description/hook/cmake_prefix_path.ps1'
[0.800s] INFO:colcon.colcon_core.shell:Creating environment descriptor '/home/nero/braccio_ws_fresh/install/braccio_description/share/braccio_description/hook/cmake_prefix_path.dsv'
[0.800s] INFO:colcon.colcon_core.shell:Creating environment hook '/home/nero/braccio_ws_fresh/install/braccio_description/share/braccio_description/hook/cmake_prefix_path.sh'
[0.801s] Level 1:colcon.colcon_core.environment:checking '/home/nero/braccio_ws_fresh/install/braccio_description/bin'
[0.801s] Level 1:colcon.colcon_core.environment:checking '/home/nero/braccio_ws_fresh/install/braccio_description/lib/pkgconfig/braccio_description.pc'
[0.801s] Level 1:colcon.colcon_core.environment:checking '/home/nero/braccio_ws_fresh/install/braccio_description/lib/python3.10/site-packages'
[0.801s] Level 1:colcon.colcon_core.environment:checking '/home/nero/braccio_ws_fresh/install/braccio_description/bin'
[0.802s] INFO:colcon.colcon_core.shell:Creating package script '/home/nero/braccio_ws_fresh/install/braccio_description/share/braccio_description/package.ps1'
[0.803s] INFO:colcon.colcon_core.shell:Creating package descriptor '/home/nero/braccio_ws_fresh/install/braccio_description/share/braccio_description/package.dsv'
[0.804s] INFO:colcon.colcon_core.shell:Creating package script '/home/nero/braccio_ws_fresh/install/braccio_description/share/braccio_description/package.sh'
[0.805s] INFO:colcon.colcon_core.shell:Creating package script '/home/nero/braccio_ws_fresh/install/braccio_description/share/braccio_description/package.bash'
[0.806s] INFO:colcon.colcon_core.shell:Creating package script '/home/nero/braccio_ws_fresh/install/braccio_description/share/braccio_description/package.zsh'
[0.806s] Level 1:colcon.colcon_core.environment:create_file_with_runtime_dependencies(/home/nero/braccio_ws_fresh/install/braccio_description/share/colcon-core/packages/braccio_description)
[0.807s] Level 1:colcon.colcon_core.environment:create_environment_scripts_only(braccio_description)
[0.807s] Level 1:colcon.colcon_core.environment:checking '/home/nero/braccio_ws_fresh/install/braccio_description' for CMake module files
[0.808s] Level 1:colcon.colcon_core.environment:checking '/home/nero/braccio_ws_fresh/install/braccio_description' for CMake config files
[0.808s] Level 1:colcon.colcon_core.shell:create_environment_hook('braccio_description', 'cmake_prefix_path')
[0.808s] INFO:colcon.colcon_core.shell:Creating environment hook '/home/nero/braccio_ws_fresh/install/braccio_description/share/braccio_description/hook/cmake_prefix_path.ps1'
[0.809s] INFO:colcon.colcon_core.shell:Creating environment descriptor '/home/nero/braccio_ws_fresh/install/braccio_description/share/braccio_description/hook/cmake_prefix_path.dsv'
[0.809s] INFO:colcon.colcon_core.shell:Creating environment hook '/home/nero/braccio_ws_fresh/install/braccio_description/share/braccio_description/hook/cmake_prefix_path.sh'
[0.810s] Level 1:colcon.colcon_core.environment:checking '/home/nero/braccio_ws_fresh/install/braccio_description/bin'
[0.810s] Level 1:colcon.colcon_core.environment:checking '/home/nero/braccio_ws_fresh/install/braccio_description/lib/pkgconfig/braccio_description.pc'
[0.811s] Level 1:colcon.colcon_core.environment:checking '/home/nero/braccio_ws_fresh/install/braccio_description/lib/python3.10/site-packages'
[0.811s] Level 1:colcon.colcon_core.environment:checking '/home/nero/braccio_ws_fresh/install/braccio_description/bin'
[0.812s] INFO:colcon.colcon_core.shell:Creating package script '/home/nero/braccio_ws_fresh/install/braccio_description/share/braccio_description/package.ps1'
[0.813s] INFO:colcon.colcon_core.shell:Creating package descriptor '/home/nero/braccio_ws_fresh/install/braccio_description/share/braccio_description/package.dsv'
[0.814s] INFO:colcon.colcon_core.shell:Creating package script '/home/nero/braccio_ws_fresh/install/braccio_description/share/braccio_description/package.sh'
[0.815s] INFO:colcon.colcon_core.shell:Creating package script '/home/nero/braccio_ws_fresh/install/braccio_description/share/braccio_description/package.bash'
[0.815s] INFO:colcon.colcon_core.shell:Creating package script '/home/nero/braccio_ws_fresh/install/braccio_description/share/braccio_description/package.zsh'
[0.816s] Level 1:colcon.colcon_core.environment:create_file_with_runtime_dependencies(/home/nero/braccio_ws_fresh/install/braccio_description/share/colcon-core/packages/braccio_description)
[0.816s] INFO:colcon.colcon_ros.task.ament_cmake.build:Building ROS package in '/home/nero/braccio_ws_fresh/src/braccio_moveit_config_fresh' with build type 'ament_cmake'
[0.817s] INFO:colcon.colcon_cmake.task.cmake.build:Building CMake package in '/home/nero/braccio_ws_fresh/src/braccio_moveit_config_fresh'
[0.817s] INFO:colcon.colcon_core.shell:Skip shell extension 'powershell' for command environment: Not usable outside of PowerShell
[0.817s] DEBUG:colcon.colcon_core.shell:Skip shell extension 'dsv' for command environment
[0.834s] DEBUG:colcon.colcon_core.event_handler.log_command:Invoking command in '/home/nero/braccio_ws_fresh/build/braccio_moveit_config_fresh': CMAKE_PREFIX_PATH=/home/nero/braccio_ws_fresh/install/braccio_description:/home/nero/braccio_ws_fresh/install/braccio_moveit_config_fresh:/opt/ros/humble:/home/nero/braccio_ws_fresh/install/braccio_hardware_interface VIRTUAL_ENV_PROMPT=(cor_venv) /usr/bin/cmake --build /home/nero/braccio_ws_fresh/build/braccio_moveit_config_fresh -- -j8 -l8
[0.882s] DEBUG:colcon.colcon_core.event_handler.log_command:Invoked command in '/home/nero/braccio_ws_fresh/build/braccio_moveit_config_fresh' returned '0': CMAKE_PREFIX_PATH=/home/nero/braccio_ws_fresh/install/braccio_description:/home/nero/braccio_ws_fresh/install/braccio_moveit_config_fresh:/opt/ros/humble:/home/nero/braccio_ws_fresh/install/braccio_hardware_interface VIRTUAL_ENV_PROMPT=(cor_venv) /usr/bin/cmake --build /home/nero/braccio_ws_fresh/build/braccio_moveit_config_fresh -- -j8 -l8
[0.884s] DEBUG:colcon.colcon_core.event_handler.log_command:Invoking command in '/home/nero/braccio_ws_fresh/build/braccio_moveit_config_fresh': CMAKE_PREFIX_PATH=/home/nero/braccio_ws_fresh/install/braccio_description:/home/nero/braccio_ws_fresh/install/braccio_moveit_config_fresh:/opt/ros/humble:/home/nero/braccio_ws_fresh/install/braccio_hardware_interface VIRTUAL_ENV_PROMPT=(cor_venv) /usr/bin/cmake --install /home/nero/braccio_ws_fresh/build/braccio_moveit_config_fresh
[0.915s] Level 1:colcon.colcon_core.environment:create_environment_scripts_only(braccio_moveit_config_fresh)
[0.915s] Level 1:colcon.colcon_core.environment:checking '/home/nero/braccio_ws_fresh/install/braccio_moveit_config_fresh' for CMake module files
[0.917s] DEBUG:colcon.colcon_core.event_handler.log_command:Invoked command in '/home/nero/braccio_ws_fresh/build/braccio_moveit_config_fresh' returned '0': CMAKE_PREFIX_PATH=/home/nero/braccio_ws_fresh/install/braccio_description:/home/nero/braccio_ws_fresh/install/braccio_moveit_config_fresh:/opt/ros/humble:/home/nero/braccio_ws_fresh/install/braccio_hardware_interface VIRTUAL_ENV_PROMPT=(cor_venv) /usr/bin/cmake --install /home/nero/braccio_ws_fresh/build/braccio_moveit_config_fresh
[0.917s] Level 1:colcon.colcon_core.environment:checking '/home/nero/braccio_ws_fresh/install/braccio_moveit_config_fresh' for CMake config files
[0.918s] Level 1:colcon.colcon_core.shell:create_environment_hook('braccio_moveit_config_fresh', 'cmake_prefix_path')
[0.918s] INFO:colcon.colcon_core.shell:Creating environment hook '/home/nero/braccio_ws_fresh/install/braccio_moveit_config_fresh/share/braccio_moveit_config_fresh/hook/cmake_prefix_path.ps1'
[0.920s] INFO:colcon.colcon_core.shell:Creating environment descriptor '/home/nero/braccio_ws_fresh/install/braccio_moveit_config_fresh/share/braccio_moveit_config_fresh/hook/cmake_prefix_path.dsv'
[0.921s] INFO:colcon.colcon_core.shell:Creating environment hook '/home/nero/braccio_ws_fresh/install/braccio_moveit_config_fresh/share/braccio_moveit_config_fresh/hook/cmake_prefix_path.sh'
[0.922s] Level 1:colcon.colcon_core.environment:checking '/home/nero/braccio_ws_fresh/install/braccio_moveit_config_fresh/bin'
[0.922s] Level 1:colcon.colcon_core.environment:checking '/home/nero/braccio_ws_fresh/install/braccio_moveit_config_fresh/lib/pkgconfig/braccio_moveit_config_fresh.pc'
[0.923s] Level 1:colcon.colcon_core.environment:checking '/home/nero/braccio_ws_fresh/install/braccio_moveit_config_fresh/lib/python3.10/site-packages'
[0.923s] Level 1:colcon.colcon_core.environment:checking '/home/nero/braccio_ws_fresh/install/braccio_moveit_config_fresh/bin'
[0.924s] INFO:colcon.colcon_core.shell:Creating package script '/home/nero/braccio_ws_fresh/install/braccio_moveit_config_fresh/share/braccio_moveit_config_fresh/package.ps1'
[0.925s] INFO:colcon.colcon_core.shell:Creating package descriptor '/home/nero/braccio_ws_fresh/install/braccio_moveit_config_fresh/share/braccio_moveit_config_fresh/package.dsv'
[0.926s] INFO:colcon.colcon_core.shell:Creating package script '/home/nero/braccio_ws_fresh/install/braccio_moveit_config_fresh/share/braccio_moveit_config_fresh/package.sh'
[0.928s] INFO:colcon.colcon_core.shell:Creating package script '/home/nero/braccio_ws_fresh/install/braccio_moveit_config_fresh/share/braccio_moveit_config_fresh/package.bash'
[0.929s] INFO:colcon.colcon_core.shell:Creating package script '/home/nero/braccio_ws_fresh/install/braccio_moveit_config_fresh/share/braccio_moveit_config_fresh/package.zsh'
[0.929s] Level 1:colcon.colcon_core.environment:create_file_with_runtime_dependencies(/home/nero/braccio_ws_fresh/install/braccio_moveit_config_fresh/share/colcon-core/packages/braccio_moveit_config_fresh)
[0.931s] Level 1:colcon.colcon_core.environment:create_environment_scripts_only(braccio_moveit_config_fresh)
[0.931s] Level 1:colcon.colcon_core.environment:checking '/home/nero/braccio_ws_fresh/install/braccio_moveit_config_fresh' for CMake module files
[0.932s] Level 1:colcon.colcon_core.environment:checking '/home/nero/braccio_ws_fresh/install/braccio_moveit_config_fresh' for CMake config files
[0.933s] Level 1:colcon.colcon_core.shell:create_environment_hook('braccio_moveit_config_fresh', 'cmake_prefix_path')
[0.933s] INFO:colcon.colcon_core.shell:Creating environment hook '/home/nero/braccio_ws_fresh/install/braccio_moveit_config_fresh/share/braccio_moveit_config_fresh/hook/cmake_prefix_path.ps1'
[0.934s] INFO:colcon.colcon_core.shell:Creating environment descriptor '/home/nero/braccio_ws_fresh/install/braccio_moveit_config_fresh/share/braccio_moveit_config_fresh/hook/cmake_prefix_path.dsv'
[0.934s] INFO:colcon.colcon_core.shell:Creating environment hook '/home/nero/braccio_ws_fresh/install/braccio_moveit_config_fresh/share/braccio_moveit_config_fresh/hook/cmake_prefix_path.sh'
[0.935s] Level 1:colcon.colcon_core.environment:checking '/home/nero/braccio_ws_fresh/install/braccio_moveit_config_fresh/bin'
[0.935s] Level 1:colcon.colcon_core.environment:checking '/home/nero/braccio_ws_fresh/install/braccio_moveit_config_fresh/lib/pkgconfig/braccio_moveit_config_fresh.pc'
[0.935s] Level 1:colcon.colcon_core.environment:checking '/home/nero/braccio_ws_fresh/install/braccio_moveit_config_fresh/lib/python3.10/site-packages'
[0.936s] Level 1:colcon.colcon_core.environment:checking '/home/nero/braccio_ws_fresh/install/braccio_moveit_config_fresh/bin'
[0.936s] INFO:colcon.colcon_core.shell:Creating package script '/home/nero/braccio_ws_fresh/install/braccio_moveit_config_fresh/share/braccio_moveit_config_fresh/package.ps1'
[0.937s] INFO:colcon.colcon_core.shell:Creating package descriptor '/home/nero/braccio_ws_fresh/install/braccio_moveit_config_fresh/share/braccio_moveit_config_fresh/package.dsv'
[0.938s] INFO:colcon.colcon_core.shell:Creating package script '/home/nero/braccio_ws_fresh/install/braccio_moveit_config_fresh/share/braccio_moveit_config_fresh/package.sh'
[0.938s] INFO:colcon.colcon_core.shell:Creating package script '/home/nero/braccio_ws_fresh/install/braccio_moveit_config_fresh/share/braccio_moveit_config_fresh/package.bash'
[0.939s] INFO:colcon.colcon_core.shell:Creating package script '/home/nero/braccio_ws_fresh/install/braccio_moveit_config_fresh/share/braccio_moveit_config_fresh/package.zsh'
[0.940s] Level 1:colcon.colcon_core.environment:create_file_with_runtime_dependencies(/home/nero/braccio_ws_fresh/install/braccio_moveit_config_fresh/share/colcon-core/packages/braccio_moveit_config_fresh)
[1.364s] DEBUG:colcon.colcon_core.event_handler.log_command:Invoking command in '/home/nero/braccio_ws_fresh/src/braccio_hardware_interface': PYTHONPATH=/home/nero/braccio_ws_fresh/build/braccio_hardware_interface/prefix_override:/usr/lib/python3/dist-packages/colcon_core/task/python/colcon_distutils_commands:/home/nero/braccio_ws_fresh/install/braccio_hardware_interface/lib/python3.10/site-packages:${PYTHONPATH} VIRTUAL_ENV_PROMPT=(cor_venv) /usr/bin/python3 -W ignore:setup.py install is deprecated -W ignore:easy_install command is deprecated setup.py egg_info --egg-base ../../build/braccio_hardware_interface build --build-base /home/nero/braccio_ws_fresh/build/braccio_hardware_interface/build install --record /home/nero/braccio_ws_fresh/build/braccio_hardware_interface/install.log --single-version-externally-managed install_data
[1.697s] Level 1:colcon.colcon_core.environment:checking '/home/nero/braccio_ws_fresh/install/braccio_hardware_interface' for CMake module files
[1.697s] DEBUG:colcon.colcon_core.event_handler.log_command:Invoked command in '/home/nero/braccio_ws_fresh/src/braccio_hardware_interface' returned '0': PYTHONPATH=/home/nero/braccio_ws_fresh/build/braccio_hardware_interface/prefix_override:/usr/lib/python3/dist-packages/colcon_core/task/python/colcon_distutils_commands:/home/nero/braccio_ws_fresh/install/braccio_hardware_interface/lib/python3.10/site-packages:${PYTHONPATH} VIRTUAL_ENV_PROMPT=(cor_venv) /usr/bin/python3 -W ignore:setup.py install is deprecated -W ignore:easy_install command is deprecated setup.py egg_info --egg-base ../../build/braccio_hardware_interface build --build-base /home/nero/braccio_ws_fresh/build/braccio_hardware_interface/build install --record /home/nero/braccio_ws_fresh/build/braccio_hardware_interface/install.log --single-version-externally-managed install_data
[1.698s] Level 1:colcon.colcon_core.environment:checking '/home/nero/braccio_ws_fresh/install/braccio_hardware_interface' for CMake config files
[1.698s] Level 1:colcon.colcon_core.environment:checking '/home/nero/braccio_ws_fresh/install/braccio_hardware_interface/lib'
[1.698s] Level 1:colcon.colcon_core.environment:checking '/home/nero/braccio_ws_fresh/install/braccio_hardware_interface/bin'
[1.698s] Level 1:colcon.colcon_core.environment:checking '/home/nero/braccio_ws_fresh/install/braccio_hardware_interface/lib/pkgconfig/braccio_hardware_interface.pc'
[1.699s] Level 1:colcon.colcon_core.environment:checking '/home/nero/braccio_ws_fresh/install/braccio_hardware_interface/lib/python3.10/site-packages'
[1.699s] Level 1:colcon.colcon_core.shell:create_environment_hook('braccio_hardware_interface', 'pythonpath')
[1.699s] INFO:colcon.colcon_core.shell:Creating environment hook '/home/nero/braccio_ws_fresh/install/braccio_hardware_interface/share/braccio_hardware_interface/hook/pythonpath.ps1'
[1.700s] INFO:colcon.colcon_core.shell:Creating environment descriptor '/home/nero/braccio_ws_fresh/install/braccio_hardware_interface/share/braccio_hardware_interface/hook/pythonpath.dsv'
[1.700s] INFO:colcon.colcon_core.shell:Creating environment hook '/home/nero/braccio_ws_fresh/install/braccio_hardware_interface/share/braccio_hardware_interface/hook/pythonpath.sh'
[1.700s] Level 1:colcon.colcon_core.environment:checking '/home/nero/braccio_ws_fresh/install/braccio_hardware_interface/bin'
[1.700s] Level 1:colcon.colcon_core.environment:create_environment_scripts_only(braccio_hardware_interface)
[1.701s] INFO:colcon.colcon_core.shell:Creating package script '/home/nero/braccio_ws_fresh/install/braccio_hardware_interface/share/braccio_hardware_interface/package.ps1'
[1.701s] INFO:colcon.colcon_core.shell:Creating package descriptor '/home/nero/braccio_ws_fresh/install/braccio_hardware_interface/share/braccio_hardware_interface/package.dsv'
[1.702s] INFO:colcon.colcon_core.shell:Creating package script '/home/nero/braccio_ws_fresh/install/braccio_hardware_interface/share/braccio_hardware_interface/package.sh'
[1.702s] INFO:colcon.colcon_core.shell:Creating package script '/home/nero/braccio_ws_fresh/install/braccio_hardware_interface/share/braccio_hardware_interface/package.bash'
[1.702s] INFO:colcon.colcon_core.shell:Creating package script '/home/nero/braccio_ws_fresh/install/braccio_hardware_interface/share/braccio_hardware_interface/package.zsh'
[1.703s] Level 1:colcon.colcon_core.environment:create_file_with_runtime_dependencies(/home/nero/braccio_ws_fresh/install/braccio_hardware_interface/share/colcon-core/packages/braccio_hardware_interface)
[1.703s] DEBUG:colcon.colcon_parallel_executor.executor.parallel:closing loop
[1.703s] DEBUG:colcon.colcon_parallel_executor.executor.parallel:loop closed
[1.703s] DEBUG:colcon.colcon_parallel_executor.executor.parallel:run_until_complete finished with '0'
[1.704s] DEBUG:colcon.colcon_core.event_reactor:joining thread
[1.708s] INFO:colcon.colcon_core.plugin_system:Skipping extension 'colcon_notification.desktop_notification.terminal_notifier': Not used on non-Darwin systems
[1.708s] INFO:colcon.colcon_core.plugin_system:Skipping extension 'colcon_notification.desktop_notification.win32': Not used on non-Windows systems
[1.708s] INFO:colcon.colcon_notification.desktop_notification:Sending desktop notification using 'notify2'
[1.723s] DEBUG:colcon.colcon_core.event_reactor:joined thread
[1.724s] INFO:colcon.colcon_core.shell:Creating prefix script '/home/nero/braccio_ws_fresh/install/local_setup.ps1'
[1.726s] INFO:colcon.colcon_core.shell:Creating prefix util module '/home/nero/braccio_ws_fresh/install/_local_setup_util_ps1.py'
[1.729s] INFO:colcon.colcon_core.shell:Creating prefix chain script '/home/nero/braccio_ws_fresh/install/setup.ps1'
[1.733s] INFO:colcon.colcon_core.shell:Creating prefix script '/home/nero/braccio_ws_fresh/install/local_setup.sh'
[1.734s] INFO:colcon.colcon_core.shell:Creating prefix util module '/home/nero/braccio_ws_fresh/install/_local_setup_util_sh.py'
[1.735s] INFO:colcon.colcon_core.shell:Creating prefix chain script '/home/nero/braccio_ws_fresh/install/setup.sh'
[1.737s] INFO:colcon.colcon_core.shell:Creating prefix script '/home/nero/braccio_ws_fresh/install/local_setup.bash'
[1.737s] INFO:colcon.colcon_core.shell:Creating prefix chain script '/home/nero/braccio_ws_fresh/install/setup.bash'
[1.738s] INFO:colcon.colcon_core.shell:Creating prefix script '/home/nero/braccio_ws_fresh/install/local_setup.zsh'
[1.739s] INFO:colcon.colcon_core.shell:Creating prefix chain script '/home/nero/braccio_ws_fresh/install/setup.zsh'
