[0.022s] Invoking command in '/home/nero/braccio_ws_fresh/build/braccio_description': CMAKE_PREFIX_PATH=${CMAKE_PREFIX_PATH}:/opt/ros/humble:/home/nero/braccio_ws_fresh/install/braccio_hardware_interface VIRTUAL_ENV_PROMPT=(cor_venv) /usr/bin/cmake /home/nero/braccio_ws_fresh/src/braccio_description -DAMENT_CMAKE_SYMLINK_INSTALL=1 -DCMAKE_INSTALL_PREFIX=/home/nero/braccio_ws_fresh/install/braccio_description
[0.047s] -- Found ament_cmake: 1.3.11 (/opt/ros/humble/share/ament_cmake/cmake)
[0.199s] -- Override CMake install command with custom implementation using symlinks instead of copying resources
[0.221s] -- Found ament_lint_auto: 0.12.11 (/opt/ros/humble/share/ament_lint_auto/cmake)
[0.351s] -- Added test 'flake8' to check Python code syntax and style conventions
[0.352s] -- Added test 'lint_cmake' to check CMake code style
[0.353s] -- Added test 'pep257' to check Python code against some of the docstring style conventions in PEP 257
[0.356s] -- Added test 'xmllint' to check XML markup files
[0.359s] -- Configuring done
[0.367s] -- Generating done
[0.370s] -- Build files have been written to: /home/nero/braccio_ws_fresh/build/braccio_description
[0.442s] Invoked command in '/home/nero/braccio_ws_fresh/build/braccio_description' returned '0': CMAKE_PREFIX_PATH=${CMAKE_PREFIX_PATH}:/opt/ros/humble:/home/nero/braccio_ws_fresh/install/braccio_hardware_interface VIRTUAL_ENV_PROMPT=(cor_venv) /usr/bin/cmake /home/nero/braccio_ws_fresh/src/braccio_description -DAMENT_CMAKE_SYMLINK_INSTALL=1 -DCMAKE_INSTALL_PREFIX=/home/nero/braccio_ws_fresh/install/braccio_description
[0.444s] Invoking command in '/home/nero/braccio_ws_fresh/build/braccio_description': CMAKE_PREFIX_PATH=${CMAKE_PREFIX_PATH}:/opt/ros/humble:/home/nero/braccio_ws_fresh/install/braccio_hardware_interface VIRTUAL_ENV_PROMPT=(cor_venv) /usr/bin/cmake --build /home/nero/braccio_ws_fresh/build/braccio_description -- -j8 -l8
[0.486s] Invoked command in '/home/nero/braccio_ws_fresh/build/braccio_description' returned '0': CMAKE_PREFIX_PATH=${CMAKE_PREFIX_PATH}:/opt/ros/humble:/home/nero/braccio_ws_fresh/install/braccio_hardware_interface VIRTUAL_ENV_PROMPT=(cor_venv) /usr/bin/cmake --build /home/nero/braccio_ws_fresh/build/braccio_description -- -j8 -l8
[0.496s] Invoking command in '/home/nero/braccio_ws_fresh/build/braccio_description': CMAKE_PREFIX_PATH=${CMAKE_PREFIX_PATH}:/opt/ros/humble:/home/nero/braccio_ws_fresh/install/braccio_hardware_interface VIRTUAL_ENV_PROMPT=(cor_venv) /usr/bin/cmake --install /home/nero/braccio_ws_fresh/build/braccio_description
[0.503s] -- Install configuration: ""
[0.504s] -- Execute custom install script
[0.504s] -- Up-to-date symlink: /home/nero/braccio_ws_fresh/install/braccio_description/share/ament_index/resource_index/package_run_dependencies/braccio_description
[0.504s] -- Up-to-date symlink: /home/nero/braccio_ws_fresh/install/braccio_description/share/ament_index/resource_index/parent_prefix_path/braccio_description
[0.504s] -- Up-to-date symlink: /home/nero/braccio_ws_fresh/install/braccio_description/share/braccio_description/environment/ament_prefix_path.sh
[0.504s] -- Up-to-date symlink: /home/nero/braccio_ws_fresh/install/braccio_description/share/braccio_description/environment/ament_prefix_path.dsv
[0.505s] -- Up-to-date symlink: /home/nero/braccio_ws_fresh/install/braccio_description/share/braccio_description/environment/path.sh
[0.505s] -- Up-to-date symlink: /home/nero/braccio_ws_fresh/install/braccio_description/share/braccio_description/environment/path.dsv
[0.505s] -- Up-to-date symlink: /home/nero/braccio_ws_fresh/install/braccio_description/share/braccio_description/local_setup.bash
[0.505s] -- Up-to-date symlink: /home/nero/braccio_ws_fresh/install/braccio_description/share/braccio_description/local_setup.sh
[0.505s] -- Up-to-date symlink: /home/nero/braccio_ws_fresh/install/braccio_description/share/braccio_description/local_setup.zsh
[0.505s] -- Up-to-date symlink: /home/nero/braccio_ws_fresh/install/braccio_description/share/braccio_description/local_setup.dsv
[0.505s] -- Symlinking: /home/nero/braccio_ws_fresh/install/braccio_description/share/braccio_description/package.dsv
[0.519s] -- Up-to-date symlink: /home/nero/braccio_ws_fresh/install/braccio_description/share/ament_index/resource_index/packages/braccio_description
[0.519s] -- Up-to-date symlink: /home/nero/braccio_ws_fresh/install/braccio_description/share/braccio_description/cmake/braccio_descriptionConfig.cmake
[0.519s] -- Up-to-date symlink: /home/nero/braccio_ws_fresh/install/braccio_description/share/braccio_description/cmake/braccio_descriptionConfig-version.cmake
[0.519s] -- Up-to-date symlink: /home/nero/braccio_ws_fresh/install/braccio_description/share/braccio_description/package.xml
[0.520s] -- Up-to-date symlink: /home/nero/braccio_ws_fresh/install/braccio_description/share/braccio_description/stl/OAK-D.stl
[0.520s] -- Up-to-date symlink: /home/nero/braccio_ws_fresh/install/braccio_description/share/braccio_description/stl/braccio_base.stl
[0.520s] -- Up-to-date symlink: /home/nero/braccio_ws_fresh/install/braccio_description/share/braccio_description/stl/braccio_elbow.stl
[0.521s] -- Up-to-date symlink: /home/nero/braccio_ws_fresh/install/braccio_description/share/braccio_description/stl/braccio_left_gripper.stl
[0.521s] -- Up-to-date symlink: /home/nero/braccio_ws_fresh/install/braccio_description/share/braccio_description/stl/braccio_right_gripper.stl
[0.521s] -- Up-to-date symlink: /home/nero/braccio_ws_fresh/install/braccio_description/share/braccio_description/stl/braccio_shoulder.stl
[0.521s] -- Up-to-date symlink: /home/nero/braccio_ws_fresh/install/braccio_description/share/braccio_description/stl/braccio_wrist_pitch.stl
[0.521s] -- Up-to-date symlink: /home/nero/braccio_ws_fresh/install/braccio_description/share/braccio_description/stl/braccio_wrist_roll.stl
[0.521s] -- Up-to-date symlink: /home/nero/braccio_ws_fresh/install/braccio_description/share/braccio_description/urdf/braccio_arm.xacro
[0.521s] -- Up-to-date symlink: /home/nero/braccio_ws_fresh/install/braccio_description/share/braccio_description/urdf/braccio_arm.xacro.urdf
[0.522s] -- Up-to-date symlink: /home/nero/braccio_ws_fresh/install/braccio_description/share/braccio_description/rviz/urdf.rviz
[0.522s] -- Up-to-date symlink: /home/nero/braccio_ws_fresh/install/braccio_description/share/braccio_description/launch/display.launch.py
[0.525s] Invoked command in '/home/nero/braccio_ws_fresh/build/braccio_description' returned '0': CMAKE_PREFIX_PATH=${CMAKE_PREFIX_PATH}:/opt/ros/humble:/home/nero/braccio_ws_fresh/install/braccio_hardware_interface VIRTUAL_ENV_PROMPT=(cor_venv) /usr/bin/cmake --install /home/nero/braccio_ws_fresh/build/braccio_description
